#
# There is insufficient memory for the Java Runtime Environment to continue.
# Native memory allocation (mmap) failed to map 266338304 bytes for Failed to commit area from 0x0000000703a00000 to 0x0000000713800000 of length 266338304.
# Possible reasons:
#   The system is out of physical RAM or swap space
#   The process is running with CompressedOops enabled, and the Java Heap may be blocking the growth of the native heap
# Possible solutions:
#   Reduce memory load on the system
#   Increase physical memory or swap space
#   Check if swap backing store is full
#   Decrease Java heap size (-Xmx/-Xms)
#   Decrease number of Java threads
#   Decrease Java thread stack sizes (-Xss)
#   Set larger code cache with -XX:ReservedCodeCacheSize=
# This output file may be truncated or incomplete.
#
#  Out of Memory Error (src/hotspot/os/windows/os_windows.cpp:3627), pid=21800, tid=112
#
# JRE version:  (11.0.15) (build )
# Java VM: OpenJDK 64-Bit Server VM (11.0.15+0-b2043.56-9505619, mixed mode, sharing, tiered, compressed oops, g1 gc, windows-amd64)
# No core dump will be written. Minidumps are not enabled by default on client versions of Windows
#

---------------  S U M M A R Y ------------

Command Line: org.jetbrains.kotlin.cli.jvm.K2JVMCompiler @E:\Mobile Apps\HomeWork\HomeWork\app\build\20230401_8377711992862327427.compiler.options

Host: 11th Gen Intel(R) Core(TM) i7-1165G7 @ 2.80GHz, 8 cores, 15G,  Windows 11 , 64 bit Build 22621 (10.0.22621.1344)
Time: Sat Apr  1 23:03:07 2023 India Standard Time elapsed time: 0.013848 seconds (0d 0h 0m 0s)

---------------  T H R E A D  ---------------

Current thread (0x000001df5f0c5000):  JavaThread "Unknown thread" [_thread_in_vm, id=112, stack(0x000000d453d00000,0x000000d453e00000)]

Stack: [0x000000d453d00000,0x000000d453e00000]
Native frames: (J=compiled Java code, j=interpreted, Vv=VM code, C=native code)
V  [jvm.dll+0x64135a]
V  [jvm.dll+0x7d39f9]
V  [jvm.dll+0x7d51b9]
V  [jvm.dll+0x7d58a3]
V  [jvm.dll+0x2691c5]
V  [jvm.dll+0x63e4e9]
V  [jvm.dll+0x632985]
V  [jvm.dll+0x3231ac]
V  [jvm.dll+0x323032]
V  [jvm.dll+0x327c06]
V  [jvm.dll+0x36ffa2]
V  [jvm.dll+0x36fa01]
V  [jvm.dll+0x2fea28]
V  [jvm.dll+0x2ffb25]
V  [jvm.dll+0x7accd7]
V  [jvm.dll+0x7ae49f]
V  [jvm.dll+0x37d299]
V  [jvm.dll+0x78ef9f]
V  [jvm.dll+0x3ec847]
V  [jvm.dll+0x3eed31]
C  [jli.dll+0x52cb]
C  [ucrtbase.dll+0x29363]
C  [KERNEL32.DLL+0x126bd]
C  [ntdll.dll+0x5a9f8]


---------------  P R O C E S S  ---------------

Threads class SMR info:
_java_thread_list=0x000001df5cf26710, length=0, elements={
}

Java Threads: ( => current thread )

Other Threads:
  0x000001df5cffc000 GCTaskThread "GC Thread#0" [stack: 0x000000d453e00000,0x000000d453f00000] [id=22760]
  0x000001df5f137000 ConcurrentGCThread "G1 Main Marker" [stack: 0x000000d453f00000,0x000000d454000000] [id=19664]
  0x000001df5f139800 ConcurrentGCThread "G1 Conc#0" [stack: 0x000000d454000000,0x000000d454100000] [id=17176]

[error occurred during error reporting (printing all threads), id 0xc0000005, EXCEPTION_ACCESS_VIOLATION (0xc0000005) at pc=0x00007ffb0710f3e7]

VM state:not at safepoint (not fully initialized)

VM Mutex/Monitor currently owned by a thread:  ([mutex/lock_event])
[0x000001df5f0c2a50] Heap_lock - owner thread: 0x000001df5f0c5000

Heap address: 0x0000000703a00000, size: 4038 MB, Compressed Oops mode: Non-zero based: 0x0000000703a00000
Narrow klass base: 0x0000000000000000, Narrow klass shift: 0

GC Heap History (0 events):
No events

Deoptimization events (0 events):
No events

Classes redefined (0 events):
No events

Internal exceptions (0 events):
No events

Events (1 events):
Event: 0.010 Loaded shared library C:\Program Files\Android\Android Studio\jbr\bin\zip.dll


Dynamic libraries:
0x00007ff7f3710000 - 0x00007ff7f371a000 	C:\Program Files\Android\Android Studio\jbr\bin\java.exe
0x00007ffbbc8b0000 - 0x00007ffbbcac4000 	C:\WINDOWS\SYSTEM32\ntdll.dll
0x00007ffbbb630000 - 0x00007ffbbb6f3000 	C:\WINDOWS\System32\KERNEL32.DLL
0x00007ffbba020000 - 0x00007ffbba3bc000 	C:\WINDOWS\System32\KERNELBASE.dll
0x00007ffbb9d40000 - 0x00007ffbb9e51000 	C:\WINDOWS\System32\ucrtbase.dll
0x00007ffb71c70000 - 0x00007ffb71c8b000 	C:\Program Files\Android\Android Studio\jbr\bin\VCRUNTIME140.dll
0x00007ffb79af0000 - 0x00007ffb79b07000 	C:\Program Files\Android\Android Studio\jbr\bin\jli.dll
0x00007ffbbc690000 - 0x00007ffbbc83d000 	C:\WINDOWS\System32\USER32.dll
0x00007ffbba530000 - 0x00007ffbba556000 	C:\WINDOWS\System32\win32u.dll
0x00007ffb9a9e0000 - 0x00007ffb9ac6e000 	C:\WINDOWS\WinSxS\amd64_microsoft.windows.common-controls_6595b64144ccf1df_6.0.22621.608_none_a9444ca7c10bb01d\COMCTL32.dll
0x00007ffbbb480000 - 0x00007ffbbb4a9000 	C:\WINDOWS\System32\GDI32.dll
0x00007ffbbb920000 - 0x00007ffbbb9c7000 	C:\WINDOWS\System32\msvcrt.dll
0x00007ffbb9e60000 - 0x00007ffbb9f73000 	C:\WINDOWS\System32\gdi32full.dll
0x00007ffbb9f80000 - 0x00007ffbba01a000 	C:\WINDOWS\System32\msvcp_win.dll
0x00007ffbba910000 - 0x00007ffbba941000 	C:\WINDOWS\System32\IMM32.DLL
0x00007ffb79d70000 - 0x00007ffb79d7c000 	C:\Program Files\Android\Android Studio\jbr\bin\vcruntime140_1.dll
0x00007ffb62330000 - 0x00007ffb623bd000 	C:\Program Files\Android\Android Studio\jbr\bin\msvcp140.dll
0x00007ffb06e00000 - 0x00007ffb079bc000 	C:\Program Files\Android\Android Studio\jbr\bin\server\jvm.dll
0x00007ffbba690000 - 0x00007ffbba73e000 	C:\WINDOWS\System32\ADVAPI32.dll
0x00007ffbbb160000 - 0x00007ffbbb204000 	C:\WINDOWS\System32\sechost.dll
0x00007ffbbb9d0000 - 0x00007ffbbbae5000 	C:\WINDOWS\System32\RPCRT4.dll
0x00007ffbbc030000 - 0x00007ffbbc038000 	C:\WINDOWS\System32\PSAPI.DLL
0x00007ffbb02f0000 - 0x00007ffbb0324000 	C:\WINDOWS\SYSTEM32\WINMM.dll
0x00007ffb818c0000 - 0x00007ffb818c9000 	C:\WINDOWS\SYSTEM32\WSOCK32.dll
0x00007ffbae510000 - 0x00007ffbae51a000 	C:\WINDOWS\SYSTEM32\VERSION.dll
0x00007ffbbb4b0000 - 0x00007ffbbb521000 	C:\WINDOWS\System32\WS2_32.dll
0x00007ffbb8de0000 - 0x00007ffbb8df8000 	C:\WINDOWS\SYSTEM32\kernel.appcore.dll
0x00007ffbb6590000 - 0x00007ffbb65a0000 	C:\Program Files\Android\Android Studio\jbr\bin\verify.dll
0x00007ffbb7650000 - 0x00007ffbb787e000 	C:\WINDOWS\SYSTEM32\DBGHELP.DLL
0x00007ffbbbaf0000 - 0x00007ffbbbe79000 	C:\WINDOWS\System32\combase.dll
0x00007ffbbb210000 - 0x00007ffbbb2e7000 	C:\WINDOWS\System32\OLEAUT32.dll
0x00007ffb97f30000 - 0x00007ffb97f62000 	C:\WINDOWS\SYSTEM32\dbgcore.DLL
0x00007ffbb9cc0000 - 0x00007ffbb9d3b000 	C:\WINDOWS\System32\bcryptPrimitives.dll
0x00007ffbb6500000 - 0x00007ffbb6528000 	C:\Program Files\Android\Android Studio\jbr\bin\java.dll
0x00007ffbb64f0000 - 0x00007ffbb64fa000 	C:\Program Files\Android\Android Studio\jbr\bin\jimage.dll
0x00007ffb9d260000 - 0x00007ffb9d278000 	C:\Program Files\Android\Android Studio\jbr\bin\zip.dll

dbghelp: loaded successfully - version: 4.0.5 - missing functions: none
symbol engine: initialized successfully - sym options: 0x614 - pdb path: .;C:\Program Files\Android\Android Studio\jbr\bin;C:\WINDOWS\SYSTEM32;C:\WINDOWS\WinSxS\amd64_microsoft.windows.common-controls_6595b64144ccf1df_6.0.22621.608_none_a9444ca7c10bb01d;C:\Program Files\Android\Android Studio\jbr\bin\server

VM Arguments:
java_command: org.jetbrains.kotlin.cli.jvm.K2JVMCompiler @E:\Mobile Apps\HomeWork\HomeWork\app\build\20230401_8377711992862327427.compiler.options
java_class_path (initial): C:\Users\hp\.gradle\caches\modules-2\files-2.1\org.jetbrains.kotlin\kotlin-compiler-embeddable\1.7.10\909803167c98606fcf22b4c848647c68e351d48d\kotlin-compiler-embeddable-1.7.10.jar;C:\Users\hp\.gradle\caches\modules-2\files-2.1\org.jetbrains.kotlin\kotlin-reflect\1.7.10\165e600dfea6185cf5efa700756294cc4904dbeb\kotlin-reflect-1.7.10.jar;C:\Users\hp\.gradle\caches\modules-2\files-2.1\org.jetbrains.kotlin\kotlin-stdlib\1.7.10\d2abf9e77736acc4450dc4a3f707fa2c10f5099d\kotlin-stdlib-1.7.10.jar;C:\Users\hp\.gradle\caches\modules-2\files-2.1\org.jetbrains.kotlin\kotlin-script-runtime\1.7.10\c99c87a6988d8fd8d5142e9ed5c9f34a7cf561ee\kotlin-script-runtime-1.7.10.jar;C:\Users\hp\.gradle\caches\modules-2\files-2.1\org.jetbrains.kotlin\kotlin-daemon-embeddable\1.7.10\3a9f7aef7080d3ae63126cbba4f827ed664f32fa\kotlin-daemon-embeddable-1.7.10.jar;C:\Users\hp\.gradle\caches\modules-2\files-2.1\org.jetbrains.intellij.deps\trove4j\1.0.20200330\3afb14d5f9ceb459d724e907a21145e8ff394f02\trove4j-1.0.20200330.jar;C:\Users\hp\.gradle\caches\modules-2\files-2.1\net.java.dev.jna\jna\5.6.0\330f2244e9030119ab3030fc3fededc86713d9cc\jna-5.6.0.jar;C:\Users\hp\.gradle\caches\modules-2\files-2.1\org.jetbrains.kotlin\kotlin-stdlib-common\1.7.10\bac80c520d0a9e3f3673bc2658c6ed02ef45a76a\kotlin-stdlib-common-1.7.10.jar;C:\Users\hp\.gradle\caches\modules-2\files-2.1\org.jetbrains\annotations\13.0\919f0dfe192fb4e063e7dacadee7f8bb9a2672a9\annotations-13.0.jar
Launcher Type: SUN_STANDARD

[Global flags]
     intx CICompilerCount                          = 4                                         {product} {ergonomic}
     uint ConcGCThreads                            = 2                                         {product} {ergonomic}
     uint G1ConcRefinementThreads                  = 8                                         {product} {ergonomic}
   size_t G1HeapRegionSize                         = 1048576                                   {product} {ergonomic}
    uintx GCDrainStackTargetSize                   = 64                                        {product} {ergonomic}
   size_t InitialHeapSize                          = 266338304                                 {product} {ergonomic}
   size_t MarkStackSize                            = 4194304                                   {product} {ergonomic}
   size_t MaxHeapSize                              = 4234149888                                {product} {ergonomic}
   size_t MinHeapDeltaBytes                        = 1048576                                   {product} {ergonomic}
    uintx NonNMethodCodeHeapSize                   = 5836300                                {pd product} {ergonomic}
    uintx NonProfiledCodeHeapSize                  = 122910970                              {pd product} {ergonomic}
    uintx ProfiledCodeHeapSize                     = 122910970                              {pd product} {ergonomic}
    uintx ReservedCodeCacheSize                    = 251658240                              {pd product} {ergonomic}
     bool SegmentedCodeCache                       = true                                      {product} {ergonomic}
     bool UseCompressedClassPointers               = true                                 {lp64_product} {ergonomic}
     bool UseCompressedOops                        = true                                 {lp64_product} {ergonomic}
     bool UseG1GC                                  = true                                      {product} {ergonomic}
     bool UseLargePagesIndividualAllocation        = false                                  {pd product} {ergonomic}

Logging:
Log output configuration:
 #0: stdout all=warning uptime,level,tags
 #1: stderr all=off uptime,level,tags

Environment Variables:
JAVA_HOME=C:\Program Files\Java\jdk-15.0.2
PATH=E:\DevSuiteHome_1\jdk\jre\bin\client;E:\DevSuiteHome_1\jlib;E:\DevSuiteHome_1\bin;E:\DevSuiteHome_1\jre\1.4.2\bin\client;E:\DevSuiteHome_1\jre\1.4.2\bin;C:\oraclexe\app\oracle\product\11.2.0\server\bin;C:\Oracle\DB\bin;C:\Program Files\Common Files\Oracle\Java\javapath;C:\Program Files (x86)\Common Files\Oracle\Java\javapath;C:\Python39\Scripts\;C:\Python39\;C:\WINDOWS\system32;C:\WINDOWS;C:\WINDOWS\System32\Wbem;C:\WINDOWS\System32\WindowsPowerShell\v1.0\;C:\WINDOWS\System32\OpenSSH\;C:\Program Files\Microsoft SQL Server\130\Tools\Binn\;C:\Program Files\Microsoft SQL Server\Client SDK\ODBC\170\Tools\Binn\;C:\Program Files (x86)\Microsoft SQL Server\150\Tools\Binn\;C:\Program Files\Microsoft SQL Server\150\Tools\Binn\;C:\Program Files\Microsoft SQL Server\150\DTS\Binn\;C:\Program Files (x86)\Microsoft SQL Server\150\DTS\Binn\;C:\Program Files\Azure Data Studio\bin;C:\ProgramData\chocolatey\bin;C:\Program Files\dotnet\;C:\Program Files (x86)\dotnet\;C:\Program Files\nodejs\;C:\Program Files\Git\cmd;C:\Program Files\Azure Data Studio\bin;C:\Users\hp\AppData\Local\Android\Sdk\platform-tools;C:\Program Files\nodejs;C:\Users\hp\.dotnet\tools;C:\Program Files\Java\jdk-16.0.2\bin;C:\Users\hp\AppData\Roaming\npm;C:\Users\hp\AppData\Local\Microsoft\WindowsApps;C:\Users\hp\AppData\Local\Programs\Microsoft VS Code\bin
USERNAME=hp
OS=Windows_NT
PROCESSOR_IDENTIFIER=Intel64 Family 6 Model 140 Stepping 1, GenuineIntel



---------------  S Y S T E M  ---------------

OS: Windows 11 , 64 bit Build 22621 (10.0.22621.1344)
OS uptime: 0 days 7:10 hours
Hyper-V role detected

CPU:total 8 (initial active 8) (4 cores per cpu, 2 threads per core) family 6 model 140 stepping 1 microcode 0xa4, cmov, cx8, fxsr, mmx, sse, sse2, sse3, ssse3, sse4.1, sse4.2, popcnt, avx, avx2, aes, clmul, erms, 3dnowpref, lzcnt, ht, tsc, tscinvbit, bmi1, bmi2, adx, evex, sha, fma

Memory: 4k page, system-wide physical 16149M (1956M free)
TotalPageFile size 20149M (AvailPageFile size 160M)
current process WorkingSet (physical memory assigned to process): 11M, peak: 11M
current process commit charge ("private bytes"): 60M, peak: 314M

vm_info: OpenJDK 64-Bit Server VM (11.0.15+0-b2043.56-9505619) for windows-amd64 JRE (11.0.15+0-b2043.56-9505619), built on Jan 19 2023 02:48:00 by "builduser" with unknown MS VC++:1929

END.
