#
# There is insufficient memory for the Java Runtime Environment to continue.
# Native memory allocation (mmap) failed to map 53477376 bytes for Failed to commit area from 0x0000000713800000 to 0x0000000716b00000 of length 53477376.
# Possible reasons:
#   The system is out of physical RAM or swap space
#   The process is running with CompressedOops enabled, and the Java Heap may be blocking the growth of the native heap
# Possible solutions:
#   Reduce memory load on the system
#   Increase physical memory or swap space
#   Check if swap backing store is full
#   Decrease Java heap size (-Xmx/-Xms)
#   Decrease number of Java threads
#   Decrease Java thread stack sizes (-Xss)
#   Set larger code cache with -XX:ReservedCodeCacheSize=
#   JVM is running with Zero Based Compressed Oops mode in which the Java heap is
#     placed in the first 32GB address space. The Java Heap base address is the
#     maximum limit for the native heap growth. Please use -XX:HeapBaseMinAddress
#     to set the Java Heap base and to place the Java Heap above 32GB virtual address.
# This output file may be truncated or incomplete.
#
#  Out of Memory Error (src/hotspot/os/windows/os_windows.cpp:3627), pid=21716, tid=20868
#
# JRE version: OpenJDK Runtime Environment (11.0.15) (build 11.0.15+0-b2043.56-9505619)
# Java VM: OpenJDK 64-Bit Server VM (11.0.15+0-b2043.56-9505619, mixed mode, tiered, compressed oops, g1 gc, windows-amd64)
# No core dump will be written. Minidumps are not enabled by default on client versions of Windows
#

---------------  S U M M A R Y ------------

Command Line: org.jetbrains.kotlin.cli.jvm.K2JVMCompiler @E:\Mobile Apps\HomeWork\HomeWork\app\build\20230401_252626772150059432.compiler.options

Host: 11th Gen Intel(R) Core(TM) i7-1165G7 @ 2.80GHz, 8 cores, 15G,  Windows 11 , 64 bit Build 22621 (10.0.22621.1344)
Time: Sat Apr  1 23:02:15 2023 India Standard Time elapsed time: 2.540795 seconds (0d 0h 0m 2s)

---------------  T H R E A D  ---------------

Current thread (0x000001847f9cf800):  VMThread "VM Thread" [stack: 0x0000000161400000,0x0000000161500000] [id=20868]

Stack: [0x0000000161400000,0x0000000161500000]
[error occurred during error reporting (printing stack bounds), id 0xc0000005, EXCEPTION_ACCESS_VIOLATION (0xc0000005) at pc=0x0000018403a512e7]

Native frames: (J=compiled Java code, j=interpreted, Vv=VM code, C=native code)
V  [jvm.dll+0x64135a]
V  [jvm.dll+0x7d39f9]
V  [jvm.dll+0x7d51b9]
V  [jvm.dll+0x7d5805]
V  [jvm.dll+0x7d57bb]
V  [jvm.dll+0x640655]
V  [jvm.dll+0x640d68]
C  [ntdll.dll+0xa3cff]
C  [ntdll.dll+0x1e456]
C  [ntdll.dll+0xa2cee]
C  0x0000018403a512e7

VM_Operation (0x0000000160efa540): CollectForMetadataAllocation, mode: safepoint, requested by thread 0x000001847d28e000


---------------  P R O C E S S  ---------------

Threads class SMR info:
_java_thread_list=0x000001841ea79b60, length=12, elements={
0x000001847d28e000, 0x000001847f9e3800, 0x000001847f9e8800, 0x000001847faa3000,
0x000001847faa4000, 0x000001847fae8800, 0x000001847faeb000, 0x000001847fafa000,
0x000001847fb0f000, 0x000001847fc93000, 0x000001847fc8d800, 0x00000184206c7000
}

Java Threads: ( => current thread )
  0x000001847d28e000 JavaThread "main" [_thread_blocked, id=22080, stack(0x0000000160e00000,0x0000000160f00000)]
  0x000001847f9e3800 JavaThread "Reference Handler" daemon [_thread_blocked, id=8916, stack(0x0000000161500000,0x0000000161600000)]
  0x000001847f9e8800 JavaThread "Finalizer" daemon [_thread_blocked, id=17908, stack(0x0000000161600000,0x0000000161700000)]
  0x000001847faa3000 JavaThread "Signal Dispatcher" daemon [_thread_blocked, id=5272, stack(0x0000000161700000,0x0000000161800000)]
  0x000001847faa4000 JavaThread "Attach Listener" daemon [_thread_blocked, id=5016, stack(0x0000000161800000,0x0000000161900000)]
  0x000001847fae8800 JavaThread "Service Thread" daemon [_thread_blocked, id=2248, stack(0x0000000161900000,0x0000000161a00000)]
  0x000001847faeb000 JavaThread "C2 CompilerThread0" daemon [_thread_blocked, id=4732, stack(0x0000000161a00000,0x0000000161b00000)]
  0x000001847fafa000 JavaThread "C1 CompilerThread0" daemon [_thread_blocked, id=7736, stack(0x0000000161b00000,0x0000000161c00000)]
  0x000001847fb0f000 JavaThread "Sweeper thread" daemon [_thread_blocked, id=2500, stack(0x0000000161c00000,0x0000000161d00000)]
  0x000001847fc93000 JavaThread "Common-Cleaner" daemon [_thread_blocked, id=14116, stack(0x0000000161e00000,0x0000000161f00000)]
  0x000001847fc8d800 JavaThread "C2 CompilerThread1" daemon [_thread_blocked, id=7172, stack(0x0000000161f00000,0x0000000162000000)]
  0x00000184206c7000 JavaThread "C2 CompilerThread2" daemon [_thread_blocked, id=12652, stack(0x0000000162000000,0x0000000162100000)]

Other Threads:
=>0x000001847f9cf800 VMThread "VM Thread" [stack: 0x0000000161400000,0x0000000161500000] [id=20868]
  0x000001847fc89800 WatcherThread [stack: 0x0000000161d00000,0x0000000161e00000] [id=13792]
  0x000001847d2a7000 GCTaskThread "GC Thread#0" [stack: 0x0000000160f00000,0x0000000161000000] [id=11848]
  0x000001841d70c000 GCTaskThread "GC Thread#1" [stack: 0x0000000162100000,0x0000000162200000] [id=20628]
  0x000001841d75f000 GCTaskThread "GC Thread#2" [stack: 0x0000000162200000,0x0000000162300000] [id=9980]
  0x000001841d68e000 GCTaskThread "GC Thread#3" [stack: 0x0000000162300000,0x0000000162400000] [id=15276]
  0x000001841d68f000 GCTaskThread "GC Thread#4" [stack: 0x0000000162400000,0x0000000162500000] [id=20228]
  0x000001841d593000 GCTaskThread "GC Thread#5" [stack: 0x0000000162500000,0x0000000162600000] [id=15704]
  0x000001847d302000 ConcurrentGCThread "G1 Main Marker" [stack: 0x0000000161000000,0x0000000161100000] [id=22728]
  0x000001847d306800 ConcurrentGCThread "G1 Conc#0" [stack: 0x0000000161100000,0x0000000161200000] [id=12252]
  0x000001841d594000 ConcurrentGCThread "G1 Conc#1" [stack: 0x0000000162600000,0x0000000162700000] [id=12080]
  0x000001847f8bd000 ConcurrentGCThread "G1 Refine#0" [stack: 0x0000000161200000,0x0000000161300000] [id=21400]
  0x000001841fd8c800 ConcurrentGCThread "G1 Refine#1" [stack: 0x0000000162700000,0x0000000162800000] [id=6108]
  0x00000184218c4000 ConcurrentGCThread "G1 Refine#2" [stack: 0x0000000162800000,0x0000000162900000] [id=20500]
  0x000001847f8c0000 ConcurrentGCThread "G1 Young RemSet Sampling" [stack: 0x0000000161300000,0x0000000161400000] [id=15872]

Threads with active compile tasks:

VM state:at safepoint (normal execution)

VM Mutex/Monitor currently owned by a thread:  ([mutex/lock_event])
[0x000001847d289ee0] Threads_lock - owner thread: 0x000001847f9cf800
[0x000001847d28d570] Heap_lock - owner thread: 0x000001847d28e000

Heap address: 0x0000000703a00000, size: 4038 MB, Compressed Oops mode: Zero based, Oop shift amount: 3
Narrow klass base: 0x0000000800000000, Narrow klass shift: 0
Compressed class space size: 1073741824 Address: 0x0000000800000000

Heap:
 garbage-first heap   total 312320K, used 20992K [0x0000000703a00000, 0x0000000800000000)
  region size 1024K, 2 young (2048K), 2 survivors (2048K)
 Metaspace       used 35392K, capacity 35765K, committed 35888K, reserved 1081344K
  class space    used 4361K, capacity 4535K, committed 4656K, reserved 1048576K
Heap Regions: E=young(eden), S=young(survivor), O=old, HS=humongous(starts), HC=humongous(continues), CS=collection set, F=free, A=archive, TAMS=top-at-mark-start (previous, next)
|   0|0x0000000703a00000, 0x0000000703b00000, 0x0000000703b00000|100%|HS|  |TAMS 0x0000000703b00000, 0x0000000703b00000| Complete 
|   1|0x0000000703b00000, 0x0000000703c00000, 0x0000000703c00000|100%|HC|  |TAMS 0x0000000703c00000, 0x0000000703c00000| Complete 
|   2|0x0000000703c00000, 0x0000000703d00000, 0x0000000703d00000|100%|HC|  |TAMS 0x0000000703d00000, 0x0000000703d00000| Complete 
|   3|0x0000000703d00000, 0x0000000703e00000, 0x0000000703e00000|100%| O|  |TAMS 0x0000000703d00000, 0x0000000703e00000| Untracked 
|   4|0x0000000703e00000, 0x0000000703f00000, 0x0000000703f00000|100%| O|  |TAMS 0x0000000703e3e000, 0x0000000703f00000| Untracked 
|   5|0x0000000703f00000, 0x0000000704000000, 0x0000000704000000|100%|HS|  |TAMS 0x0000000703f00000, 0x0000000704000000| Complete 
|   6|0x0000000704000000, 0x0000000704100000, 0x0000000704100000|100%|HC|  |TAMS 0x0000000704000000, 0x0000000704100000| Complete 
|   7|0x0000000704100000, 0x0000000704200000, 0x0000000704200000|100%|HC|  |TAMS 0x0000000704100000, 0x0000000704200000| Complete 
|   8|0x0000000704200000, 0x0000000704200000, 0x0000000704300000|  0%| F|  |TAMS 0x0000000704200000, 0x0000000704200000| Untracked 
|   9|0x0000000704300000, 0x0000000704300000, 0x0000000704400000|  0%| F|  |TAMS 0x0000000704300000, 0x0000000704300000| Untracked 
|  10|0x0000000704400000, 0x0000000704500000, 0x0000000704500000|100%| O|  |TAMS 0x0000000704400000, 0x0000000704500000| Untracked 
|  11|0x0000000704500000, 0x0000000704600000, 0x0000000704600000|100%| O|  |TAMS 0x0000000704500000, 0x0000000704600000| Untracked 
|  12|0x0000000704600000, 0x0000000704700000, 0x0000000704700000|100%| O|  |TAMS 0x0000000704600000, 0x0000000704700000| Untracked 
|  13|0x0000000704700000, 0x0000000704800000, 0x0000000704800000|100%| O|  |TAMS 0x0000000704700000, 0x0000000704800000| Untracked 
|  14|0x0000000704800000, 0x0000000704900000, 0x0000000704900000|100%| O|  |TAMS 0x0000000704800000, 0x0000000704900000| Untracked 
|  15|0x0000000704900000, 0x0000000704a00000, 0x0000000704a00000|100%| O|  |TAMS 0x0000000704900000, 0x0000000704a00000| Untracked 
|  16|0x0000000704a00000, 0x0000000704b00000, 0x0000000704b00000|100%| O|  |TAMS 0x0000000704a00000, 0x0000000704b00000| Untracked 
|  17|0x0000000704b00000, 0x0000000704c00000, 0x0000000704c00000|100%| O|  |TAMS 0x0000000704b00000, 0x0000000704c00000| Untracked 
|  18|0x0000000704c00000, 0x0000000704d00000, 0x0000000704d00000|100%| O|  |TAMS 0x0000000704c00000, 0x0000000704d00000| Untracked 
|  19|0x0000000704d00000, 0x0000000704e00000, 0x0000000704e00000|100%| O|  |TAMS 0x0000000704d00000, 0x0000000704e00000| Untracked 
|  20|0x0000000704e00000, 0x0000000704e95800, 0x0000000704f00000| 58%| O|  |TAMS 0x0000000704e00000, 0x0000000704e95800| Untracked 
|  21|0x0000000704f00000, 0x0000000704f00000, 0x0000000705000000|  0%| F|  |TAMS 0x0000000704f00000, 0x0000000704f00000| Untracked 
|  22|0x0000000705000000, 0x0000000705000000, 0x0000000705100000|  0%| F|  |TAMS 0x0000000705000000, 0x0000000705000000| Untracked 
|  23|0x0000000705100000, 0x0000000705100000, 0x0000000705200000|  0%| F|  |TAMS 0x0000000705100000, 0x0000000705100000| Untracked 
|  24|0x0000000705200000, 0x0000000705200000, 0x0000000705300000|  0%| F|  |TAMS 0x0000000705200000, 0x0000000705200000| Untracked 
|  25|0x0000000705300000, 0x0000000705300000, 0x0000000705400000|  0%| F|  |TAMS 0x0000000705300000, 0x0000000705300000| Untracked 
|  26|0x0000000705400000, 0x0000000705400000, 0x0000000705500000|  0%| F|  |TAMS 0x0000000705400000, 0x0000000705400000| Untracked 
|  27|0x0000000705500000, 0x0000000705500000, 0x0000000705600000|  0%| F|  |TAMS 0x0000000705500000, 0x0000000705500000| Untracked 
|  28|0x0000000705600000, 0x0000000705600000, 0x0000000705700000|  0%| F|  |TAMS 0x0000000705600000, 0x0000000705600000| Untracked 
|  29|0x0000000705700000, 0x0000000705700000, 0x0000000705800000|  0%| F|  |TAMS 0x0000000705700000, 0x0000000705700000| Untracked 
|  30|0x0000000705800000, 0x0000000705800000, 0x0000000705900000|  0%| F|  |TAMS 0x0000000705800000, 0x0000000705800000| Untracked 
|  31|0x0000000705900000, 0x0000000705900000, 0x0000000705a00000|  0%| F|  |TAMS 0x0000000705900000, 0x0000000705900000| Untracked 
|  32|0x0000000705a00000, 0x0000000705a00000, 0x0000000705b00000|  0%| F|  |TAMS 0x0000000705a00000, 0x0000000705a00000| Untracked 
|  33|0x0000000705b00000, 0x0000000705b00000, 0x0000000705c00000|  0%| F|  |TAMS 0x0000000705b00000, 0x0000000705b00000| Untracked 
|  34|0x0000000705c00000, 0x0000000705c00000, 0x0000000705d00000|  0%| F|  |TAMS 0x0000000705c00000, 0x0000000705c00000| Untracked 
|  35|0x0000000705d00000, 0x0000000705d00000, 0x0000000705e00000|  0%| F|  |TAMS 0x0000000705d00000, 0x0000000705d00000| Untracked 
|  36|0x0000000705e00000, 0x0000000705e00000, 0x0000000705f00000|  0%| F|  |TAMS 0x0000000705e00000, 0x0000000705e00000| Untracked 
|  37|0x0000000705f00000, 0x0000000705f00000, 0x0000000706000000|  0%| F|  |TAMS 0x0000000705f00000, 0x0000000705f00000| Untracked 
|  38|0x0000000706000000, 0x0000000706000000, 0x0000000706100000|  0%| F|  |TAMS 0x0000000706000000, 0x0000000706000000| Untracked 
|  39|0x0000000706100000, 0x0000000706100000, 0x0000000706200000|  0%| F|  |TAMS 0x0000000706100000, 0x0000000706100000| Untracked 
|  40|0x0000000706200000, 0x0000000706200000, 0x0000000706300000|  0%| F|  |TAMS 0x0000000706200000, 0x0000000706200000| Untracked 
|  41|0x0000000706300000, 0x0000000706300000, 0x0000000706400000|  0%| F|  |TAMS 0x0000000706300000, 0x0000000706300000| Untracked 
|  42|0x0000000706400000, 0x0000000706400000, 0x0000000706500000|  0%| F|  |TAMS 0x0000000706400000, 0x0000000706400000| Untracked 
|  43|0x0000000706500000, 0x0000000706500000, 0x0000000706600000|  0%| F|  |TAMS 0x0000000706500000, 0x0000000706500000| Untracked 
|  44|0x0000000706600000, 0x0000000706600000, 0x0000000706700000|  0%| F|  |TAMS 0x0000000706600000, 0x0000000706600000| Untracked 
|  45|0x0000000706700000, 0x0000000706700000, 0x0000000706800000|  0%| F|  |TAMS 0x0000000706700000, 0x0000000706700000| Untracked 
|  46|0x0000000706800000, 0x0000000706800000, 0x0000000706900000|  0%| F|  |TAMS 0x0000000706800000, 0x0000000706800000| Untracked 
|  47|0x0000000706900000, 0x0000000706900000, 0x0000000706a00000|  0%| F|  |TAMS 0x0000000706900000, 0x0000000706900000| Untracked 
|  48|0x0000000706a00000, 0x0000000706a00000, 0x0000000706b00000|  0%| F|  |TAMS 0x0000000706a00000, 0x0000000706a00000| Untracked 
|  49|0x0000000706b00000, 0x0000000706b00000, 0x0000000706c00000|  0%| F|  |TAMS 0x0000000706b00000, 0x0000000706b00000| Untracked 
|  50|0x0000000706c00000, 0x0000000706c00000, 0x0000000706d00000|  0%| F|  |TAMS 0x0000000706c00000, 0x0000000706c00000| Untracked 
|  51|0x0000000706d00000, 0x0000000706d00000, 0x0000000706e00000|  0%| F|  |TAMS 0x0000000706d00000, 0x0000000706d00000| Untracked 
|  52|0x0000000706e00000, 0x0000000706e00000, 0x0000000706f00000|  0%| F|  |TAMS 0x0000000706e00000, 0x0000000706e00000| Untracked 
|  53|0x0000000706f00000, 0x0000000706f00000, 0x0000000707000000|  0%| F|  |TAMS 0x0000000706f00000, 0x0000000706f00000| Untracked 
|  54|0x0000000707000000, 0x0000000707000000, 0x0000000707100000|  0%| F|  |TAMS 0x0000000707000000, 0x0000000707000000| Untracked 
|  55|0x0000000707100000, 0x0000000707100000, 0x0000000707200000|  0%| F|  |TAMS 0x0000000707100000, 0x0000000707100000| Untracked 
|  56|0x0000000707200000, 0x0000000707200000, 0x0000000707300000|  0%| F|  |TAMS 0x0000000707200000, 0x0000000707200000| Untracked 
|  57|0x0000000707300000, 0x0000000707300000, 0x0000000707400000|  0%| F|  |TAMS 0x0000000707300000, 0x0000000707300000| Untracked 
|  58|0x0000000707400000, 0x0000000707400000, 0x0000000707500000|  0%| F|  |TAMS 0x0000000707400000, 0x0000000707400000| Untracked 
|  59|0x0000000707500000, 0x0000000707500000, 0x0000000707600000|  0%| F|  |TAMS 0x0000000707500000, 0x0000000707500000| Untracked 
|  60|0x0000000707600000, 0x0000000707600000, 0x0000000707700000|  0%| F|  |TAMS 0x0000000707600000, 0x0000000707600000| Untracked 
|  61|0x0000000707700000, 0x0000000707700000, 0x0000000707800000|  0%| F|  |TAMS 0x0000000707700000, 0x0000000707700000| Untracked 
|  62|0x0000000707800000, 0x0000000707800000, 0x0000000707900000|  0%| F|  |TAMS 0x0000000707800000, 0x0000000707800000| Untracked 
|  63|0x0000000707900000, 0x0000000707900000, 0x0000000707a00000|  0%| F|  |TAMS 0x0000000707900000, 0x0000000707900000| Untracked 
|  64|0x0000000707a00000, 0x0000000707a00000, 0x0000000707b00000|  0%| F|  |TAMS 0x0000000707a00000, 0x0000000707a00000| Untracked 
|  65|0x0000000707b00000, 0x0000000707b00000, 0x0000000707c00000|  0%| F|  |TAMS 0x0000000707b00000, 0x0000000707b00000| Untracked 
|  66|0x0000000707c00000, 0x0000000707c00000, 0x0000000707d00000|  0%| F|  |TAMS 0x0000000707c00000, 0x0000000707c00000| Untracked 
|  67|0x0000000707d00000, 0x0000000707d00000, 0x0000000707e00000|  0%| F|  |TAMS 0x0000000707d00000, 0x0000000707d00000| Untracked 
|  68|0x0000000707e00000, 0x0000000707e00000, 0x0000000707f00000|  0%| F|  |TAMS 0x0000000707e00000, 0x0000000707e00000| Untracked 
|  69|0x0000000707f00000, 0x0000000707f00000, 0x0000000708000000|  0%| F|  |TAMS 0x0000000707f00000, 0x0000000707f00000| Untracked 
|  70|0x0000000708000000, 0x0000000708000000, 0x0000000708100000|  0%| F|  |TAMS 0x0000000708000000, 0x0000000708000000| Untracked 
|  71|0x0000000708100000, 0x0000000708100000, 0x0000000708200000|  0%| F|  |TAMS 0x0000000708100000, 0x0000000708100000| Untracked 
|  72|0x0000000708200000, 0x0000000708200000, 0x0000000708300000|  0%| F|  |TAMS 0x0000000708200000, 0x0000000708200000| Untracked 
|  73|0x0000000708300000, 0x0000000708300000, 0x0000000708400000|  0%| F|  |TAMS 0x0000000708300000, 0x0000000708300000| Untracked 
|  74|0x0000000708400000, 0x0000000708400000, 0x0000000708500000|  0%| F|  |TAMS 0x0000000708400000, 0x0000000708400000| Untracked 
|  75|0x0000000708500000, 0x0000000708500000, 0x0000000708600000|  0%| F|  |TAMS 0x0000000708500000, 0x0000000708500000| Untracked 
|  76|0x0000000708600000, 0x0000000708600000, 0x0000000708700000|  0%| F|  |TAMS 0x0000000708600000, 0x0000000708600000| Untracked 
|  77|0x0000000708700000, 0x0000000708700000, 0x0000000708800000|  0%| F|  |TAMS 0x0000000708700000, 0x0000000708700000| Untracked 
|  78|0x0000000708800000, 0x0000000708800000, 0x0000000708900000|  0%| F|  |TAMS 0x0000000708800000, 0x0000000708800000| Untracked 
|  79|0x0000000708900000, 0x0000000708900000, 0x0000000708a00000|  0%| F|  |TAMS 0x0000000708900000, 0x0000000708900000| Untracked 
|  80|0x0000000708a00000, 0x0000000708a00000, 0x0000000708b00000|  0%| F|  |TAMS 0x0000000708a00000, 0x0000000708a00000| Untracked 
|  81|0x0000000708b00000, 0x0000000708b00000, 0x0000000708c00000|  0%| F|  |TAMS 0x0000000708b00000, 0x0000000708b00000| Untracked 
|  82|0x0000000708c00000, 0x0000000708c00000, 0x0000000708d00000|  0%| F|  |TAMS 0x0000000708c00000, 0x0000000708c00000| Untracked 
|  83|0x0000000708d00000, 0x0000000708d00000, 0x0000000708e00000|  0%| F|  |TAMS 0x0000000708d00000, 0x0000000708d00000| Untracked 
|  84|0x0000000708e00000, 0x0000000708e00000, 0x0000000708f00000|  0%| F|  |TAMS 0x0000000708e00000, 0x0000000708e00000| Untracked 
|  85|0x0000000708f00000, 0x0000000708f00000, 0x0000000709000000|  0%| F|  |TAMS 0x0000000708f00000, 0x0000000708f00000| Untracked 
|  86|0x0000000709000000, 0x0000000709000000, 0x0000000709100000|  0%| F|  |TAMS 0x0000000709000000, 0x0000000709000000| Untracked 
|  87|0x0000000709100000, 0x0000000709100000, 0x0000000709200000|  0%| F|  |TAMS 0x0000000709100000, 0x0000000709100000| Untracked 
|  88|0x0000000709200000, 0x0000000709200000, 0x0000000709300000|  0%| F|  |TAMS 0x0000000709200000, 0x0000000709200000| Untracked 
|  89|0x0000000709300000, 0x0000000709300000, 0x0000000709400000|  0%| F|  |TAMS 0x0000000709300000, 0x0000000709300000| Untracked 
|  90|0x0000000709400000, 0x0000000709400000, 0x0000000709500000|  0%| F|  |TAMS 0x0000000709400000, 0x0000000709400000| Untracked 
|  91|0x0000000709500000, 0x0000000709500000, 0x0000000709600000|  0%| F|  |TAMS 0x0000000709500000, 0x0000000709500000| Untracked 
|  92|0x0000000709600000, 0x0000000709600000, 0x0000000709700000|  0%| F|  |TAMS 0x0000000709600000, 0x0000000709600000| Untracked 
|  93|0x0000000709700000, 0x0000000709700000, 0x0000000709800000|  0%| F|  |TAMS 0x0000000709700000, 0x0000000709700000| Untracked 
|  94|0x0000000709800000, 0x0000000709800000, 0x0000000709900000|  0%| F|  |TAMS 0x0000000709800000, 0x0000000709800000| Untracked 
|  95|0x0000000709900000, 0x0000000709900000, 0x0000000709a00000|  0%| F|  |TAMS 0x0000000709900000, 0x0000000709900000| Untracked 
|  96|0x0000000709a00000, 0x0000000709a00000, 0x0000000709b00000|  0%| F|  |TAMS 0x0000000709a00000, 0x0000000709a00000| Untracked 
|  97|0x0000000709b00000, 0x0000000709b00000, 0x0000000709c00000|  0%| F|  |TAMS 0x0000000709b00000, 0x0000000709b00000| Untracked 
|  98|0x0000000709c00000, 0x0000000709c00000, 0x0000000709d00000|  0%| F|  |TAMS 0x0000000709c00000, 0x0000000709c00000| Untracked 
|  99|0x0000000709d00000, 0x0000000709d00000, 0x0000000709e00000|  0%| F|  |TAMS 0x0000000709d00000, 0x0000000709d00000| Untracked 
| 100|0x0000000709e00000, 0x0000000709e00000, 0x0000000709f00000|  0%| F|  |TAMS 0x0000000709e00000, 0x0000000709e00000| Untracked 
| 101|0x0000000709f00000, 0x0000000709f00000, 0x000000070a000000|  0%| F|  |TAMS 0x0000000709f00000, 0x0000000709f00000| Untracked 
| 102|0x000000070a000000, 0x000000070a000000, 0x000000070a100000|  0%| F|  |TAMS 0x000000070a000000, 0x000000070a000000| Untracked 
| 103|0x000000070a100000, 0x000000070a100000, 0x000000070a200000|  0%| F|  |TAMS 0x000000070a100000, 0x000000070a100000| Untracked 
| 104|0x000000070a200000, 0x000000070a200000, 0x000000070a300000|  0%| F|  |TAMS 0x000000070a200000, 0x000000070a200000| Untracked 
| 105|0x000000070a300000, 0x000000070a300000, 0x000000070a400000|  0%| F|  |TAMS 0x000000070a300000, 0x000000070a300000| Untracked 
| 106|0x000000070a400000, 0x000000070a400000, 0x000000070a500000|  0%| F|  |TAMS 0x000000070a400000, 0x000000070a400000| Untracked 
| 107|0x000000070a500000, 0x000000070a500000, 0x000000070a600000|  0%| F|  |TAMS 0x000000070a500000, 0x000000070a500000| Untracked 
| 108|0x000000070a600000, 0x000000070a600000, 0x000000070a700000|  0%| F|  |TAMS 0x000000070a600000, 0x000000070a600000| Untracked 
| 109|0x000000070a700000, 0x000000070a700000, 0x000000070a800000|  0%| F|  |TAMS 0x000000070a700000, 0x000000070a700000| Untracked 
| 110|0x000000070a800000, 0x000000070a800000, 0x000000070a900000|  0%| F|  |TAMS 0x000000070a800000, 0x000000070a800000| Untracked 
| 111|0x000000070a900000, 0x000000070a900000, 0x000000070aa00000|  0%| F|  |TAMS 0x000000070a900000, 0x000000070a900000| Untracked 
| 112|0x000000070aa00000, 0x000000070aa00000, 0x000000070ab00000|  0%| F|  |TAMS 0x000000070aa00000, 0x000000070aa00000| Untracked 
| 113|0x000000070ab00000, 0x000000070ab00000, 0x000000070ac00000|  0%| F|  |TAMS 0x000000070ab00000, 0x000000070ab00000| Untracked 
| 114|0x000000070ac00000, 0x000000070ac00000, 0x000000070ad00000|  0%| F|  |TAMS 0x000000070ac00000, 0x000000070ac00000| Untracked 
| 115|0x000000070ad00000, 0x000000070ad00000, 0x000000070ae00000|  0%| F|  |TAMS 0x000000070ad00000, 0x000000070ad00000| Untracked 
| 116|0x000000070ae00000, 0x000000070ae00000, 0x000000070af00000|  0%| F|  |TAMS 0x000000070ae00000, 0x000000070ae00000| Untracked 
| 117|0x000000070af00000, 0x000000070af00000, 0x000000070b000000|  0%| F|  |TAMS 0x000000070af00000, 0x000000070af00000| Untracked 
| 118|0x000000070b000000, 0x000000070b000000, 0x000000070b100000|  0%| F|  |TAMS 0x000000070b000000, 0x000000070b000000| Untracked 
| 119|0x000000070b100000, 0x000000070b100000, 0x000000070b200000|  0%| F|  |TAMS 0x000000070b100000, 0x000000070b100000| Untracked 
| 120|0x000000070b200000, 0x000000070b200000, 0x000000070b300000|  0%| F|  |TAMS 0x000000070b200000, 0x000000070b200000| Untracked 
| 121|0x000000070b300000, 0x000000070b300000, 0x000000070b400000|  0%| F|  |TAMS 0x000000070b300000, 0x000000070b300000| Untracked 
| 122|0x000000070b400000, 0x000000070b400000, 0x000000070b500000|  0%| F|  |TAMS 0x000000070b400000, 0x000000070b400000| Untracked 
| 123|0x000000070b500000, 0x000000070b500000, 0x000000070b600000|  0%| F|  |TAMS 0x000000070b500000, 0x000000070b500000| Untracked 
| 124|0x000000070b600000, 0x000000070b600000, 0x000000070b700000|  0%| F|  |TAMS 0x000000070b600000, 0x000000070b600000| Untracked 
| 125|0x000000070b700000, 0x000000070b700000, 0x000000070b800000|  0%| F|  |TAMS 0x000000070b700000, 0x000000070b700000| Untracked 
| 126|0x000000070b800000, 0x000000070b800000, 0x000000070b900000|  0%| F|  |TAMS 0x000000070b800000, 0x000000070b800000| Untracked 
| 127|0x000000070b900000, 0x000000070b900000, 0x000000070ba00000|  0%| F|  |TAMS 0x000000070b900000, 0x000000070b900000| Untracked 
| 128|0x000000070ba00000, 0x000000070ba00000, 0x000000070bb00000|  0%| F|  |TAMS 0x000000070ba00000, 0x000000070ba00000| Untracked 
| 129|0x000000070bb00000, 0x000000070bb00000, 0x000000070bc00000|  0%| F|  |TAMS 0x000000070bb00000, 0x000000070bb00000| Untracked 
| 130|0x000000070bc00000, 0x000000070bc00000, 0x000000070bd00000|  0%| F|  |TAMS 0x000000070bc00000, 0x000000070bc00000| Untracked 
| 131|0x000000070bd00000, 0x000000070bd00000, 0x000000070be00000|  0%| F|  |TAMS 0x000000070bd00000, 0x000000070bd00000| Untracked 
| 132|0x000000070be00000, 0x000000070be00000, 0x000000070bf00000|  0%| F|  |TAMS 0x000000070be00000, 0x000000070be00000| Untracked 
| 133|0x000000070bf00000, 0x000000070bf00000, 0x000000070c000000|  0%| F|  |TAMS 0x000000070bf00000, 0x000000070bf00000| Untracked 
| 134|0x000000070c000000, 0x000000070c000000, 0x000000070c100000|  0%| F|  |TAMS 0x000000070c000000, 0x000000070c000000| Untracked 
| 135|0x000000070c100000, 0x000000070c100000, 0x000000070c200000|  0%| F|  |TAMS 0x000000070c100000, 0x000000070c100000| Untracked 
| 136|0x000000070c200000, 0x000000070c200000, 0x000000070c300000|  0%| F|  |TAMS 0x000000070c200000, 0x000000070c200000| Untracked 
| 137|0x000000070c300000, 0x000000070c300000, 0x000000070c400000|  0%| F|  |TAMS 0x000000070c300000, 0x000000070c300000| Untracked 
| 138|0x000000070c400000, 0x000000070c400000, 0x000000070c500000|  0%| F|  |TAMS 0x000000070c400000, 0x000000070c400000| Untracked 
| 139|0x000000070c500000, 0x000000070c500000, 0x000000070c600000|  0%| F|  |TAMS 0x000000070c500000, 0x000000070c500000| Untracked 
| 140|0x000000070c600000, 0x000000070c600000, 0x000000070c700000|  0%| F|  |TAMS 0x000000070c600000, 0x000000070c600000| Untracked 
| 141|0x000000070c700000, 0x000000070c700000, 0x000000070c800000|  0%| F|  |TAMS 0x000000070c700000, 0x000000070c700000| Untracked 
| 142|0x000000070c800000, 0x000000070c800000, 0x000000070c900000|  0%| F|  |TAMS 0x000000070c800000, 0x000000070c800000| Untracked 
| 143|0x000000070c900000, 0x000000070c900000, 0x000000070ca00000|  0%| F|  |TAMS 0x000000070c900000, 0x000000070c900000| Untracked 
| 144|0x000000070ca00000, 0x000000070ca00000, 0x000000070cb00000|  0%| F|  |TAMS 0x000000070ca00000, 0x000000070ca00000| Untracked 
| 145|0x000000070cb00000, 0x000000070cb00000, 0x000000070cc00000|  0%| F|  |TAMS 0x000000070cb00000, 0x000000070cb00000| Untracked 
| 146|0x000000070cc00000, 0x000000070cc00000, 0x000000070cd00000|  0%| F|  |TAMS 0x000000070cc00000, 0x000000070cc00000| Untracked 
| 147|0x000000070cd00000, 0x000000070cd00000, 0x000000070ce00000|  0%| F|  |TAMS 0x000000070cd00000, 0x000000070cd00000| Untracked 
| 148|0x000000070ce00000, 0x000000070ce00000, 0x000000070cf00000|  0%| F|  |TAMS 0x000000070ce00000, 0x000000070ce00000| Untracked 
| 149|0x000000070cf00000, 0x000000070cf00000, 0x000000070d000000|  0%| F|  |TAMS 0x000000070cf00000, 0x000000070cf00000| Untracked 
| 150|0x000000070d000000, 0x000000070d000000, 0x000000070d100000|  0%| F|  |TAMS 0x000000070d000000, 0x000000070d000000| Untracked 
| 151|0x000000070d100000, 0x000000070d100000, 0x000000070d200000|  0%| F|  |TAMS 0x000000070d100000, 0x000000070d100000| Untracked 
| 152|0x000000070d200000, 0x000000070d200000, 0x000000070d300000|  0%| F|  |TAMS 0x000000070d200000, 0x000000070d200000| Untracked 
| 153|0x000000070d300000, 0x000000070d300000, 0x000000070d400000|  0%| F|  |TAMS 0x000000070d300000, 0x000000070d300000| Untracked 
| 154|0x000000070d400000, 0x000000070d400000, 0x000000070d500000|  0%| F|  |TAMS 0x000000070d400000, 0x000000070d400000| Untracked 
| 155|0x000000070d500000, 0x000000070d500000, 0x000000070d600000|  0%| F|  |TAMS 0x000000070d500000, 0x000000070d500000| Untracked 
| 156|0x000000070d600000, 0x000000070d600000, 0x000000070d700000|  0%| F|  |TAMS 0x000000070d600000, 0x000000070d600000| Untracked 
| 157|0x000000070d700000, 0x000000070d700000, 0x000000070d800000|  0%| F|  |TAMS 0x000000070d700000, 0x000000070d700000| Untracked 
| 158|0x000000070d800000, 0x000000070d800000, 0x000000070d900000|  0%| F|  |TAMS 0x000000070d800000, 0x000000070d800000| Untracked 
| 159|0x000000070d900000, 0x000000070d900000, 0x000000070da00000|  0%| F|  |TAMS 0x000000070d900000, 0x000000070d900000| Untracked 
| 160|0x000000070da00000, 0x000000070da00000, 0x000000070db00000|  0%| F|  |TAMS 0x000000070da00000, 0x000000070da00000| Untracked 
| 161|0x000000070db00000, 0x000000070db00000, 0x000000070dc00000|  0%| F|  |TAMS 0x000000070db00000, 0x000000070db00000| Untracked 
| 162|0x000000070dc00000, 0x000000070dc00000, 0x000000070dd00000|  0%| F|  |TAMS 0x000000070dc00000, 0x000000070dc00000| Untracked 
| 163|0x000000070dd00000, 0x000000070dd00000, 0x000000070de00000|  0%| F|  |TAMS 0x000000070dd00000, 0x000000070dd00000| Untracked 
| 164|0x000000070de00000, 0x000000070de00000, 0x000000070df00000|  0%| F|  |TAMS 0x000000070de00000, 0x000000070de00000| Untracked 
| 165|0x000000070df00000, 0x000000070df00000, 0x000000070e000000|  0%| F|  |TAMS 0x000000070df00000, 0x000000070df00000| Untracked 
| 166|0x000000070e000000, 0x000000070e000000, 0x000000070e100000|  0%| F|  |TAMS 0x000000070e000000, 0x000000070e000000| Untracked 
| 167|0x000000070e100000, 0x000000070e100000, 0x000000070e200000|  0%| F|  |TAMS 0x000000070e100000, 0x000000070e100000| Untracked 
| 168|0x000000070e200000, 0x000000070e200000, 0x000000070e300000|  0%| F|  |TAMS 0x000000070e200000, 0x000000070e200000| Untracked 
| 169|0x000000070e300000, 0x000000070e300000, 0x000000070e400000|  0%| F|  |TAMS 0x000000070e300000, 0x000000070e300000| Untracked 
| 170|0x000000070e400000, 0x000000070e400000, 0x000000070e500000|  0%| F|  |TAMS 0x000000070e400000, 0x000000070e400000| Untracked 
| 171|0x000000070e500000, 0x000000070e500000, 0x000000070e600000|  0%| F|  |TAMS 0x000000070e500000, 0x000000070e500000| Untracked 
| 172|0x000000070e600000, 0x000000070e600000, 0x000000070e700000|  0%| F|  |TAMS 0x000000070e600000, 0x000000070e600000| Untracked 
| 173|0x000000070e700000, 0x000000070e700000, 0x000000070e800000|  0%| F|  |TAMS 0x000000070e700000, 0x000000070e700000| Untracked 
| 174|0x000000070e800000, 0x000000070e800000, 0x000000070e900000|  0%| F|  |TAMS 0x000000070e800000, 0x000000070e800000| Untracked 
| 175|0x000000070e900000, 0x000000070e900000, 0x000000070ea00000|  0%| F|  |TAMS 0x000000070e900000, 0x000000070e900000| Untracked 
| 176|0x000000070ea00000, 0x000000070ea00000, 0x000000070eb00000|  0%| F|  |TAMS 0x000000070ea00000, 0x000000070ea00000| Untracked 
| 177|0x000000070eb00000, 0x000000070eb00000, 0x000000070ec00000|  0%| F|  |TAMS 0x000000070eb00000, 0x000000070eb00000| Untracked 
| 178|0x000000070ec00000, 0x000000070ec00000, 0x000000070ed00000|  0%| F|  |TAMS 0x000000070ec00000, 0x000000070ec00000| Untracked 
| 179|0x000000070ed00000, 0x000000070ed00000, 0x000000070ee00000|  0%| F|  |TAMS 0x000000070ed00000, 0x000000070ed00000| Untracked 
| 180|0x000000070ee00000, 0x000000070ee00000, 0x000000070ef00000|  0%| F|  |TAMS 0x000000070ee00000, 0x000000070ee00000| Untracked 
| 181|0x000000070ef00000, 0x000000070ef00000, 0x000000070f000000|  0%| F|  |TAMS 0x000000070ef00000, 0x000000070ef00000| Untracked 
| 182|0x000000070f000000, 0x000000070f000000, 0x000000070f100000|  0%| F|  |TAMS 0x000000070f000000, 0x000000070f000000| Untracked 
| 183|0x000000070f100000, 0x000000070f100000, 0x000000070f200000|  0%| F|  |TAMS 0x000000070f100000, 0x000000070f100000| Untracked 
| 184|0x000000070f200000, 0x000000070f200000, 0x000000070f300000|  0%| F|  |TAMS 0x000000070f200000, 0x000000070f200000| Untracked 
| 185|0x000000070f300000, 0x000000070f300000, 0x000000070f400000|  0%| F|  |TAMS 0x000000070f300000, 0x000000070f300000| Untracked 
| 186|0x000000070f400000, 0x000000070f400000, 0x000000070f500000|  0%| F|  |TAMS 0x000000070f400000, 0x000000070f400000| Untracked 
| 187|0x000000070f500000, 0x000000070f500000, 0x000000070f600000|  0%| F|  |TAMS 0x000000070f500000, 0x000000070f500000| Untracked 
| 188|0x000000070f600000, 0x000000070f600000, 0x000000070f700000|  0%| F|  |TAMS 0x000000070f600000, 0x000000070f600000| Untracked 
| 189|0x000000070f700000, 0x000000070f700000, 0x000000070f800000|  0%| F|  |TAMS 0x000000070f700000, 0x000000070f700000| Untracked 
| 190|0x000000070f800000, 0x000000070f800000, 0x000000070f900000|  0%| F|  |TAMS 0x000000070f800000, 0x000000070f800000| Untracked 
| 191|0x000000070f900000, 0x000000070f900000, 0x000000070fa00000|  0%| F|  |TAMS 0x000000070f900000, 0x000000070f900000| Untracked 
| 192|0x000000070fa00000, 0x000000070fa00000, 0x000000070fb00000|  0%| F|  |TAMS 0x000000070fa00000, 0x000000070fa00000| Untracked 
| 193|0x000000070fb00000, 0x000000070fb00000, 0x000000070fc00000|  0%| F|  |TAMS 0x000000070fb00000, 0x000000070fb00000| Untracked 
| 194|0x000000070fc00000, 0x000000070fc00000, 0x000000070fd00000|  0%| F|  |TAMS 0x000000070fc00000, 0x000000070fc00000| Untracked 
| 195|0x000000070fd00000, 0x000000070fd00000, 0x000000070fe00000|  0%| F|  |TAMS 0x000000070fd00000, 0x000000070fd00000| Untracked 
| 196|0x000000070fe00000, 0x000000070fe00000, 0x000000070ff00000|  0%| F|  |TAMS 0x000000070fe00000, 0x000000070fe00000| Untracked 
| 197|0x000000070ff00000, 0x000000070ff00000, 0x0000000710000000|  0%| F|  |TAMS 0x000000070ff00000, 0x000000070ff00000| Untracked 
| 198|0x0000000710000000, 0x0000000710000000, 0x0000000710100000|  0%| F|  |TAMS 0x0000000710000000, 0x0000000710000000| Untracked 
| 199|0x0000000710100000, 0x0000000710100000, 0x0000000710200000|  0%| F|  |TAMS 0x0000000710100000, 0x0000000710100000| Untracked 
| 200|0x0000000710200000, 0x0000000710200000, 0x0000000710300000|  0%| F|  |TAMS 0x0000000710200000, 0x0000000710200000| Untracked 
| 201|0x0000000710300000, 0x0000000710300000, 0x0000000710400000|  0%| F|  |TAMS 0x0000000710300000, 0x0000000710300000| Untracked 
| 202|0x0000000710400000, 0x0000000710400000, 0x0000000710500000|  0%| F|  |TAMS 0x0000000710400000, 0x0000000710400000| Untracked 
| 203|0x0000000710500000, 0x0000000710500000, 0x0000000710600000|  0%| F|  |TAMS 0x0000000710500000, 0x0000000710500000| Untracked 
| 204|0x0000000710600000, 0x0000000710600000, 0x0000000710700000|  0%| F|  |TAMS 0x0000000710600000, 0x0000000710600000| Untracked 
| 205|0x0000000710700000, 0x0000000710700000, 0x0000000710800000|  0%| F|  |TAMS 0x0000000710700000, 0x0000000710700000| Untracked 
| 206|0x0000000710800000, 0x0000000710800000, 0x0000000710900000|  0%| F|  |TAMS 0x0000000710800000, 0x0000000710800000| Untracked 
| 207|0x0000000710900000, 0x0000000710900000, 0x0000000710a00000|  0%| F|  |TAMS 0x0000000710900000, 0x0000000710900000| Untracked 
| 208|0x0000000710a00000, 0x0000000710a00000, 0x0000000710b00000|  0%| F|  |TAMS 0x0000000710a00000, 0x0000000710a00000| Untracked 
| 209|0x0000000710b00000, 0x0000000710b00000, 0x0000000710c00000|  0%| F|  |TAMS 0x0000000710b00000, 0x0000000710b00000| Untracked 
| 210|0x0000000710c00000, 0x0000000710c00000, 0x0000000710d00000|  0%| F|  |TAMS 0x0000000710c00000, 0x0000000710c00000| Untracked 
| 211|0x0000000710d00000, 0x0000000710d00000, 0x0000000710e00000|  0%| F|  |TAMS 0x0000000710d00000, 0x0000000710d00000| Untracked 
| 212|0x0000000710e00000, 0x0000000710e00000, 0x0000000710f00000|  0%| F|  |TAMS 0x0000000710e00000, 0x0000000710e00000| Untracked 
| 213|0x0000000710f00000, 0x0000000710f00000, 0x0000000711000000|  0%| F|  |TAMS 0x0000000710f00000, 0x0000000710f00000| Untracked 
| 214|0x0000000711000000, 0x0000000711000000, 0x0000000711100000|  0%| F|  |TAMS 0x0000000711000000, 0x0000000711000000| Untracked 
| 215|0x0000000711100000, 0x0000000711100000, 0x0000000711200000|  0%| F|  |TAMS 0x0000000711100000, 0x0000000711100000| Untracked 
| 216|0x0000000711200000, 0x0000000711200000, 0x0000000711300000|  0%| F|  |TAMS 0x0000000711200000, 0x0000000711200000| Untracked 
| 217|0x0000000711300000, 0x0000000711300000, 0x0000000711400000|  0%| F|  |TAMS 0x0000000711300000, 0x0000000711300000| Untracked 
| 218|0x0000000711400000, 0x0000000711400000, 0x0000000711500000|  0%| F|  |TAMS 0x0000000711400000, 0x0000000711400000| Untracked 
| 219|0x0000000711500000, 0x0000000711500000, 0x0000000711600000|  0%| F|  |TAMS 0x0000000711500000, 0x0000000711500000| Untracked 
| 220|0x0000000711600000, 0x0000000711600000, 0x0000000711700000|  0%| F|  |TAMS 0x0000000711600000, 0x0000000711600000| Untracked 
| 221|0x0000000711700000, 0x0000000711700000, 0x0000000711800000|  0%| F|  |TAMS 0x0000000711700000, 0x0000000711700000| Untracked 
| 222|0x0000000711800000, 0x0000000711800000, 0x0000000711900000|  0%| F|  |TAMS 0x0000000711800000, 0x0000000711800000| Untracked 
| 223|0x0000000711900000, 0x0000000711900000, 0x0000000711a00000|  0%| F|  |TAMS 0x0000000711900000, 0x0000000711900000| Untracked 
| 224|0x0000000711a00000, 0x0000000711a00000, 0x0000000711b00000|  0%| F|  |TAMS 0x0000000711a00000, 0x0000000711a00000| Untracked 
| 225|0x0000000711b00000, 0x0000000711b00000, 0x0000000711c00000|  0%| F|  |TAMS 0x0000000711b00000, 0x0000000711b00000| Untracked 
| 226|0x0000000711c00000, 0x0000000711c00000, 0x0000000711d00000|  0%| F|  |TAMS 0x0000000711c00000, 0x0000000711c00000| Untracked 
| 227|0x0000000711d00000, 0x0000000711d00000, 0x0000000711e00000|  0%| F|  |TAMS 0x0000000711d00000, 0x0000000711d00000| Untracked 
| 228|0x0000000711e00000, 0x0000000711e00000, 0x0000000711f00000|  0%| F|  |TAMS 0x0000000711e00000, 0x0000000711e00000| Untracked 
| 229|0x0000000711f00000, 0x0000000711f00000, 0x0000000712000000|  0%| F|  |TAMS 0x0000000711f00000, 0x0000000711f00000| Untracked 
| 230|0x0000000712000000, 0x0000000712000000, 0x0000000712100000|  0%| F|  |TAMS 0x0000000712000000, 0x0000000712000000| Untracked 
| 231|0x0000000712100000, 0x0000000712100000, 0x0000000712200000|  0%| F|  |TAMS 0x0000000712100000, 0x0000000712100000| Untracked 
| 232|0x0000000712200000, 0x0000000712200000, 0x0000000712300000|  0%| F|  |TAMS 0x0000000712200000, 0x0000000712200000| Untracked 
| 233|0x0000000712300000, 0x0000000712300000, 0x0000000712400000|  0%| F|  |TAMS 0x0000000712300000, 0x0000000712300000| Untracked 
| 234|0x0000000712400000, 0x0000000712400000, 0x0000000712500000|  0%| F|  |TAMS 0x0000000712400000, 0x0000000712400000| Untracked 
| 235|0x0000000712500000, 0x0000000712500000, 0x0000000712600000|  0%| F|  |TAMS 0x0000000712500000, 0x0000000712500000| Untracked 
| 236|0x0000000712600000, 0x0000000712600000, 0x0000000712700000|  0%| F|  |TAMS 0x0000000712600000, 0x0000000712600000| Untracked 
| 237|0x0000000712700000, 0x0000000712700000, 0x0000000712800000|  0%| F|  |TAMS 0x0000000712700000, 0x0000000712700000| Untracked 
| 238|0x0000000712800000, 0x0000000712800000, 0x0000000712900000|  0%| F|  |TAMS 0x0000000712800000, 0x0000000712800000| Untracked 
| 239|0x0000000712900000, 0x0000000712900000, 0x0000000712a00000|  0%| F|  |TAMS 0x0000000712900000, 0x0000000712900000| Untracked 
| 240|0x0000000712a00000, 0x0000000712aeaa80, 0x0000000712b00000| 91%| S|CS|TAMS 0x0000000712a00000, 0x0000000712a00000| Complete 
| 241|0x0000000712b00000, 0x0000000712c00000, 0x0000000712c00000|100%| S|CS|TAMS 0x0000000712b00000, 0x0000000712b00000| Complete 
| 242|0x0000000712c00000, 0x0000000712c00000, 0x0000000712d00000|  0%| F|  |TAMS 0x0000000712c00000, 0x0000000712c00000| Untracked 
| 243|0x0000000712d00000, 0x0000000712d00000, 0x0000000712e00000|  0%| F|  |TAMS 0x0000000712d00000, 0x0000000712d00000| Untracked 
| 244|0x0000000712e00000, 0x0000000712e00000, 0x0000000712f00000|  0%| F|  |TAMS 0x0000000712e00000, 0x0000000712e00000| Untracked 
| 245|0x0000000712f00000, 0x0000000712f00000, 0x0000000713000000|  0%| F|  |TAMS 0x0000000712f00000, 0x0000000712f00000| Untracked 
| 246|0x0000000713000000, 0x0000000713000000, 0x0000000713100000|  0%| F|  |TAMS 0x0000000713000000, 0x0000000713000000| Untracked 
| 247|0x0000000713100000, 0x0000000713100000, 0x0000000713200000|  0%| F|  |TAMS 0x0000000713100000, 0x0000000713100000| Untracked 
| 248|0x0000000713200000, 0x0000000713200000, 0x0000000713300000|  0%| F|  |TAMS 0x0000000713200000, 0x0000000713200000| Untracked 
| 249|0x0000000713300000, 0x0000000713300000, 0x0000000713400000|  0%| F|  |TAMS 0x0000000713300000, 0x0000000713300000| Untracked 
| 250|0x0000000713400000, 0x0000000713400000, 0x0000000713500000|  0%| F|  |TAMS 0x0000000713400000, 0x0000000713400000| Untracked 
| 251|0x0000000713500000, 0x0000000713500000, 0x0000000713600000|  0%| F|  |TAMS 0x0000000713500000, 0x0000000713500000| Untracked 
| 252|0x0000000713600000, 0x0000000713600000, 0x0000000713700000|  0%| F|  |TAMS 0x0000000713600000, 0x0000000713600000| Untracked 
| 253|0x0000000713700000, 0x0000000713700000, 0x0000000713800000|  0%| F|  |TAMS 0x0000000713700000, 0x0000000713700000| Untracked 

Card table byte_map: [0x000001847de80000,0x000001847e670000] _byte_map_base: 0x000001847a663000

Marking Bits (Prev, Next): (CMBitMap*) 0x000001847d2f1830, (CMBitMap*) 0x000001847d2f17f8
 Prev Bits: [0x0000018416970000, 0x000001841a888000)
 Next Bits: [0x0000018412a50000, 0x0000018416968000)

Polling page: 0x000001847b200000

Metaspace:

Usage:
  Non-class:     30.50 MB capacity,    30.30 MB (>99%) used,   147.23 KB ( <1%) free+waste,    51.56 KB ( <1%) overhead. 
      Class:      4.43 MB capacity,     4.26 MB ( 96%) used,   148.96 KB (  3%) free+waste,    24.31 KB ( <1%) overhead. 
       Both:     34.93 MB capacity,    34.56 MB ( 99%) used,   296.19 KB ( <1%) free+waste,    75.88 KB ( <1%) overhead. 

Virtual space:
  Non-class space:       32.00 MB reserved,      30.50 MB ( 95%) committed 
      Class space:        1.00 GB reserved,       4.55 MB ( <1%) committed 
             Both:        1.03 GB reserved,      35.05 MB (  3%) committed 

Chunk freelists:
   Non-Class:  2.00 KB
       Class:  9.00 KB
        Both:  11.00 KB

MaxMetaspaceSize: 17179869184.00 GB
CompressedClassSpaceSize: 1.00 GB
Initial GC threshold: 20.80 MB
Current GC threshold: 35.08 MB
CDS: off

CodeHeap 'non-profiled nmethods': size=120000Kb used=1064Kb max_used=1064Kb free=118935Kb
 bounds [0x000001840b520000, 0x000001840b790000, 0x0000018412a50000]
CodeHeap 'profiled nmethods': size=120000Kb used=5038Kb max_used=5038Kb free=114961Kb
 bounds [0x0000018403ff0000, 0x00000184044e0000, 0x000001840b520000]
CodeHeap 'non-nmethods': size=5760Kb used=1258Kb max_used=1334Kb free=4501Kb
 bounds [0x0000018403a50000, 0x0000018403cc0000, 0x0000018403ff0000]
 total_blobs=3002 nmethods=2476 adapters=438
 compilation: enabled
              stopped_count=0, restarted_count=0
 full_count=0

Compilation events (20 events):
Event: 2.516 Thread 0x000001847faeb000 nmethod 2469 0x000001840b627c90 code [0x000001840b627ec0, 0x000001840b628928]
Event: 2.516 Thread 0x000001847fafa000 nmethod 2455 0x00000184044d9b90 code [0x00000184044d9d40, 0x00000184044d9f08]
Event: 2.516 Thread 0x000001847fafa000 2450       3       org.jetbrains.kotlin.metadata.ProtoBuf$Annotation::getArgumentCount (10 bytes)
Event: 2.516 Thread 0x000001847fafa000 nmethod 2450 0x00000184044da010 code [0x00000184044da1c0, 0x00000184044da388]
Event: 2.516 Thread 0x000001847fafa000 2451       3       org.jetbrains.kotlin.protobuf.SmallSortedMap::binarySearchInArray (133 bytes)
Event: 2.516 Thread 0x000001847fafa000 nmethod 2451 0x00000184044da490 code [0x00000184044da6e0, 0x00000184044db0e8]
Event: 2.516 Thread 0x000001847fafa000 2483       1       org.jetbrains.kotlin.com.intellij.core.CoreApplicationEnvironment::lambda$new$0 (5 bytes)
Event: 2.516 Thread 0x000001847fafa000 nmethod 2483 0x000001840b629210 code [0x000001840b6293c0, 0x000001840b629478]
Event: 2.516 Thread 0x000001847fafa000 2457       3       org.jetbrains.kotlin.protobuf.SmallSortedMap$Entry::getKey (5 bytes)
Event: 2.516 Thread 0x000001847fafa000 nmethod 2457 0x00000184044db390 code [0x00000184044db540, 0x00000184044db658]
Event: 2.516 Thread 0x000001847fafa000 2446       3       org.jetbrains.kotlin.metadata.ProtoBuf$Class::getConstructorCount (10 bytes)
Event: 2.516 Thread 0x000001847fafa000 nmethod 2446 0x00000184044db710 code [0x00000184044db8c0, 0x00000184044dba88]
Event: 2.516 Thread 0x000001847fafa000 2480       1       org.jetbrains.kotlin.protobuf.UnmodifiableLazyStringList::access$000 (5 bytes)
Event: 2.516 Thread 0x000001847fafa000 nmethod 2480 0x000001840b629510 code [0x000001840b6296c0, 0x000001840b629758]
Event: 2.516 Thread 0x000001847fafa000 2463       1       org.jetbrains.kotlin.com.intellij.util.containers.hash.LinkedHashMap$Entry::access$200 (5 bytes)
Event: 2.517 Thread 0x000001847fafa000 nmethod 2463 0x000001840b629810 code [0x000001840b6299c0, 0x000001840b629a58]
Event: 2.517 Thread 0x000001847fafa000 2458       1       org.jetbrains.kotlin.protobuf.SmallSortedMap::access$400 (5 bytes)
Event: 2.517 Thread 0x000001847fafa000 nmethod 2458 0x000001840b629b10 code [0x000001840b629cc0, 0x000001840b629d58]
Event: 2.517 Thread 0x000001847fafa000 2481       1       org.jetbrains.kotlin.com.intellij.openapi.diagnostic.DefaultLogger::isDebugEnabled (2 bytes)
Event: 2.517 Thread 0x000001847fafa000 nmethod 2481 0x000001840b629e10 code [0x000001840b629fc0, 0x000001840b62a078]

GC Heap History (9 events):
Event: 0.658 GC heap before
{Heap before GC invocations=0 (full 0):
 garbage-first heap   total 260096K, used 27648K [0x0000000703a00000, 0x0000000800000000)
  region size 1024K, 24 young (24576K), 0 survivors (0K)
 Metaspace       used 12531K, capacity 12631K, committed 12800K, reserved 1060864K
  class space    used 1130K, capacity 1184K, committed 1280K, reserved 1048576K
}
Event: 0.662 GC heap after
{Heap after GC invocations=1 (full 0):
 garbage-first heap   total 260096K, used 6392K [0x0000000703a00000, 0x0000000800000000)
  region size 1024K, 3 young (3072K), 3 survivors (3072K)
 Metaspace       used 12531K, capacity 12631K, committed 12800K, reserved 1060864K
  class space    used 1130K, capacity 1184K, committed 1280K, reserved 1048576K
}
Event: 1.316 GC heap before
{Heap before GC invocations=1 (full 0):
 garbage-first heap   total 260096K, used 43256K [0x0000000703a00000, 0x0000000800000000)
  region size 1024K, 40 young (40960K), 3 survivors (3072K)
 Metaspace       used 21029K, capacity 21205K, committed 21296K, reserved 1069056K
  class space    used 2215K, capacity 2307K, committed 2352K, reserved 1048576K
}
Event: 1.327 GC heap after
{Heap after GC invocations=2 (full 0):
 garbage-first heap   total 260096K, used 9912K [0x0000000703a00000, 0x0000000800000000)
  region size 1024K, 7 young (7168K), 7 survivors (7168K)
 Metaspace       used 21029K, capacity 21205K, committed 21296K, reserved 1069056K
  class space    used 2215K, capacity 2307K, committed 2352K, reserved 1048576K
}
Event: 2.232 GC heap before
{Heap before GC invocations=3 (full 0):
 garbage-first heap   total 260096K, used 65208K [0x0000000703a00000, 0x0000000800000000)
  region size 1024K, 56 young (57344K), 7 survivors (7168K)
 Metaspace       used 32538K, capacity 32970K, committed 33200K, reserved 1079296K
  class space    used 4057K, capacity 4243K, committed 4272K, reserved 1048576K
}
Event: 2.243 GC heap after
{Heap after GC invocations=4 (full 0):
 garbage-first heap   total 260096K, used 20792K [0x0000000703a00000, 0x0000000800000000)
  region size 1024K, 7 young (7168K), 7 survivors (7168K)
 Metaspace       used 32538K, capacity 32970K, committed 33200K, reserved 1079296K
  class space    used 4057K, capacity 4243K, committed 4272K, reserved 1048576K
}
Event: 2.336 GC heap before
{Heap before GC invocations=4 (full 0):
 garbage-first heap   total 260096K, used 25912K [0x0000000703a00000, 0x0000000800000000)
  region size 1024K, 12 young (12288K), 7 survivors (7168K)
 Metaspace       used 34084K, capacity 34538K, committed 34736K, reserved 1079296K
  class space    used 4215K, capacity 4403K, committed 4528K, reserved 1048576K
}
Event: 2.343 GC heap after
{Heap after GC invocations=5 (full 0):
 garbage-first heap   total 260096K, used 22310K [0x0000000703a00000, 0x0000000800000000)
  region size 1024K, 2 young (2048K), 2 survivors (2048K)
 Metaspace       used 34084K, capacity 34538K, committed 34736K, reserved 1079296K
  class space    used 4215K, capacity 4403K, committed 4528K, reserved 1048576K
}
Event: 2.526 GC heap before
{Heap before GC invocations=5 (full 0):
 garbage-first heap   total 260096K, used 31526K [0x0000000703a00000, 0x0000000800000000)
  region size 1024K, 12 young (12288K), 2 survivors (2048K)
 Metaspace       used 35392K, capacity 35765K, committed 35888K, reserved 1081344K
  class space    used 4361K, capacity 4535K, committed 4656K, reserved 1048576K
}

Deoptimization events (20 events):
Event: 2.486 Thread 0x000001847d28e000 Uncommon trap: trap_request=0xffffffde fr.pc=0x000001840b5e9c18 relative=0x0000000000000078
Event: 2.486 Thread 0x000001847d28e000 Uncommon trap: reason=class_check action=maybe_recompile pc=0x000001840b5e9c18 method=java.util.AbstractList$Itr.hasNext()Z @ 8 c2
Event: 2.486 Thread 0x000001847d28e000 DEOPT PACKING pc=0x000001840b5e9c18 sp=0x0000000160efdc20
Event: 2.486 Thread 0x000001847d28e000 DEOPT UNPACKING pc=0x0000018403a585af sp=0x0000000160efdbb8 mode 2
Event: 2.486 Thread 0x000001847d28e000 Uncommon trap: trap_request=0xffffffde fr.pc=0x000001840b5e9fa4 relative=0x00000000000000e4
Event: 2.486 Thread 0x000001847d28e000 Uncommon trap: reason=class_check action=maybe_recompile pc=0x000001840b5e9fa4 method=java.util.AbstractList$Itr.next()Ljava/lang/Object; @ 14 c2
Event: 2.486 Thread 0x000001847d28e000 DEOPT PACKING pc=0x000001840b5e9fa4 sp=0x0000000160efdbb0
Event: 2.486 Thread 0x000001847d28e000 DEOPT UNPACKING pc=0x0000018403a585af sp=0x0000000160efdb48 mode 2
Event: 2.488 Thread 0x000001847d28e000 Uncommon trap: trap_request=0xffffffde fr.pc=0x000001840b620b78 relative=0x0000000000000298
Event: 2.488 Thread 0x000001847d28e000 Uncommon trap: reason=class_check action=maybe_recompile pc=0x000001840b620b78 method=org.jetbrains.kotlin.protobuf.CodedInputStream.tryRefillBuffer(I)Z @ 177 c2
Event: 2.488 Thread 0x000001847d28e000 DEOPT PACKING pc=0x000001840b620b78 sp=0x0000000160efd7b0
Event: 2.488 Thread 0x000001847d28e000 DEOPT UNPACKING pc=0x0000018403a585af sp=0x0000000160efd740 mode 2
Event: 2.488 Thread 0x000001847d28e000 Uncommon trap: trap_request=0xffffffde fr.pc=0x000001840b5e9fa4 relative=0x00000000000000e4
Event: 2.488 Thread 0x000001847d28e000 Uncommon trap: reason=class_check action=maybe_recompile pc=0x000001840b5e9fa4 method=java.util.AbstractList$Itr.next()Ljava/lang/Object; @ 14 c2
Event: 2.488 Thread 0x000001847d28e000 DEOPT PACKING pc=0x000001840b5e9fa4 sp=0x0000000160efdbb0
Event: 2.488 Thread 0x000001847d28e000 DEOPT UNPACKING pc=0x0000018403a585af sp=0x0000000160efdb48 mode 2
Event: 2.488 Thread 0x000001847d28e000 Uncommon trap: trap_request=0xffffffde fr.pc=0x000001840b5e9fa4 relative=0x00000000000000e4
Event: 2.488 Thread 0x000001847d28e000 Uncommon trap: reason=class_check action=maybe_recompile pc=0x000001840b5e9fa4 method=java.util.AbstractList$Itr.next()Ljava/lang/Object; @ 14 c2
Event: 2.488 Thread 0x000001847d28e000 DEOPT PACKING pc=0x000001840b5e9fa4 sp=0x0000000160efdbb0
Event: 2.488 Thread 0x000001847d28e000 DEOPT UNPACKING pc=0x0000018403a585af sp=0x0000000160efdb48 mode 2

Classes redefined (0 events):
No events

Internal exceptions (20 events):
Event: 1.076 Thread 0x000001847d28e000 Exception <a 'java/lang/NoSuchMethodError'{0x00000007120c2268}: 'long java.lang.invoke.DelegatingMethodHandle$Holder.reinvoke_L(java.lang.Object, java.lang.Object, java.lang.Object)'> (0x00000007120c2268) thrown at [src/hotspot/share/interpreter/linkResolver.cpp, line 773]
Event: 1.078 Thread 0x000001847d28e000 Exception <a 'java/lang/NoSuchMethodError'{0x00000007120cbf28}: 'int java.lang.invoke.DirectMethodHandle$Holder.invokeSpecial(java.lang.Object, java.lang.Object, java.lang.Object, java.lang.Object)'> (0x00000007120cbf28) thrown at [src/hotspot/share/interpreter/linkResolver.cpp, line 773]
Event: 1.079 Thread 0x000001847d28e000 Exception <a 'java/lang/NoSuchMethodError'{0x00000007120dad08}: 'int java.lang.invoke.DelegatingMethodHandle$Holder.reinvoke_L(java.lang.Object, java.lang.Object, java.lang.Object, long, int)'> (0x00000007120dad08) thrown at [src/hotspot/share/interpreter/linkResolver.cpp, line 773]
Event: 1.185 Thread 0x000001847d28e000 Exception <a 'java/lang/NoSuchMethodError'{0x0000000711843970}: 'int java.lang.invoke.DirectMethodHandle$Holder.invokeSpecialIFC(java.lang.Object, java.lang.Object, int)'> (0x0000000711843970) thrown at [src/hotspot/share/interpreter/linkResolver.cpp, line 773]
Event: 1.303 Thread 0x000001847d28e000 Exception <a 'java/lang/NoSuchMethodError'{0x0000000711178ab0}: 'java.lang.Object java.lang.invoke.DirectMethodHandle$Holder.invokeStaticInit(java.lang.Object, int)'> (0x0000000711178ab0) thrown at [src/hotspot/share/interpreter/linkResolver.cpp, line 773]
Event: 1.345 Thread 0x000001847d28e000 Exception <a 'java/lang/NoSuchMethodError'{0x00000007137f9770}: 'long java.lang.invoke.DirectMethodHandle$Holder.invokeStatic(java.lang.Object)'> (0x00000007137f9770) thrown at [src/hotspot/share/interpreter/linkResolver.cpp, line 773]
Event: 1.345 Thread 0x000001847d28e000 Exception <a 'java/lang/NoSuchMethodError'{0x00000007137fc5c8}: 'long java.lang.invoke.DirectMethodHandle$Holder.invokeStaticInit(java.lang.Object)'> (0x00000007137fc5c8) thrown at [src/hotspot/share/interpreter/linkResolver.cpp, line 773]
Event: 1.401 Thread 0x000001847d28e000 Exception <a 'java/lang/NoSuchMethodError'{0x00000007133a52f8}: 'int java.lang.invoke.DirectMethodHandle$Holder.invokeStaticInit(java.lang.Object, java.lang.Object, java.lang.Object)'> (0x00000007133a52f8) thrown at [src/hotspot/share/interpreter/linkResolver.cpp, line 773]
Event: 1.405 Thread 0x000001847d28e000 Exception <a 'java/lang/NoSuchMethodError'{0x00000007133d0948}: 'int java.lang.invoke.DirectMethodHandle$Holder.invokeStaticInit(java.lang.Object, java.lang.Object)'> (0x00000007133d0948) thrown at [src/hotspot/share/interpreter/linkResolver.cpp, line 773]
Event: 1.443 Thread 0x000001847d28e000 Exception <a 'java/lang/NoSuchMethodError'{0x00000007131e3d40}: 'void java.lang.invoke.DirectMethodHandle$Holder.invokeSpecial(java.lang.Object, java.lang.Object)'> (0x00000007131e3d40) thrown at [src/hotspot/share/interpreter/linkResolver.cpp, line 773]
Event: 1.605 Thread 0x000001847d28e000 Exception <a 'java/lang/NoSuchMethodError'{0x0000000712846048}: 'java.lang.Object java.lang.invoke.DirectMethodHandle$Holder.invokeStatic(java.lang.Object, java.lang.Object, java.lang.Object, java.lang.Object, java.lang.Object, java.lang.Object, java.lang.Object, java.lang.Object, java.lang.Object, java.lang.Object, java.lang.Object, java.lang.Object, java.lang.Object, java.lang.Object, java.lang.Object)'> (0x0000000712846048) thrown at [src/hotspot/share/interpreter/linkResolver.cpp, line 773]
Event: 1.606 Thread 0x000001847d28e000 Exception <a 'java/lang/NoSuchMethodError'{0x0000000712854050}: 'java.lang.Object java.lang.invoke.DirectMethodHandle$Holder.invokeStatic(java.lang.Object, java.lang.Object, java.lang.Object, java.lang.Object, java.lang.Object, java.lang.Object, java.lang.Object, java.lang.Object, java.lang.Object, java.lang.Object, java.lang.Object, java.lang.Object, java.lang.Object, java.lang.Object, java.lang.Object, java.lang.Object)'> (0x0000000712854050) thrown at [src/hotspot/share/interpreter/linkResolver.cpp, lin
Event: 1.607 Thread 0x000001847d28e000 Exception <a 'java/lang/NoSuchMethodError'{0x0000000712861f68}: 'java.lang.Object java.lang.invoke.DirectMethodHandle$Holder.invokeSpecial(java.lang.Object, java.lang.Object, int, int, java.lang.Object, java.lang.Object, java.lang.Object)'> (0x0000000712861f68) thrown at [src/hotspot/share/interpreter/linkResolver.cpp, line 773]
Event: 1.607 Thread 0x000001847d28e000 Exception <a 'java/lang/NoSuchMethodError'{0x00000007128657a0}: 'java.lang.Object java.lang.invoke.DelegatingMethodHandle$Holder.reinvoke_L(java.lang.Object, int, int, java.lang.Object, java.lang.Object, java.lang.Object)'> (0x00000007128657a0) thrown at [src/hotspot/share/interpreter/linkResolver.cpp, line 773]
Event: 1.608 Thread 0x000001847d28e000 Exception <a 'java/lang/NoSuchMethodError'{0x0000000712869b28}: 'java.lang.Object java.lang.invoke.DirectMethodHandle$Holder.invokeStatic(java.lang.Object, java.lang.Object, java.lang.Object, java.lang.Object, int)'> (0x0000000712869b28) thrown at [src/hotspot/share/interpreter/linkResolver.cpp, line 773]
Event: 1.649 Thread 0x000001847d28e000 Exception <a 'java/lang/NoSuchMethodError'{0x000000071278e798}: 'void java.lang.invoke.DirectMethodHandle$Holder.invokeStatic(java.lang.Object, java.lang.Object, java.lang.Object, java.lang.Object)'> (0x000000071278e798) thrown at [src/hotspot/share/interpreter/linkResolver.cpp, line 773]
Event: 1.725 Thread 0x000001847d28e000 Exception <a 'java/lang/NoSuchMethodError'{0x000000071236f1d8}: 'void java.lang.invoke.DirectMethodHandle$Holder.invokeStaticInit(java.lang.Object, java.lang.Object)'> (0x000000071236f1d8) thrown at [src/hotspot/share/interpreter/linkResolver.cpp, line 773]
Event: 1.813 Thread 0x000001847d28e000 Exception <a 'java/lang/NoSuchMethodError'{0x0000000711f99ba8}: 'void java.lang.invoke.DirectMethodHandle$Holder.invokeVirtual(java.lang.Object, java.lang.Object)'> (0x0000000711f99ba8) thrown at [src/hotspot/share/interpreter/linkResolver.cpp, line 773]
Event: 1.823 Thread 0x000001847d28e000 Exception <a 'java/lang/NoSuchMethodError'{0x0000000711e22da8}: 'int java.lang.invoke.DirectMethodHandle$Holder.invokeVirtual(java.lang.Object, java.lang.Object)'> (0x0000000711e22da8) thrown at [src/hotspot/share/interpreter/linkResolver.cpp, line 773]
Event: 2.468 Thread 0x000001847d28e000 Exception <a 'java/lang/NoSuchMethodError'{0x0000000712fcb800}: 'java.lang.Object java.lang.invoke.DirectMethodHandle$Holder.invokeVirtual(java.lang.Object, java.lang.Object, java.lang.Object)'> (0x0000000712fcb800) thrown at [src/hotspot/share/interpreter/linkResolver.cpp, line 773]

Events (20 events):
Event: 2.524 loading class org/jetbrains/kotlin/resolve/calls/checkers/CallChecker done
Event: 2.524 loading class org/jetbrains/kotlin/resolve/jvm/checkers/MissingBuiltInDeclarationChecker
Event: 2.524 loading class org/jetbrains/kotlin/resolve/jvm/checkers/MissingBuiltInDeclarationChecker done
Event: 2.525 loading class org/jetbrains/kotlin/resolve/jvm/checkers/JavaAnnotationCallChecker
Event: 2.525 loading class org/jetbrains/kotlin/resolve/jvm/checkers/JavaAnnotationCallChecker done
Event: 2.525 loading class org/jetbrains/kotlin/resolve/jvm/checkers/JavaAnnotationCallChecker$Companion
Event: 2.525 loading class org/jetbrains/kotlin/resolve/jvm/checkers/JavaAnnotationCallChecker$Companion done
Event: 2.525 loading class org/jetbrains/kotlin/resolve/jvm/checkers/SuspensionPointInsideMutexLockChecker
Event: 2.525 loading class org/jetbrains/kotlin/resolve/jvm/checkers/SuspensionPointInsideMutexLockChecker done
Event: 2.525 loading class org/jetbrains/kotlin/resolve/jvm/checkers/JavaClassOnCompanionChecker
Event: 2.525 loading class org/jetbrains/kotlin/resolve/jvm/checkers/JavaClassOnCompanionChecker done
Event: 2.525 loading class org/jetbrains/kotlin/resolve/jvm/checkers/ProtectedInSuperClassCompanionCallChecker
Event: 2.525 loading class org/jetbrains/kotlin/resolve/jvm/checkers/ProtectedInSuperClassCompanionCallChecker done
Event: 2.526 loading class org/jetbrains/kotlin/resolve/jvm/checkers/UnsupportedSyntheticCallableReferenceChecker
Event: 2.526 loading class org/jetbrains/kotlin/resolve/jvm/checkers/UnsupportedSyntheticCallableReferenceChecker done
Event: 2.526 loading class org/jetbrains/kotlin/resolve/jvm/checkers/SuperCallWithDefaultArgumentsChecker
Event: 2.526 loading class org/jetbrains/kotlin/resolve/jvm/checkers/SuperCallWithDefaultArgumentsChecker done
Event: 2.526 loading class org/jetbrains/kotlin/resolve/jvm/checkers/ProtectedSyntheticExtensionCallChecker
Event: 2.526 loading class org/jetbrains/kotlin/resolve/jvm/checkers/ProtectedSyntheticExtensionCallChecker done
Event: 2.526 Executing VM operation: CollectForMetadataAllocation


Dynamic libraries:
0x00007ff7f3710000 - 0x00007ff7f371a000 	C:\Program Files\Android\Android Studio\jbr\bin\java.exe
0x00007ffbbc8b0000 - 0x00007ffbbcac4000 	C:\WINDOWS\SYSTEM32\ntdll.dll
0x00007ffbbb630000 - 0x00007ffbbb6f3000 	C:\WINDOWS\System32\KERNEL32.DLL
0x00007ffbba020000 - 0x00007ffbba3bc000 	C:\WINDOWS\System32\KERNELBASE.dll
0x00007ffbb9d40000 - 0x00007ffbb9e51000 	C:\WINDOWS\System32\ucrtbase.dll
0x00007ffb71c70000 - 0x00007ffb71c8b000 	C:\Program Files\Android\Android Studio\jbr\bin\VCRUNTIME140.dll
0x00007ffb79af0000 - 0x00007ffb79b07000 	C:\Program Files\Android\Android Studio\jbr\bin\jli.dll
0x00007ffbbc690000 - 0x00007ffbbc83d000 	C:\WINDOWS\System32\USER32.dll
0x00007ffb9a9e0000 - 0x00007ffb9ac6e000 	C:\WINDOWS\WinSxS\amd64_microsoft.windows.common-controls_6595b64144ccf1df_6.0.22621.608_none_a9444ca7c10bb01d\COMCTL32.dll
0x00007ffbbb920000 - 0x00007ffbbb9c7000 	C:\WINDOWS\System32\msvcrt.dll
0x00007ffbba530000 - 0x00007ffbba556000 	C:\WINDOWS\System32\win32u.dll
0x00007ffbbb480000 - 0x00007ffbbb4a9000 	C:\WINDOWS\System32\GDI32.dll
0x00007ffbb9e60000 - 0x00007ffbb9f73000 	C:\WINDOWS\System32\gdi32full.dll
0x00007ffbb9f80000 - 0x00007ffbba01a000 	C:\WINDOWS\System32\msvcp_win.dll
0x00007ffbba910000 - 0x00007ffbba941000 	C:\WINDOWS\System32\IMM32.DLL
0x00007ffb79d70000 - 0x00007ffb79d7c000 	C:\Program Files\Android\Android Studio\jbr\bin\vcruntime140_1.dll
0x00007ffb62330000 - 0x00007ffb623bd000 	C:\Program Files\Android\Android Studio\jbr\bin\msvcp140.dll
0x00007ffb06e00000 - 0x00007ffb079bc000 	C:\Program Files\Android\Android Studio\jbr\bin\server\jvm.dll
0x00007ffbba690000 - 0x00007ffbba73e000 	C:\WINDOWS\System32\ADVAPI32.dll
0x00007ffbbb160000 - 0x00007ffbbb204000 	C:\WINDOWS\System32\sechost.dll
0x00007ffbbb9d0000 - 0x00007ffbbbae5000 	C:\WINDOWS\System32\RPCRT4.dll
0x00007ffbbc030000 - 0x00007ffbbc038000 	C:\WINDOWS\System32\PSAPI.DLL
0x00007ffb818c0000 - 0x00007ffb818c9000 	C:\WINDOWS\SYSTEM32\WSOCK32.dll
0x00007ffbae510000 - 0x00007ffbae51a000 	C:\WINDOWS\SYSTEM32\VERSION.dll
0x00007ffbb02f0000 - 0x00007ffbb0324000 	C:\WINDOWS\SYSTEM32\WINMM.dll
0x00007ffbbb4b0000 - 0x00007ffbbb521000 	C:\WINDOWS\System32\WS2_32.dll
0x00007ffbb8de0000 - 0x00007ffbb8df8000 	C:\WINDOWS\SYSTEM32\kernel.appcore.dll
0x00007ffbb6590000 - 0x00007ffbb65a0000 	C:\Program Files\Android\Android Studio\jbr\bin\verify.dll
0x00007ffbb7650000 - 0x00007ffbb787e000 	C:\WINDOWS\SYSTEM32\DBGHELP.DLL
0x00007ffbbbaf0000 - 0x00007ffbbbe79000 	C:\WINDOWS\System32\combase.dll
0x00007ffbbb210000 - 0x00007ffbbb2e7000 	C:\WINDOWS\System32\OLEAUT32.dll
0x00007ffb97f30000 - 0x00007ffb97f62000 	C:\WINDOWS\SYSTEM32\dbgcore.DLL
0x00007ffbb9cc0000 - 0x00007ffbb9d3b000 	C:\WINDOWS\System32\bcryptPrimitives.dll
0x00007ffbb6500000 - 0x00007ffbb6528000 	C:\Program Files\Android\Android Studio\jbr\bin\java.dll
0x00007ffbb64f0000 - 0x00007ffbb64fa000 	C:\Program Files\Android\Android Studio\jbr\bin\jimage.dll
0x00007ffb9d260000 - 0x00007ffb9d278000 	C:\Program Files\Android\Android Studio\jbr\bin\zip.dll
0x00007ffbba970000 - 0x00007ffbbb160000 	C:\WINDOWS\System32\SHELL32.dll
0x00007ffbb7c80000 - 0x00007ffbb854e000 	C:\WINDOWS\SYSTEM32\windows.storage.dll
0x00007ffbb7b40000 - 0x00007ffbb7c7e000 	C:\WINDOWS\SYSTEM32\wintypes.dll
0x00007ffbbb380000 - 0x00007ffbbb471000 	C:\WINDOWS\System32\SHCORE.dll
0x00007ffbbc630000 - 0x00007ffbbc68e000 	C:\WINDOWS\System32\shlwapi.dll
0x00007ffbb9bf0000 - 0x00007ffbb9c11000 	C:\WINDOWS\SYSTEM32\profapi.dll
0x00007ffb9d240000 - 0x00007ffb9d259000 	C:\Program Files\Android\Android Studio\jbr\bin\net.dll
0x00007ffbb4410000 - 0x00007ffbb453f000 	C:\WINDOWS\SYSTEM32\WINHTTP.dll
0x00007ffbb9270000 - 0x00007ffbb92d9000 	C:\WINDOWS\system32\mswsock.dll
0x00007ffb9bd20000 - 0x00007ffb9bd33000 	C:\Program Files\Android\Android Studio\jbr\bin\nio.dll

dbghelp: loaded successfully - version: 4.0.5 - missing functions: none
symbol engine: initialized successfully - sym options: 0x614 - pdb path: .;C:\Program Files\Android\Android Studio\jbr\bin;C:\WINDOWS\SYSTEM32;C:\WINDOWS\WinSxS\amd64_microsoft.windows.common-controls_6595b64144ccf1df_6.0.22621.608_none_a9444ca7c10bb01d;C:\Program Files\Android\Android Studio\jbr\bin\server

VM Arguments:
java_command: org.jetbrains.kotlin.cli.jvm.K2JVMCompiler @E:\Mobile Apps\HomeWork\HomeWork\app\build\20230401_252626772150059432.compiler.options
java_class_path (initial): C:\Users\hp\.gradle\caches\modules-2\files-2.1\org.jetbrains.kotlin\kotlin-compiler-embeddable\1.7.10\909803167c98606fcf22b4c848647c68e351d48d\kotlin-compiler-embeddable-1.7.10.jar;C:\Users\hp\.gradle\caches\modules-2\files-2.1\org.jetbrains.kotlin\kotlin-reflect\1.7.10\165e600dfea6185cf5efa700756294cc4904dbeb\kotlin-reflect-1.7.10.jar;C:\Users\hp\.gradle\caches\modules-2\files-2.1\org.jetbrains.kotlin\kotlin-stdlib\1.7.10\d2abf9e77736acc4450dc4a3f707fa2c10f5099d\kotlin-stdlib-1.7.10.jar;C:\Users\hp\.gradle\caches\modules-2\files-2.1\org.jetbrains.kotlin\kotlin-script-runtime\1.7.10\c99c87a6988d8fd8d5142e9ed5c9f34a7cf561ee\kotlin-script-runtime-1.7.10.jar;C:\Users\hp\.gradle\caches\modules-2\files-2.1\org.jetbrains.kotlin\kotlin-daemon-embeddable\1.7.10\3a9f7aef7080d3ae63126cbba4f827ed664f32fa\kotlin-daemon-embeddable-1.7.10.jar;C:\Users\hp\.gradle\caches\modules-2\files-2.1\org.jetbrains.intellij.deps\trove4j\1.0.20200330\3afb14d5f9ceb459d724e907a21145e8ff394f02\trove4j-1.0.20200330.jar;C:\Users\hp\.gradle\caches\modules-2\files-2.1\net.java.dev.jna\jna\5.6.0\330f2244e9030119ab3030fc3fededc86713d9cc\jna-5.6.0.jar;C:\Users\hp\.gradle\caches\modules-2\files-2.1\org.jetbrains.kotlin\kotlin-stdlib-common\1.7.10\bac80c520d0a9e3f3673bc2658c6ed02ef45a76a\kotlin-stdlib-common-1.7.10.jar;C:\Users\hp\.gradle\caches\modules-2\files-2.1\org.jetbrains\annotations\13.0\919f0dfe192fb4e063e7dacadee7f8bb9a2672a9\annotations-13.0.jar
Launcher Type: SUN_STANDARD

[Global flags]
     intx CICompilerCount                          = 4                                         {product} {ergonomic}
     uint ConcGCThreads                            = 2                                         {product} {ergonomic}
     uint G1ConcRefinementThreads                  = 8                                         {product} {ergonomic}
   size_t G1HeapRegionSize                         = 1048576                                   {product} {ergonomic}
    uintx GCDrainStackTargetSize                   = 64                                        {product} {ergonomic}
   size_t InitialHeapSize                          = 266338304                                 {product} {ergonomic}
   size_t MarkStackSize                            = 4194304                                   {product} {ergonomic}
   size_t MaxHeapSize                              = 4234149888                                {product} {ergonomic}
   size_t MaxNewSize                               = 2539651072                                {product} {ergonomic}
   size_t MinHeapDeltaBytes                        = 1048576                                   {product} {ergonomic}
    uintx NonNMethodCodeHeapSize                   = 5836300                                {pd product} {ergonomic}
    uintx NonProfiledCodeHeapSize                  = 122910970                              {pd product} {ergonomic}
    uintx ProfiledCodeHeapSize                     = 122910970                              {pd product} {ergonomic}
    uintx ReservedCodeCacheSize                    = 251658240                              {pd product} {ergonomic}
     bool SegmentedCodeCache                       = true                                      {product} {ergonomic}
     bool UseCompressedClassPointers               = true                                 {lp64_product} {ergonomic}
     bool UseCompressedOops                        = true                                 {lp64_product} {ergonomic}
     bool UseG1GC                                  = true                                      {product} {ergonomic}
     bool UseLargePagesIndividualAllocation        = false                                  {pd product} {ergonomic}

Logging:
Log output configuration:
 #0: stdout all=warning uptime,level,tags
 #1: stderr all=off uptime,level,tags

Environment Variables:
JAVA_HOME=C:\Program Files\Java\jdk-15.0.2
PATH=E:\DevSuiteHome_1\jdk\jre\bin\client;E:\DevSuiteHome_1\jlib;E:\DevSuiteHome_1\bin;E:\DevSuiteHome_1\jre\1.4.2\bin\client;E:\DevSuiteHome_1\jre\1.4.2\bin;C:\oraclexe\app\oracle\product\11.2.0\server\bin;C:\Oracle\DB\bin;C:\Program Files\Common Files\Oracle\Java\javapath;C:\Program Files (x86)\Common Files\Oracle\Java\javapath;C:\Python39\Scripts\;C:\Python39\;C:\WINDOWS\system32;C:\WINDOWS;C:\WINDOWS\System32\Wbem;C:\WINDOWS\System32\WindowsPowerShell\v1.0\;C:\WINDOWS\System32\OpenSSH\;C:\Program Files\Microsoft SQL Server\130\Tools\Binn\;C:\Program Files\Microsoft SQL Server\Client SDK\ODBC\170\Tools\Binn\;C:\Program Files (x86)\Microsoft SQL Server\150\Tools\Binn\;C:\Program Files\Microsoft SQL Server\150\Tools\Binn\;C:\Program Files\Microsoft SQL Server\150\DTS\Binn\;C:\Program Files (x86)\Microsoft SQL Server\150\DTS\Binn\;C:\Program Files\Azure Data Studio\bin;C:\ProgramData\chocolatey\bin;C:\Program Files\dotnet\;C:\Program Files (x86)\dotnet\;C:\Program Files\nodejs\;C:\Program Files\Git\cmd;C:\Program Files\Azure Data Studio\bin;C:\Users\hp\AppData\Local\Android\Sdk\platform-tools;C:\Program Files\nodejs;C:\Users\hp\.dotnet\tools;C:\Program Files\Java\jdk-16.0.2\bin;C:\Users\hp\AppData\Roaming\npm;C:\Users\hp\AppData\Local\Microsoft\WindowsApps;C:\Users\hp\AppData\Local\Programs\Microsoft VS Code\bin
USERNAME=hp
OS=Windows_NT
PROCESSOR_IDENTIFIER=Intel64 Family 6 Model 140 Stepping 1, GenuineIntel



---------------  S Y S T E M  ---------------

OS: Windows 11 , 64 bit Build 22621 (10.0.22621.1344)
OS uptime: 0 days 7:10 hours
Hyper-V role detected

CPU:total 8 (initial active 8) (4 cores per cpu, 2 threads per core) family 6 model 140 stepping 1 microcode 0xa4, cmov, cx8, fxsr, mmx, sse, sse2, sse3, ssse3, sse4.1, sse4.2, popcnt, avx, avx2, aes, clmul, erms, 3dnowpref, lzcnt, ht, tsc, tscinvbit, bmi1, bmi2, adx, evex, sha, fma

Memory: 4k page, system-wide physical 16149M (2080M free)
TotalPageFile size 20149M (AvailPageFile size 16M)
current process WorkingSet (physical memory assigned to process): 209M, peak: 209M
current process commit charge ("private bytes"): 417M, peak: 468M

vm_info: OpenJDK 64-Bit Server VM (11.0.15+0-b2043.56-9505619) for windows-amd64 JRE (11.0.15+0-b2043.56-9505619), built on Jan 19 2023 02:48:00 by "builduser" with unknown MS VC++:1929

END.
