#
# There is insufficient memory for the Java Runtime Environment to continue.
# Native memory allocation (malloc) failed to allocate 1165776 bytes for Chunk::new
# Possible reasons:
#   The system is out of physical RAM or swap space
#   The process is running with CompressedOops enabled, and the Java Heap may be blocking the growth of the native heap
# Possible solutions:
#   Reduce memory load on the system
#   Increase physical memory or swap space
#   Check if swap backing store is full
#   Decrease Java heap size (-Xmx/-Xms)
#   Decrease number of Java threads
#   Decrease Java thread stack sizes (-Xss)
#   Set larger code cache with -XX:ReservedCodeCacheSize=
#   JVM is running with Unscaled Compressed Oops mode in which the Java heap is
#     placed in the first 4GB address space. The Java Heap base address is the
#     maximum limit for the native heap growth. Please use -XX:HeapBaseMinAddress
#     to set the Java Heap base and to place the Java Heap above 4GB virtual address.
# This output file may be truncated or incomplete.
#
#  Out of Memory Error (src/hotspot/share/memory/arena.cpp:197), pid=18672, tid=10656
#
# JRE version: OpenJDK Runtime Environment (11.0.15) (build 11.0.15+0-b2043.56-9505619)
# Java VM: OpenJDK 64-Bit Server VM (11.0.15+0-b2043.56-9505619, mixed mode, tiered, compressed oops, g1 gc, windows-amd64)
# No core dump will be written. Minidumps are not enabled by default on client versions of Windows
#

---------------  S U M M A R Y ------------

Command Line: --add-opens=java.base/java.util=ALL-UNNAMED --add-opens=java.base/java.lang=ALL-UNNAMED --add-opens=java.base/java.lang.invoke=ALL-UNNAMED --add-opens=java.base/java.util=ALL-UNNAMED --add-opens=java.prefs/java.util.prefs=ALL-UNNAMED --add-opens=java.prefs/java.util.prefs=ALL-UNNAMED --add-opens=java.base/java.nio.charset=ALL-UNNAMED --add-opens=java.base/java.net=ALL-UNNAMED --add-opens=java.base/java.util.concurrent.atomic=ALL-UNNAMED -Xmx2048m -Dfile.encoding=UTF-8 -Duser.country=IN -Duser.language=en -Duser.variant org.gradle.launcher.daemon.bootstrap.GradleDaemon 7.5

Host: 11th Gen Intel(R) Core(TM) i7-1165G7 @ 2.80GHz, 8 cores, 15G,  Windows 11 , 64 bit Build 22621 (10.0.22621.1344)
Time: Sat Apr  1 23:12:09 2023 India Standard Time elapsed time: 13.679465 seconds (0d 0h 0m 13s)

---------------  T H R E A D  ---------------

Current thread (0x000002adc1bd0800):  JavaThread "C2 CompilerThread1" daemon [_thread_in_native, id=10656, stack(0x000000b021100000,0x000000b021200000)]


Current CompileTask:
C2:  13679 10802       4       java.lang.reflect.AccessibleObject::checkCanSetAccessible (386 bytes)

Stack: [0x000000b021100000,0x000000b021200000]
Native frames: (J=compiled Java code, j=interpreted, Vv=VM code, C=native code)
V  [jvm.dll+0x64135a]
V  [jvm.dll+0x7d39f9]
V  [jvm.dll+0x7d51b9]
V  [jvm.dll+0x7d58a3]
V  [jvm.dll+0x2691c5]
V  [jvm.dll+0xc1a5c]
V  [jvm.dll+0xc200c]
V  [jvm.dll+0x377462]
V  [jvm.dll+0x342495]
V  [jvm.dll+0x34186a]
V  [jvm.dll+0x2214bd]
V  [jvm.dll+0x220498]
V  [jvm.dll+0x19e851]
V  [jvm.dll+0x230479]
V  [jvm.dll+0x22e5ef]
V  [jvm.dll+0x794de1]
V  [jvm.dll+0x78dc24]
V  [jvm.dll+0x6400f6]
C  [ucrtbase.dll+0x29363]
C  [KERNEL32.DLL+0x126bd]
C  [ntdll.dll+0x5a9f8]


---------------  P R O C E S S  ---------------

Threads class SMR info:
_java_thread_list=0x000002adc3ffc3b0, length=137, elements={
0x000002ada1700000, 0x000002adbe3cb000, 0x000002adbe3d4000, 0x000002adbe42a800,
0x000002adbe42b800, 0x000002adbe42c800, 0x000002adbe430000, 0x000002adbe438800,
0x000002adbe441800, 0x000002adbe5a9800, 0x000002adbfd57000, 0x000002adbe65c000,
0x000002adbe685800, 0x000002adbfb39800, 0x000002adbfca3800, 0x000002adbfdc3800,
0x000002adc116a800, 0x000002adc15e2000, 0x000002adc0c25800, 0x000002adc0eaf800,
0x000002adc048e000, 0x000002adc0488800, 0x000002adc048b000, 0x000002adc1bd0800,
0x000002adc048d000, 0x000002adc048a000, 0x000002adc048b800, 0x000002adc0489000,
0x000002adc048f000, 0x000002adc048c800, 0x000002adc40dc000, 0x000002adc40de000,
0x000002adc40dd000, 0x000002adc40de800, 0x000002adc40e6000, 0x000002adc40e1000,
0x000002adc40e7800, 0x000002adc40e2000, 0x000002adc40e5000, 0x000002adc40e3000,
0x000002adc40e3800, 0x000002adbea50800, 0x000002adbea4e000, 0x000002adbea4b000,
0x000002adbea4f000, 0x000002adbea4d000, 0x000002adbea51800, 0x000002adbea4b800,
0x000002adbea52000, 0x000002adbea4c800, 0x000002adbea55800, 0x000002adbea54800,
0x000002adbea53000, 0x000002adbea4f800, 0x000002adbea54000, 0x000002adbea56000,
0x000002adbea58800, 0x000002adbea59800, 0x000002adbea57000, 0x000002adbea58000,
0x000002adc0edb000, 0x000002adc0edc000, 0x000002adc0edc800, 0x000002adc0edd800,
0x000002adc0ede800, 0x000002adc0edf000, 0x000002adc0ed9800, 0x000002adc0ee0000,
0x000002adc0eda000, 0x000002adc0ee3000, 0x000002adc0ee1800, 0x000002adc0ee4000,
0x000002adc0ee5000, 0x000002adc0ee2800, 0x000002adc0ee5800, 0x000002adc0ee6800,
0x000002adc0ee0800, 0x000002adc0ee7000, 0x000002adc0ee8000, 0x000002adbeb75000,
0x000002adbeb6f800, 0x000002adbeb72000, 0x000002adbeb72800, 0x000002adbeb70000,
0x000002adbeb71000, 0x000002adbeb79000, 0x000002adbeb77000, 0x000002adbeb74800,
0x000002adbeb78800, 0x000002adbeb73800, 0x000002adbeb77800, 0x000002adbeb7a000,
0x000002adbeb7b000, 0x000002adbeb7b800, 0x000002adbeb76000, 0x000002adbeb7c800,
0x000002adbeb7d800, 0x000002adbeb7e000, 0x000002adc39cc800, 0x000002adc39d1800,
0x000002adc39cd800, 0x000002adc39cb800, 0x000002adc39d2000, 0x000002adc39d3000,
0x000002adc39d4000, 0x000002adc39ce000, 0x000002adc39d4800, 0x000002adc39cf000,
0x000002adc39d0800, 0x000002adc39d5800, 0x000002adc39cf800, 0x000002adc39d8800,
0x000002adc39d6800, 0x000002adc39da800, 0x000002adc39d7000, 0x000002adc39d8000,
0x000002adc39d9800, 0x000002adc3c58000, 0x000002adc3c59000, 0x000002adbea3e000,
0x000002adc3c59800, 0x000002adc3c57000, 0x000002adc3c56800, 0x000002adc3c5a800,
0x000002adc3c54800, 0x000002adc3c61800, 0x000002adc3c5c000, 0x000002adc3c60000,
0x000002adc3c5e800, 0x000002adc3c61000, 0x000002adc3c5d000, 0x000002adc3c62800,
0x000002adc3c63800, 0x000002adc3c5d800, 0x000002adc9680800, 0x000002adc967c800,
0x000002adc967d000
}

Java Threads: ( => current thread )
  0x000002ada1700000 JavaThread "main" [_thread_blocked, id=22520, stack(0x000000b01eb00000,0x000000b01ec00000)]
  0x000002adbe3cb000 JavaThread "Reference Handler" daemon [_thread_blocked, id=19320, stack(0x000000b01f200000,0x000000b01f300000)]
  0x000002adbe3d4000 JavaThread "Finalizer" daemon [_thread_blocked, id=14580, stack(0x000000b01f300000,0x000000b01f400000)]
  0x000002adbe42a800 JavaThread "Signal Dispatcher" daemon [_thread_blocked, id=2248, stack(0x000000b01f400000,0x000000b01f500000)]
  0x000002adbe42b800 JavaThread "Attach Listener" daemon [_thread_blocked, id=21400, stack(0x000000b01f500000,0x000000b01f600000)]
  0x000002adbe42c800 JavaThread "Service Thread" daemon [_thread_blocked, id=1816, stack(0x000000b01f600000,0x000000b01f700000)]
  0x000002adbe430000 JavaThread "C2 CompilerThread0" daemon [_thread_in_native, id=2136, stack(0x000000b01f700000,0x000000b01f800000)]
  0x000002adbe438800 JavaThread "C1 CompilerThread0" daemon [_thread_blocked, id=2228, stack(0x000000b01f800000,0x000000b01f900000)]
  0x000002adbe441800 JavaThread "Sweeper thread" daemon [_thread_blocked, id=14392, stack(0x000000b01f900000,0x000000b01fa00000)]
  0x000002adbe5a9800 JavaThread "Common-Cleaner" daemon [_thread_blocked, id=22296, stack(0x000000b01fa00000,0x000000b01fb00000)]
  0x000002adbfd57000 JavaThread "Daemon health stats" [_thread_blocked, id=13512, stack(0x000000b020300000,0x000000b020400000)]
  0x000002adbe65c000 JavaThread "Incoming local TCP Connector on port 64765" [_thread_in_native, id=5132, stack(0x000000b01fc00000,0x000000b01fd00000)]
  0x000002adbe685800 JavaThread "Daemon periodic checks" [_thread_blocked, id=16248, stack(0x000000b01fd00000,0x000000b01fe00000)]
  0x000002adbfb39800 JavaThread "Daemon" [_thread_blocked, id=23244, stack(0x000000b020400000,0x000000b020500000)]
  0x000002adbfca3800 JavaThread "Handler for socket connection from /127.0.0.1:64765 to /127.0.0.1:64766" [_thread_in_native, id=22432, stack(0x000000b020500000,0x000000b020600000)]
  0x000002adbfdc3800 JavaThread "Cancel handler" [_thread_blocked, id=21120, stack(0x000000b020600000,0x000000b020700000)]
  0x000002adc116a800 JavaThread "Daemon worker" [_thread_blocked, id=21796, stack(0x000000b020700000,0x000000b020800000)]
  0x000002adc15e2000 JavaThread "Asynchronous log dispatcher for DefaultDaemonConnection: socket connection from /127.0.0.1:64765 to /127.0.0.1:64766" [_thread_blocked, id=4040, stack(0x000000b020800000,0x000000b020900000)]
  0x000002adc0c25800 JavaThread "Stdin handler" [_thread_blocked, id=16040, stack(0x000000b020900000,0x000000b020a00000)]
  0x000002adc0eaf800 JavaThread "Daemon client event forwarder" [_thread_blocked, id=18092, stack(0x000000b020a00000,0x000000b020b00000)]
  0x000002adc048e000 JavaThread "Cache worker for journal cache (C:\Users\hp\.gradle\caches\journal-1)" [_thread_blocked, id=12484, stack(0x000000b020b00000,0x000000b020c00000)]
  0x000002adc0488800 JavaThread "File lock request listener" [_thread_in_native, id=12240, stack(0x000000b020c00000,0x000000b020d00000)]
  0x000002adc048b000 JavaThread "Cache worker for file hash cache (C:\Users\hp\.gradle\caches\7.5\fileHashes)" [_thread_blocked, id=12212, stack(0x000000b020d00000,0x000000b020e00000)]
=>0x000002adc1bd0800 JavaThread "C2 CompilerThread1" daemon [_thread_in_native, id=10656, stack(0x000000b021100000,0x000000b021200000)]
  0x000002adc048d000 JavaThread "File watcher server" daemon [_thread_in_native, id=20512, stack(0x000000b021300000,0x000000b021400000)]
  0x000002adc048a000 JavaThread "File watcher consumer" daemon [_thread_blocked, id=22312, stack(0x000000b021400000,0x000000b021500000)]
  0x000002adc048b800 JavaThread "Cache worker for checksums cache (E:\Mobile Apps\HomeWork\HomeWork\.gradle\7.5\checksums)" [_thread_blocked, id=22324, stack(0x000000b021500000,0x000000b021600000)]
  0x000002adc0489000 JavaThread "Cache worker for cache directory md-rule (C:\Users\hp\.gradle\caches\7.5\md-rule)" [_thread_blocked, id=8484, stack(0x000000b021600000,0x000000b021700000)]
  0x000002adc048f000 JavaThread "Cache worker for file content cache (C:\Users\hp\.gradle\caches\7.5\fileContent)" [_thread_blocked, id=23260, stack(0x000000b021700000,0x000000b021800000)]
  0x000002adc048c800 JavaThread "Cache worker for file hash cache (E:\Mobile Apps\HomeWork\HomeWork\.gradle\7.5\fileHashes)" [_thread_blocked, id=15668, stack(0x000000b021800000,0x000000b021900000)]
  0x000002adc40dc000 JavaThread "Cache worker for cache directory md-supplier (C:\Users\hp\.gradle\caches\7.5\md-supplier)" [_thread_blocked, id=10192, stack(0x000000b021900000,0x000000b021a00000)]
  0x000002adc40de000 JavaThread "Cache worker for execution history cache (C:\Users\hp\.gradle\caches\7.5\executionHistory)" [_thread_in_Java, id=16768, stack(0x000000b021a00000,0x000000b021b00000)]
  0x000002adc40dd000 JavaThread "jar transforms" [_thread_blocked, id=11076, stack(0x000000b021200000,0x000000b021300000)]
  0x000002adc40de800 JavaThread "jar transforms Thread 2" [_thread_blocked, id=19424, stack(0x000000b021b00000,0x000000b021c00000)]
  0x000002adc40e6000 JavaThread "jar transforms Thread 3" [_thread_blocked, id=7448, stack(0x000000b021d00000,0x000000b021e00000)]
  0x000002adc40e1000 JavaThread "jar transforms Thread 4" [_thread_blocked, id=2504, stack(0x000000b021e00000,0x000000b021f00000)]
  0x000002adc40e7800 JavaThread "Cache worker for dependencies-accessors (E:\Mobile Apps\HomeWork\HomeWork\.gradle\7.5\dependencies-accessors)" [_thread_blocked, id=22688, stack(0x000000b021f00000,0x000000b022000000)]
  0x000002adc40e2000 JavaThread "jar transforms Thread 5" [_thread_blocked, id=17980, stack(0x000000b022000000,0x000000b022100000)]
  0x000002adc40e5000 JavaThread "Cache worker for Build Output Cleanup Cache (E:\Mobile Apps\HomeWork\HomeWork\.gradle\buildOutputCleanup)" [_thread_blocked, id=2520, stack(0x000000b021c00000,0x000000b021d00000)]
  0x000002adc40e3000 JavaThread "Unconstrained build operations" [_thread_blocked, id=11616, stack(0x000000b022100000,0x000000b022200000)]
  0x000002adc40e3800 JavaThread "Unconstrained build operations Thread 2" [_thread_blocked, id=896, stack(0x000000b022200000,0x000000b022300000)]
  0x000002adbea50800 JavaThread "Unconstrained build operations Thread 3" [_thread_blocked, id=20892, stack(0x000000b022300000,0x000000b022400000)]
  0x000002adbea4e000 JavaThread "Unconstrained build operations Thread 4" [_thread_blocked, id=20984, stack(0x000000b022400000,0x000000b022500000)]
  0x000002adbea4b000 JavaThread "Unconstrained build operations Thread 5" [_thread_blocked, id=13904, stack(0x000000b022500000,0x000000b022600000)]
  0x000002adbea4f000 JavaThread "Unconstrained build operations Thread 6" [_thread_blocked, id=4660, stack(0x000000b022600000,0x000000b022700000)]
  0x000002adbea4d000 JavaThread "Unconstrained build operations Thread 7" [_thread_blocked, id=3340, stack(0x000000b022700000,0x000000b022800000)]
  0x000002adbea51800 JavaThread "Unconstrained build operations Thread 8" [_thread_blocked, id=7432, stack(0x000000b022800000,0x000000b022900000)]
  0x000002adbea4b800 JavaThread "Unconstrained build operations Thread 9" [_thread_blocked, id=18296, stack(0x000000b022900000,0x000000b022a00000)]
  0x000002adbea52000 JavaThread "Unconstrained build operations Thread 10" [_thread_blocked, id=3680, stack(0x000000b022a00000,0x000000b022b00000)]
  0x000002adbea4c800 JavaThread "Unconstrained build operations Thread 11" [_thread_blocked, id=7048, stack(0x000000b022b00000,0x000000b022c00000)]
  0x000002adbea55800 JavaThread "Unconstrained build operations Thread 12" [_thread_blocked, id=15224, stack(0x000000b022c00000,0x000000b022d00000)]
  0x000002adbea54800 JavaThread "Unconstrained build operations Thread 13" [_thread_blocked, id=20788, stack(0x000000b022d00000,0x000000b022e00000)]
  0x000002adbea53000 JavaThread "Unconstrained build operations Thread 14" [_thread_blocked, id=11580, stack(0x000000b022e00000,0x000000b022f00000)]
  0x000002adbea4f800 JavaThread "Unconstrained build operations Thread 15" [_thread_blocked, id=1880, stack(0x000000b022f00000,0x000000b023000000)]
  0x000002adbea54000 JavaThread "Unconstrained build operations Thread 16" [_thread_blocked, id=14156, stack(0x000000b023000000,0x000000b023100000)]
  0x000002adbea56000 JavaThread "Unconstrained build operations Thread 17" [_thread_blocked, id=11288, stack(0x000000b023100000,0x000000b023200000)]
  0x000002adbea58800 JavaThread "Unconstrained build operations Thread 18" [_thread_blocked, id=1264, stack(0x000000b023200000,0x000000b023300000)]
  0x000002adbea59800 JavaThread "Unconstrained build operations Thread 19" [_thread_blocked, id=3668, stack(0x000000b023300000,0x000000b023400000)]
  0x000002adbea57000 JavaThread "Unconstrained build operations Thread 20" [_thread_blocked, id=8488, stack(0x000000b023400000,0x000000b023500000)]
  0x000002adbea58000 JavaThread "Unconstrained build operations Thread 21" [_thread_blocked, id=11844, stack(0x000000b023500000,0x000000b023600000)]
  0x000002adc0edb000 JavaThread "Unconstrained build operations Thread 22" [_thread_blocked, id=4620, stack(0x000000b023600000,0x000000b023700000)]
  0x000002adc0edc000 JavaThread "Unconstrained build operations Thread 23" [_thread_blocked, id=1548, stack(0x000000b023700000,0x000000b023800000)]
  0x000002adc0edc800 JavaThread "Unconstrained build operations Thread 24" [_thread_blocked, id=10180, stack(0x000000b023800000,0x000000b023900000)]
  0x000002adc0edd800 JavaThread "Unconstrained build operations Thread 25" [_thread_blocked, id=7152, stack(0x000000b023900000,0x000000b023a00000)]
  0x000002adc0ede800 JavaThread "Unconstrained build operations Thread 26" [_thread_blocked, id=3992, stack(0x000000b023a00000,0x000000b023b00000)]
  0x000002adc0edf000 JavaThread "Unconstrained build operations Thread 27" [_thread_blocked, id=18576, stack(0x000000b023b00000,0x000000b023c00000)]
  0x000002adc0ed9800 JavaThread "Unconstrained build operations Thread 28" [_thread_blocked, id=9824, stack(0x000000b023c00000,0x000000b023d00000)]
  0x000002adc0ee0000 JavaThread "Unconstrained build operations Thread 29" [_thread_blocked, id=20712, stack(0x000000b023d00000,0x000000b023e00000)]
  0x000002adc0eda000 JavaThread "Unconstrained build operations Thread 30" [_thread_blocked, id=15244, stack(0x000000b023e00000,0x000000b023f00000)]
  0x000002adc0ee3000 JavaThread "Unconstrained build operations Thread 31" [_thread_blocked, id=15396, stack(0x000000b023f00000,0x000000b024000000)]
  0x000002adc0ee1800 JavaThread "Unconstrained build operations Thread 32" [_thread_blocked, id=13788, stack(0x000000b024000000,0x000000b024100000)]
  0x000002adc0ee4000 JavaThread "Unconstrained build operations Thread 33" [_thread_blocked, id=22736, stack(0x000000b024100000,0x000000b024200000)]
  0x000002adc0ee5000 JavaThread "Unconstrained build operations Thread 34" [_thread_blocked, id=11756, stack(0x000000b024200000,0x000000b024300000)]
  0x000002adc0ee2800 JavaThread "Unconstrained build operations Thread 35" [_thread_blocked, id=14292, stack(0x000000b024300000,0x000000b024400000)]
  0x000002adc0ee5800 JavaThread "Unconstrained build operations Thread 36" [_thread_blocked, id=16736, stack(0x000000b024400000,0x000000b024500000)]
  0x000002adc0ee6800 JavaThread "Unconstrained build operations Thread 37" [_thread_blocked, id=19628, stack(0x000000b024500000,0x000000b024600000)]
  0x000002adc0ee0800 JavaThread "Unconstrained build operations Thread 38" [_thread_blocked, id=21436, stack(0x000000b024600000,0x000000b024700000)]
  0x000002adc0ee7000 JavaThread "Unconstrained build operations Thread 39" [_thread_blocked, id=8804, stack(0x000000b024700000,0x000000b024800000)]
  0x000002adc0ee8000 JavaThread "Unconstrained build operations Thread 40" [_thread_blocked, id=2896, stack(0x000000b024800000,0x000000b024900000)]
  0x000002adbeb75000 JavaThread "Unconstrained build operations Thread 41" [_thread_blocked, id=18636, stack(0x000000b024900000,0x000000b024a00000)]
  0x000002adbeb6f800 JavaThread "Unconstrained build operations Thread 42" [_thread_blocked, id=18336, stack(0x000000b024a00000,0x000000b024b00000)]
  0x000002adbeb72000 JavaThread "Unconstrained build operations Thread 43" [_thread_blocked, id=10876, stack(0x000000b024b00000,0x000000b024c00000)]
  0x000002adbeb72800 JavaThread "Unconstrained build operations Thread 44" [_thread_blocked, id=14920, stack(0x000000b024c00000,0x000000b024d00000)]
  0x000002adbeb70000 JavaThread "Unconstrained build operations Thread 45" [_thread_blocked, id=20620, stack(0x000000b024d00000,0x000000b024e00000)]
  0x000002adbeb71000 JavaThread "Unconstrained build operations Thread 46" [_thread_blocked, id=9980, stack(0x000000b024e00000,0x000000b024f00000)]
  0x000002adbeb79000 JavaThread "Unconstrained build operations Thread 47" [_thread_blocked, id=14152, stack(0x000000b024f00000,0x000000b025000000)]
  0x000002adbeb77000 JavaThread "Unconstrained build operations Thread 48" [_thread_blocked, id=20148, stack(0x000000b025000000,0x000000b025100000)]
  0x000002adbeb74800 JavaThread "Unconstrained build operations Thread 49" [_thread_blocked, id=17948, stack(0x000000b025100000,0x000000b025200000)]
  0x000002adbeb78800 JavaThread "Unconstrained build operations Thread 50" [_thread_blocked, id=16448, stack(0x000000b025200000,0x000000b025300000)]
  0x000002adbeb73800 JavaThread "Unconstrained build operations Thread 51" [_thread_blocked, id=22620, stack(0x000000b025300000,0x000000b025400000)]
  0x000002adbeb77800 JavaThread "Unconstrained build operations Thread 52" [_thread_blocked, id=12780, stack(0x000000b025400000,0x000000b025500000)]
  0x000002adbeb7a000 JavaThread "Unconstrained build operations Thread 53" [_thread_in_native, id=18128, stack(0x000000b025500000,0x000000b025600000)]
  0x000002adbeb7b000 JavaThread "Unconstrained build operations Thread 54" [_thread_blocked, id=18816, stack(0x000000b025600000,0x000000b025700000)]
  0x000002adbeb7b800 JavaThread "Unconstrained build operations Thread 55" [_thread_blocked, id=13960, stack(0x000000b025700000,0x000000b025800000)]
  0x000002adbeb76000 JavaThread "Unconstrained build operations Thread 56" [_thread_blocked, id=4996, stack(0x000000b025800000,0x000000b025900000)]
  0x000002adbeb7c800 JavaThread "Unconstrained build operations Thread 57" [_thread_blocked, id=13836, stack(0x000000b025900000,0x000000b025a00000)]
  0x000002adbeb7d800 JavaThread "Unconstrained build operations Thread 58" [_thread_blocked, id=19392, stack(0x000000b025a00000,0x000000b025b00000)]
  0x000002adbeb7e000 JavaThread "Unconstrained build operations Thread 59" [_thread_blocked, id=23172, stack(0x000000b025b00000,0x000000b025c00000)]
  0x000002adc39cc800 JavaThread "Unconstrained build operations Thread 60" [_thread_blocked, id=20016, stack(0x000000b025c00000,0x000000b025d00000)]
  0x000002adc39d1800 JavaThread "Unconstrained build operations Thread 61" [_thread_blocked, id=2236, stack(0x000000b025d00000,0x000000b025e00000)]
  0x000002adc39cd800 JavaThread "Unconstrained build operations Thread 62" [_thread_blocked, id=19492, stack(0x000000b025e00000,0x000000b025f00000)]
  0x000002adc39cb800 JavaThread "Unconstrained build operations Thread 63" [_thread_blocked, id=10228, stack(0x000000b025f00000,0x000000b026000000)]
  0x000002adc39d2000 JavaThread "Unconstrained build operations Thread 64" [_thread_blocked, id=12332, stack(0x000000b026000000,0x000000b026100000)]
  0x000002adc39d3000 JavaThread "Unconstrained build operations Thread 65" [_thread_blocked, id=8392, stack(0x000000b026100000,0x000000b026200000)]
  0x000002adc39d4000 JavaThread "Unconstrained build operations Thread 66" [_thread_blocked, id=19832, stack(0x000000b026200000,0x000000b026300000)]
  0x000002adc39ce000 JavaThread "Unconstrained build operations Thread 67" [_thread_blocked, id=23508, stack(0x000000b026300000,0x000000b026400000)]
  0x000002adc39d4800 JavaThread "Unconstrained build operations Thread 68" [_thread_blocked, id=16256, stack(0x000000b026400000,0x000000b026500000)]
  0x000002adc39cf000 JavaThread "Unconstrained build operations Thread 69" [_thread_blocked, id=10304, stack(0x000000b026500000,0x000000b026600000)]
  0x000002adc39d0800 JavaThread "Unconstrained build operations Thread 70" [_thread_blocked, id=21956, stack(0x000000b026600000,0x000000b026700000)]
  0x000002adc39d5800 JavaThread "Unconstrained build operations Thread 71" [_thread_blocked, id=9304, stack(0x000000b026700000,0x000000b026800000)]
  0x000002adc39cf800 JavaThread "Unconstrained build operations Thread 72" [_thread_blocked, id=15364, stack(0x000000b026800000,0x000000b026900000)]
  0x000002adc39d8800 JavaThread "Unconstrained build operations Thread 73" [_thread_blocked, id=13632, stack(0x000000b026900000,0x000000b026a00000)]
  0x000002adc39d6800 JavaThread "Unconstrained build operations Thread 74" [_thread_blocked, id=10220, stack(0x000000b026a00000,0x000000b026b00000)]
  0x000002adc39da800 JavaThread "Unconstrained build operations Thread 75" [_thread_blocked, id=23464, stack(0x000000b026b00000,0x000000b026c00000)]
  0x000002adc39d7000 JavaThread "Unconstrained build operations Thread 76" [_thread_blocked, id=4384, stack(0x000000b026c00000,0x000000b026d00000)]
  0x000002adc39d8000 JavaThread "Unconstrained build operations Thread 77" [_thread_blocked, id=15784, stack(0x000000b026d00000,0x000000b026e00000)]
  0x000002adc39d9800 JavaThread "Unconstrained build operations Thread 78" [_thread_blocked, id=13412, stack(0x000000b026e00000,0x000000b026f00000)]
  0x000002adc3c58000 JavaThread "Unconstrained build operations Thread 79" [_thread_blocked, id=18052, stack(0x000000b026f00000,0x000000b027000000)]
  0x000002adc3c59000 JavaThread "Unconstrained build operations Thread 80" [_thread_blocked, id=21072, stack(0x000000b027000000,0x000000b027100000)]
  0x000002adbea3e000 JavaThread "C2 CompilerThread2" daemon [_thread_in_native, id=16452, stack(0x000000b027100000,0x000000b027200000)]
  0x000002adc3c59800 JavaThread "jar transforms Thread 6" [_thread_blocked, id=23424, stack(0x000000b027200000,0x000000b027300000)]
  0x000002adc3c57000 JavaThread "jar transforms Thread 7" [_thread_blocked, id=22280, stack(0x000000b027300000,0x000000b027400000)]
  0x000002adc3c56800 JavaThread "jar transforms Thread 8" [_thread_blocked, id=22784, stack(0x000000b027400000,0x000000b027500000)]
  0x000002adc3c5a800 JavaThread "build event listener" [_thread_blocked, id=14020, stack(0x000000b027600000,0x000000b027700000)]
  0x000002adc3c54800 JavaThread "Memory manager" [_thread_blocked, id=2268, stack(0x000000b027700000,0x000000b027800000)]
  0x000002adc3c61800 JavaThread "pool-3-thread-1" [_thread_blocked, id=13324, stack(0x000000b027800000,0x000000b027900000)]
  0x000002adc3c5c000 JavaThread "build event listener" [_thread_blocked, id=4236, stack(0x000000b027900000,0x000000b027a00000)]
  0x000002adc3c60000 JavaThread "included builds" [_thread_blocked, id=21296, stack(0x000000b027a00000,0x000000b027b00000)]
  0x000002adc3c5e800 JavaThread "Execution worker" [_thread_blocked, id=23060, stack(0x000000b027b00000,0x000000b027c00000)]
  0x000002adc3c61000 JavaThread "Execution worker Thread 2" [_thread_blocked, id=21920, stack(0x000000b027c00000,0x000000b027d00000)]
  0x000002adc3c5d000 JavaThread "Execution worker Thread 3" [_thread_blocked, id=16192, stack(0x000000b027d00000,0x000000b027e00000)]
  0x000002adc3c62800 JavaThread "Execution worker Thread 4" [_thread_blocked, id=19372, stack(0x000000b027e00000,0x000000b027f00000)]
  0x000002adc3c63800 JavaThread "Execution worker Thread 5" [_thread_blocked, id=11016, stack(0x000000b027f00000,0x000000b028000000)]
  0x000002adc3c5d800 JavaThread "Execution worker Thread 6" [_thread_blocked, id=7108, stack(0x000000b028000000,0x000000b028100000)]
  0x000002adc9680800 JavaThread "Execution worker Thread 7" [_thread_blocked, id=22064, stack(0x000000b028100000,0x000000b028200000)]
  0x000002adc967c800 JavaThread "Cache worker for execution history cache (E:\Mobile Apps\HomeWork\HomeWork\.gradle\7.5\executionHistory)" [_thread_blocked, id=4204, stack(0x000000b028200000,0x000000b028300000)]
  0x000002adc967d000 JavaThread "WorkerExecutor Queue" [_thread_in_vm, id=16180, stack(0x000000b028300000,0x000000b028400000)]

Other Threads:
  0x000002adbe3c6800 VMThread "VM Thread" [stack: 0x000000b01f100000,0x000000b01f200000] [id=17048]
  0x000002adbe5ca000 WatcherThread [stack: 0x000000b01fb00000,0x000000b01fc00000] [id=14008]
  0x000002ada1719800 GCTaskThread "GC Thread#0" [stack: 0x000000b01ec00000,0x000000b01ed00000] [id=22976]
  0x000002adbee92800 GCTaskThread "GC Thread#1" [stack: 0x000000b01fe00000,0x000000b01ff00000] [id=7804]
  0x000002adbeb95800 GCTaskThread "GC Thread#2" [stack: 0x000000b01ff00000,0x000000b020000000] [id=15324]
  0x000002adbf58e800 GCTaskThread "GC Thread#3" [stack: 0x000000b020000000,0x000000b020100000] [id=2840]
  0x000002adbf58f000 GCTaskThread "GC Thread#4" [stack: 0x000000b020100000,0x000000b020200000] [id=1960]
  0x000002adbf6cc000 GCTaskThread "GC Thread#5" [stack: 0x000000b020200000,0x000000b020300000] [id=8828]
  0x000002adc08e4000 GCTaskThread "GC Thread#6" [stack: 0x000000b020e00000,0x000000b020f00000] [id=21232]
  0x000002adbf613000 GCTaskThread "GC Thread#7" [stack: 0x000000b020f00000,0x000000b021000000] [id=20156]
  0x000002ada174a800 ConcurrentGCThread "G1 Main Marker" [stack: 0x000000b01ed00000,0x000000b01ee00000] [id=19128]
  0x000002ada174e000 ConcurrentGCThread "G1 Conc#0" [stack: 0x000000b01ee00000,0x000000b01ef00000] [id=8432]
  0x000002adc08a3800 ConcurrentGCThread "G1 Conc#1" [stack: 0x000000b021000000,0x000000b021100000] [id=19540]
  0x000002adbda10800 ConcurrentGCThread "G1 Refine#0" [stack: 0x000000b01ef00000,0x000000b01f000000] [id=13452]
  0x000002adc4d02800 ConcurrentGCThread "G1 Refine#1" [stack: 0x000000b027500000,0x000000b027600000] [id=23048]
  0x000002adbda11000 ConcurrentGCThread "G1 Young RemSet Sampling" [stack: 0x000000b01f000000,0x000000b01f100000] [id=6948]

Threads with active compile tasks:
C2 CompilerThread0    13705 10979   !   4       java.util.concurrent.ConcurrentHashMap::replaceNode (437 bytes)
C1 CompilerThread0    13705 10987       3       org.gradle.internal.operations.DefaultBuildOperationQueue$WorkerRunnable::lambda$runBatch$1 (42 bytes)
C2 CompilerThread1    13705 10802       4       java.lang.reflect.AccessibleObject::checkCanSetAccessible (386 bytes)
C2 CompilerThread2    13705 10955   !   4       java.nio.file.FileTreeWalker::next (144 bytes)

VM state:not at safepoint (normal execution)

VM Mutex/Monitor currently owned by a thread: None

Heap address: 0x0000000080000000, size: 2048 MB, Compressed Oops mode: 32-bit
Narrow klass base: 0x0000000000000000, Narrow klass shift: 3
Compressed class space size: 1073741824 Address: 0x0000000100000000

Heap:
 garbage-first heap   total 260096K, used 175825K [0x0000000080000000, 0x0000000100000000)
  region size 1024K, 102 young (104448K), 15 survivors (15360K)
 Metaspace       used 91727K, capacity 94341K, committed 94492K, reserved 1130496K
  class space    used 11853K, capacity 12879K, committed 12952K, reserved 1048576K
Heap Regions: E=young(eden), S=young(survivor), O=old, HS=humongous(starts), HC=humongous(continues), CS=collection set, F=free, A=archive, TAMS=top-at-mark-start (previous, next)
|   0|0x0000000080000000, 0x0000000080100000, 0x0000000080100000|100%| O|  |TAMS 0x0000000080100000, 0x0000000080000000| Untracked 
|   1|0x0000000080100000, 0x0000000080200000, 0x0000000080200000|100%| O|  |TAMS 0x0000000080200000, 0x0000000080100000| Untracked 
|   2|0x0000000080200000, 0x0000000080300000, 0x0000000080300000|100%| O|  |TAMS 0x0000000080300000, 0x0000000080200000| Untracked 
|   3|0x0000000080300000, 0x0000000080400000, 0x0000000080400000|100%|HS|  |TAMS 0x0000000080400000, 0x0000000080300000| Complete 
|   4|0x0000000080400000, 0x0000000080500000, 0x0000000080500000|100%|HC|  |TAMS 0x0000000080500000, 0x0000000080400000| Complete 
|   5|0x0000000080500000, 0x0000000080600000, 0x0000000080600000|100%|HC|  |TAMS 0x0000000080600000, 0x0000000080500000| Complete 
|   6|0x0000000080600000, 0x0000000080700000, 0x0000000080700000|100%| O|  |TAMS 0x0000000080700000, 0x0000000080600000| Untracked 
|   7|0x0000000080700000, 0x0000000080800000, 0x0000000080800000|100%| O|  |TAMS 0x0000000080800000, 0x0000000080700000| Untracked 
|   8|0x0000000080800000, 0x0000000080900000, 0x0000000080900000|100%| O|  |TAMS 0x0000000080900000, 0x0000000080800000| Untracked 
|   9|0x0000000080900000, 0x0000000080a00000, 0x0000000080a00000|100%| O|  |TAMS 0x0000000080a00000, 0x0000000080900000| Untracked 
|  10|0x0000000080a00000, 0x0000000080b00000, 0x0000000080b00000|100%| O|  |TAMS 0x0000000080b00000, 0x0000000080a00000| Untracked 
|  11|0x0000000080b00000, 0x0000000080c00000, 0x0000000080c00000|100%| O|  |TAMS 0x0000000080c00000, 0x0000000080b00000| Untracked 
|  12|0x0000000080c00000, 0x0000000080d00000, 0x0000000080d00000|100%| O|  |TAMS 0x0000000080d00000, 0x0000000080c00000| Untracked 
|  13|0x0000000080d00000, 0x0000000080e00000, 0x0000000080e00000|100%| O|  |TAMS 0x0000000080e00000, 0x0000000080d00000| Untracked 
|  14|0x0000000080e00000, 0x0000000080f00000, 0x0000000080f00000|100%| O|  |TAMS 0x0000000080f00000, 0x0000000080e00000| Untracked 
|  15|0x0000000080f00000, 0x0000000081000000, 0x0000000081000000|100%| O|  |TAMS 0x0000000081000000, 0x0000000080f00000| Untracked 
|  16|0x0000000081000000, 0x0000000081100000, 0x0000000081100000|100%| O|  |TAMS 0x0000000081100000, 0x0000000081000000| Untracked 
|  17|0x0000000081100000, 0x0000000081200000, 0x0000000081200000|100%|HS|  |TAMS 0x0000000081200000, 0x0000000081100000| Complete 
|  18|0x0000000081200000, 0x0000000081300000, 0x0000000081300000|100%|HS|  |TAMS 0x0000000081300000, 0x0000000081200000| Complete 
|  19|0x0000000081300000, 0x0000000081400000, 0x0000000081400000|100%|HS|  |TAMS 0x0000000081400000, 0x0000000081300000| Complete 
|  20|0x0000000081400000, 0x0000000081500000, 0x0000000081500000|100%|HS|  |TAMS 0x0000000081500000, 0x0000000081400000| Complete 
|  21|0x0000000081500000, 0x0000000081600000, 0x0000000081600000|100%|HC|  |TAMS 0x0000000081600000, 0x0000000081500000| Complete 
|  22|0x0000000081600000, 0x0000000081700000, 0x0000000081700000|100%|HC|  |TAMS 0x0000000081700000, 0x0000000081600000| Complete 
|  23|0x0000000081700000, 0x0000000081800000, 0x0000000081800000|100%| O|  |TAMS 0x0000000081800000, 0x0000000081700000| Untracked 
|  24|0x0000000081800000, 0x0000000081900000, 0x0000000081900000|100%| O|  |TAMS 0x0000000081900000, 0x0000000081800000| Untracked 
|  25|0x0000000081900000, 0x0000000081a00000, 0x0000000081a00000|100%| O|  |TAMS 0x0000000081a00000, 0x0000000081900000| Untracked 
|  26|0x0000000081a00000, 0x0000000081b00000, 0x0000000081b00000|100%| O|  |TAMS 0x0000000081b00000, 0x0000000081a00000| Untracked 
|  27|0x0000000081b00000, 0x0000000081c00000, 0x0000000081c00000|100%| O|  |TAMS 0x0000000081c00000, 0x0000000081b00000| Untracked 
|  28|0x0000000081c00000, 0x0000000081d00000, 0x0000000081d00000|100%| O|  |TAMS 0x0000000081d00000, 0x0000000081c00000| Untracked 
|  29|0x0000000081d00000, 0x0000000081e00000, 0x0000000081e00000|100%| O|  |TAMS 0x0000000081e00000, 0x0000000081d00000| Untracked 
|  30|0x0000000081e00000, 0x0000000081f00000, 0x0000000081f00000|100%| O|  |TAMS 0x0000000081f00000, 0x0000000081e00000| Untracked 
|  31|0x0000000081f00000, 0x0000000082000000, 0x0000000082000000|100%| O|  |TAMS 0x0000000082000000, 0x0000000081f00000| Untracked 
|  32|0x0000000082000000, 0x0000000082100000, 0x0000000082100000|100%| O|  |TAMS 0x0000000082100000, 0x0000000082000000| Untracked 
|  33|0x0000000082100000, 0x0000000082200000, 0x0000000082200000|100%| O|  |TAMS 0x0000000082200000, 0x0000000082100000| Untracked 
|  34|0x0000000082200000, 0x0000000082300000, 0x0000000082300000|100%| O|  |TAMS 0x0000000082300000, 0x0000000082200000| Untracked 
|  35|0x0000000082300000, 0x0000000082400000, 0x0000000082400000|100%| O|  |TAMS 0x0000000082400000, 0x0000000082300000| Untracked 
|  36|0x0000000082400000, 0x0000000082500000, 0x0000000082500000|100%| O|  |TAMS 0x0000000082500000, 0x0000000082400000| Untracked 
|  37|0x0000000082500000, 0x0000000082600000, 0x0000000082600000|100%| O|  |TAMS 0x0000000082600000, 0x0000000082500000| Untracked 
|  38|0x0000000082600000, 0x0000000082700000, 0x0000000082700000|100%| O|  |TAMS 0x0000000082700000, 0x0000000082600000| Untracked 
|  39|0x0000000082700000, 0x0000000082800000, 0x0000000082800000|100%| O|  |TAMS 0x0000000082800000, 0x0000000082700000| Untracked 
|  40|0x0000000082800000, 0x0000000082900000, 0x0000000082900000|100%| O|  |TAMS 0x0000000082900000, 0x0000000082800000| Untracked 
|  41|0x0000000082900000, 0x0000000082a00000, 0x0000000082a00000|100%| O|  |TAMS 0x0000000082a00000, 0x0000000082900000| Untracked 
|  42|0x0000000082a00000, 0x0000000082b00000, 0x0000000082b00000|100%| O|  |TAMS 0x0000000082b00000, 0x0000000082a00000| Untracked 
|  43|0x0000000082b00000, 0x0000000082c00000, 0x0000000082c00000|100%| O|  |TAMS 0x0000000082c00000, 0x0000000082b00000| Untracked 
|  44|0x0000000082c00000, 0x0000000082d00000, 0x0000000082d00000|100%| O|  |TAMS 0x0000000082d00000, 0x0000000082c00000| Untracked 
|  45|0x0000000082d00000, 0x0000000082e00000, 0x0000000082e00000|100%| O|  |TAMS 0x0000000082e00000, 0x0000000082d00000| Untracked 
|  46|0x0000000082e00000, 0x0000000082f00000, 0x0000000082f00000|100%| O|  |TAMS 0x0000000082f00000, 0x0000000082e00000| Untracked 
|  47|0x0000000082f00000, 0x0000000083000000, 0x0000000083000000|100%| O|  |TAMS 0x0000000083000000, 0x0000000082f00000| Untracked 
|  48|0x0000000083000000, 0x0000000083100000, 0x0000000083100000|100%| O|  |TAMS 0x0000000083100000, 0x0000000083000000| Untracked 
|  49|0x0000000083100000, 0x0000000083200000, 0x0000000083200000|100%| O|  |TAMS 0x0000000083200000, 0x0000000083100000| Untracked 
|  50|0x0000000083200000, 0x0000000083300000, 0x0000000083300000|100%| O|  |TAMS 0x0000000083300000, 0x0000000083200000| Untracked 
|  51|0x0000000083300000, 0x0000000083400000, 0x0000000083400000|100%| O|  |TAMS 0x0000000083400000, 0x0000000083300000| Untracked 
|  52|0x0000000083400000, 0x0000000083500000, 0x0000000083500000|100%| O|  |TAMS 0x0000000083500000, 0x0000000083400000| Untracked 
|  53|0x0000000083500000, 0x0000000083600000, 0x0000000083600000|100%| O|  |TAMS 0x0000000083600000, 0x0000000083500000| Untracked 
|  54|0x0000000083600000, 0x0000000083700000, 0x0000000083700000|100%| O|  |TAMS 0x0000000083642a00, 0x0000000083600000| Untracked 
|  55|0x0000000083700000, 0x0000000083800000, 0x0000000083800000|100%| O|  |TAMS 0x0000000083700000, 0x0000000083700000| Untracked 
|  56|0x0000000083800000, 0x0000000083900000, 0x0000000083900000|100%| O|  |TAMS 0x0000000083800000, 0x0000000083800000| Untracked 
|  57|0x0000000083900000, 0x0000000083a00000, 0x0000000083a00000|100%| O|  |TAMS 0x0000000083900000, 0x0000000083900000| Untracked 
|  58|0x0000000083a00000, 0x0000000083b00000, 0x0000000083b00000|100%| O|  |TAMS 0x0000000083a00000, 0x0000000083a00000| Untracked 
|  59|0x0000000083b00000, 0x0000000083c00000, 0x0000000083c00000|100%| O|  |TAMS 0x0000000083b00000, 0x0000000083b00000| Untracked 
|  60|0x0000000083c00000, 0x0000000083d00000, 0x0000000083d00000|100%| O|  |TAMS 0x0000000083c00000, 0x0000000083c00000| Untracked 
|  61|0x0000000083d00000, 0x0000000083e00000, 0x0000000083e00000|100%| O|  |TAMS 0x0000000083d00000, 0x0000000083d00000| Untracked 
|  62|0x0000000083e00000, 0x0000000083f00000, 0x0000000083f00000|100%| O|  |TAMS 0x0000000083e00000, 0x0000000083e00000| Untracked 
|  63|0x0000000083f00000, 0x0000000084000000, 0x0000000084000000|100%| O|  |TAMS 0x0000000083f00000, 0x0000000083f00000| Untracked 
|  64|0x0000000084000000, 0x0000000084100000, 0x0000000084100000|100%| O|  |TAMS 0x0000000084000000, 0x0000000084000000| Untracked 
|  65|0x0000000084100000, 0x0000000084200000, 0x0000000084200000|100%| O|  |TAMS 0x0000000084100000, 0x0000000084100000| Untracked 
|  66|0x0000000084200000, 0x0000000084300000, 0x0000000084300000|100%| O|  |TAMS 0x0000000084200000, 0x0000000084200000| Untracked 
|  67|0x0000000084300000, 0x0000000084400000, 0x0000000084400000|100%| O|  |TAMS 0x0000000084300000, 0x0000000084300000| Untracked 
|  68|0x0000000084400000, 0x0000000084500000, 0x0000000084500000|100%| O|  |TAMS 0x0000000084400000, 0x0000000084400000| Untracked 
|  69|0x0000000084500000, 0x0000000084600000, 0x0000000084600000|100%| O|  |TAMS 0x0000000084500000, 0x0000000084500000| Untracked 
|  70|0x0000000084600000, 0x0000000084700000, 0x0000000084700000|100%| O|  |TAMS 0x0000000084600000, 0x0000000084600000| Untracked 
|  71|0x0000000084700000, 0x0000000084800000, 0x0000000084800000|100%| O|  |TAMS 0x0000000084700000, 0x0000000084700000| Untracked 
|  72|0x0000000084800000, 0x0000000084855200, 0x0000000084900000| 33%| O|  |TAMS 0x0000000084800000, 0x0000000084800000| Untracked 
|  73|0x0000000084900000, 0x0000000084900000, 0x0000000084a00000|  0%| F|  |TAMS 0x0000000084900000, 0x0000000084900000| Untracked 
|  74|0x0000000084a00000, 0x0000000084a00000, 0x0000000084b00000|  0%| F|  |TAMS 0x0000000084a00000, 0x0000000084a00000| Untracked 
|  75|0x0000000084b00000, 0x0000000084b00000, 0x0000000084c00000|  0%| F|  |TAMS 0x0000000084b00000, 0x0000000084b00000| Untracked 
|  76|0x0000000084c00000, 0x0000000084c00000, 0x0000000084d00000|  0%| F|  |TAMS 0x0000000084c00000, 0x0000000084c00000| Untracked 
|  77|0x0000000084d00000, 0x0000000084d00000, 0x0000000084e00000|  0%| F|  |TAMS 0x0000000084d00000, 0x0000000084d00000| Untracked 
|  78|0x0000000084e00000, 0x0000000084e00000, 0x0000000084f00000|  0%| F|  |TAMS 0x0000000084e00000, 0x0000000084e00000| Untracked 
|  79|0x0000000084f00000, 0x0000000084f00000, 0x0000000085000000|  0%| F|  |TAMS 0x0000000084f00000, 0x0000000084f00000| Untracked 
|  80|0x0000000085000000, 0x0000000085000000, 0x0000000085100000|  0%| F|  |TAMS 0x0000000085000000, 0x0000000085000000| Untracked 
|  81|0x0000000085100000, 0x0000000085100000, 0x0000000085200000|  0%| F|  |TAMS 0x0000000085100000, 0x0000000085100000| Untracked 
|  82|0x0000000085200000, 0x0000000085200000, 0x0000000085300000|  0%| F|  |TAMS 0x0000000085200000, 0x0000000085200000| Untracked 
|  83|0x0000000085300000, 0x0000000085300000, 0x0000000085400000|  0%| F|  |TAMS 0x0000000085300000, 0x0000000085300000| Untracked 
|  84|0x0000000085400000, 0x0000000085400000, 0x0000000085500000|  0%| F|  |TAMS 0x0000000085400000, 0x0000000085400000| Untracked 
|  85|0x0000000085500000, 0x0000000085500000, 0x0000000085600000|  0%| F|  |TAMS 0x0000000085500000, 0x0000000085500000| Untracked 
|  86|0x0000000085600000, 0x0000000085600000, 0x0000000085700000|  0%| F|  |TAMS 0x0000000085600000, 0x0000000085600000| Untracked 
|  87|0x0000000085700000, 0x0000000085700000, 0x0000000085800000|  0%| F|  |TAMS 0x0000000085700000, 0x0000000085700000| Untracked 
|  88|0x0000000085800000, 0x0000000085800000, 0x0000000085900000|  0%| F|  |TAMS 0x0000000085800000, 0x0000000085800000| Untracked 
|  89|0x0000000085900000, 0x0000000085900000, 0x0000000085a00000|  0%| F|  |TAMS 0x0000000085900000, 0x0000000085900000| Untracked 
|  90|0x0000000085a00000, 0x0000000085a00000, 0x0000000085b00000|  0%| F|  |TAMS 0x0000000085a00000, 0x0000000085a00000| Untracked 
|  91|0x0000000085b00000, 0x0000000085b00000, 0x0000000085c00000|  0%| F|  |TAMS 0x0000000085b00000, 0x0000000085b00000| Untracked 
|  92|0x0000000085c00000, 0x0000000085c00000, 0x0000000085d00000|  0%| F|  |TAMS 0x0000000085c00000, 0x0000000085c00000| Untracked 
|  93|0x0000000085d00000, 0x0000000085d00000, 0x0000000085e00000|  0%| F|  |TAMS 0x0000000085d00000, 0x0000000085d00000| Untracked 
|  94|0x0000000085e00000, 0x0000000085e00000, 0x0000000085f00000|  0%| F|  |TAMS 0x0000000085e00000, 0x0000000085e00000| Untracked 
|  95|0x0000000085f00000, 0x0000000085f00000, 0x0000000086000000|  0%| F|  |TAMS 0x0000000085f00000, 0x0000000085f00000| Untracked 
|  96|0x0000000086000000, 0x0000000086000000, 0x0000000086100000|  0%| F|  |TAMS 0x0000000086000000, 0x0000000086000000| Untracked 
|  97|0x0000000086100000, 0x0000000086100000, 0x0000000086200000|  0%| F|  |TAMS 0x0000000086100000, 0x0000000086100000| Untracked 
|  98|0x0000000086200000, 0x0000000086200000, 0x0000000086300000|  0%| F|  |TAMS 0x0000000086200000, 0x0000000086200000| Untracked 
|  99|0x0000000086300000, 0x0000000086300000, 0x0000000086400000|  0%| F|  |TAMS 0x0000000086300000, 0x0000000086300000| Untracked 
| 100|0x0000000086400000, 0x0000000086400000, 0x0000000086500000|  0%| F|  |TAMS 0x0000000086400000, 0x0000000086400000| Untracked 
| 101|0x0000000086500000, 0x000000008655f5c0, 0x0000000086600000| 37%| S|CS|TAMS 0x0000000086500000, 0x0000000086500000| Complete 
| 102|0x0000000086600000, 0x0000000086700000, 0x0000000086700000|100%| S|CS|TAMS 0x0000000086600000, 0x0000000086600000| Complete 
| 103|0x0000000086700000, 0x0000000086800000, 0x0000000086800000|100%| S|CS|TAMS 0x0000000086700000, 0x0000000086700000| Complete 
| 104|0x0000000086800000, 0x0000000086800000, 0x0000000086900000|  0%| F|  |TAMS 0x0000000086800000, 0x0000000086800000| Untracked 
| 105|0x0000000086900000, 0x0000000086900000, 0x0000000086a00000|  0%| F|  |TAMS 0x0000000086900000, 0x0000000086900000| Untracked 
| 106|0x0000000086a00000, 0x0000000086a00000, 0x0000000086b00000|  0%| F|  |TAMS 0x0000000086a00000, 0x0000000086a00000| Untracked 
| 107|0x0000000086b00000, 0x0000000086b00000, 0x0000000086c00000|  0%| F|  |TAMS 0x0000000086b00000, 0x0000000086b00000| Untracked 
| 108|0x0000000086c00000, 0x0000000086c00000, 0x0000000086d00000|  0%| F|  |TAMS 0x0000000086c00000, 0x0000000086c00000| Untracked 
| 109|0x0000000086d00000, 0x0000000086d00000, 0x0000000086e00000|  0%| F|  |TAMS 0x0000000086d00000, 0x0000000086d00000| Untracked 
| 110|0x0000000086e00000, 0x0000000086e00000, 0x0000000086f00000|  0%| F|  |TAMS 0x0000000086e00000, 0x0000000086e00000| Untracked 
| 111|0x0000000086f00000, 0x0000000086f00000, 0x0000000087000000|  0%| F|  |TAMS 0x0000000086f00000, 0x0000000086f00000| Untracked 
| 112|0x0000000087000000, 0x0000000087000000, 0x0000000087100000|  0%| F|  |TAMS 0x0000000087000000, 0x0000000087000000| Untracked 
| 113|0x0000000087100000, 0x0000000087100000, 0x0000000087200000|  0%| F|  |TAMS 0x0000000087100000, 0x0000000087100000| Untracked 
| 114|0x0000000087200000, 0x0000000087200000, 0x0000000087300000|  0%| F|  |TAMS 0x0000000087200000, 0x0000000087200000| Untracked 
| 115|0x0000000087300000, 0x0000000087300000, 0x0000000087400000|  0%| F|  |TAMS 0x0000000087300000, 0x0000000087300000| Untracked 
| 116|0x0000000087400000, 0x0000000087400000, 0x0000000087500000|  0%| F|  |TAMS 0x0000000087400000, 0x0000000087400000| Untracked 
| 117|0x0000000087500000, 0x0000000087500000, 0x0000000087600000|  0%| F|  |TAMS 0x0000000087500000, 0x0000000087500000| Untracked 
| 118|0x0000000087600000, 0x0000000087600000, 0x0000000087700000|  0%| F|  |TAMS 0x0000000087600000, 0x0000000087600000| Untracked 
| 119|0x0000000087700000, 0x0000000087700000, 0x0000000087800000|  0%| F|  |TAMS 0x0000000087700000, 0x0000000087700000| Untracked 
| 120|0x0000000087800000, 0x0000000087800000, 0x0000000087900000|  0%| F|  |TAMS 0x0000000087800000, 0x0000000087800000| Untracked 
| 121|0x0000000087900000, 0x0000000087a00000, 0x0000000087a00000|100%| S|CS|TAMS 0x0000000087900000, 0x0000000087900000| Complete 
| 122|0x0000000087a00000, 0x0000000087b00000, 0x0000000087b00000|100%| S|CS|TAMS 0x0000000087a00000, 0x0000000087a00000| Complete 
| 123|0x0000000087b00000, 0x0000000087c00000, 0x0000000087c00000|100%| S|CS|TAMS 0x0000000087b00000, 0x0000000087b00000| Complete 
| 124|0x0000000087c00000, 0x0000000087d00000, 0x0000000087d00000|100%| S|CS|TAMS 0x0000000087c00000, 0x0000000087c00000| Complete 
| 125|0x0000000087d00000, 0x0000000087e00000, 0x0000000087e00000|100%| S|CS|TAMS 0x0000000087d00000, 0x0000000087d00000| Complete 
| 126|0x0000000087e00000, 0x0000000087f00000, 0x0000000087f00000|100%| S|CS|TAMS 0x0000000087e00000, 0x0000000087e00000| Complete 
| 127|0x0000000087f00000, 0x0000000088000000, 0x0000000088000000|100%| S|CS|TAMS 0x0000000087f00000, 0x0000000087f00000| Complete 
| 128|0x0000000088000000, 0x0000000088100000, 0x0000000088100000|100%| S|CS|TAMS 0x0000000088000000, 0x0000000088000000| Complete 
| 129|0x0000000088100000, 0x0000000088200000, 0x0000000088200000|100%| S|CS|TAMS 0x0000000088100000, 0x0000000088100000| Complete 
| 130|0x0000000088200000, 0x0000000088300000, 0x0000000088300000|100%| S|CS|TAMS 0x0000000088200000, 0x0000000088200000| Complete 
| 131|0x0000000088300000, 0x0000000088400000, 0x0000000088400000|100%| S|CS|TAMS 0x0000000088300000, 0x0000000088300000| Complete 
| 132|0x0000000088400000, 0x0000000088500000, 0x0000000088500000|100%| S|CS|TAMS 0x0000000088400000, 0x0000000088400000| Complete 
| 133|0x0000000088500000, 0x0000000088500000, 0x0000000088600000|  0%| F|  |TAMS 0x0000000088500000, 0x0000000088500000| Untracked 
| 134|0x0000000088600000, 0x0000000088600000, 0x0000000088700000|  0%| F|  |TAMS 0x0000000088600000, 0x0000000088600000| Untracked 
| 135|0x0000000088700000, 0x0000000088700000, 0x0000000088800000|  0%| F|  |TAMS 0x0000000088700000, 0x0000000088700000| Untracked 
| 136|0x0000000088800000, 0x0000000088800000, 0x0000000088900000|  0%| F|  |TAMS 0x0000000088800000, 0x0000000088800000| Untracked 
| 137|0x0000000088900000, 0x0000000088900000, 0x0000000088a00000|  0%| F|  |TAMS 0x0000000088900000, 0x0000000088900000| Untracked 
| 138|0x0000000088a00000, 0x0000000088a00000, 0x0000000088b00000|  0%| F|  |TAMS 0x0000000088a00000, 0x0000000088a00000| Untracked 
| 139|0x0000000088b00000, 0x0000000088b00000, 0x0000000088c00000|  0%| F|  |TAMS 0x0000000088b00000, 0x0000000088b00000| Untracked 
| 140|0x0000000088c00000, 0x0000000088c00000, 0x0000000088d00000|  0%| F|  |TAMS 0x0000000088c00000, 0x0000000088c00000| Untracked 
| 141|0x0000000088d00000, 0x0000000088d00000, 0x0000000088e00000|  0%| F|  |TAMS 0x0000000088d00000, 0x0000000088d00000| Untracked 
| 142|0x0000000088e00000, 0x0000000088e00000, 0x0000000088f00000|  0%| F|  |TAMS 0x0000000088e00000, 0x0000000088e00000| Untracked 
| 143|0x0000000088f00000, 0x0000000088f00000, 0x0000000089000000|  0%| F|  |TAMS 0x0000000088f00000, 0x0000000088f00000| Untracked 
| 144|0x0000000089000000, 0x0000000089000000, 0x0000000089100000|  0%| F|  |TAMS 0x0000000089000000, 0x0000000089000000| Untracked 
| 145|0x0000000089100000, 0x0000000089100000, 0x0000000089200000|  0%| F|  |TAMS 0x0000000089100000, 0x0000000089100000| Untracked 
| 146|0x0000000089200000, 0x0000000089200000, 0x0000000089300000|  0%| F|  |TAMS 0x0000000089200000, 0x0000000089200000| Untracked 
| 147|0x0000000089300000, 0x0000000089300000, 0x0000000089400000|  0%| F|  |TAMS 0x0000000089300000, 0x0000000089300000| Untracked 
| 148|0x0000000089400000, 0x0000000089400000, 0x0000000089500000|  0%| F|  |TAMS 0x0000000089400000, 0x0000000089400000| Untracked 
| 149|0x0000000089500000, 0x0000000089500000, 0x0000000089600000|  0%| F|  |TAMS 0x0000000089500000, 0x0000000089500000| Untracked 
| 150|0x0000000089600000, 0x0000000089600000, 0x0000000089700000|  0%| F|  |TAMS 0x0000000089600000, 0x0000000089600000| Untracked 
| 151|0x0000000089700000, 0x0000000089700000, 0x0000000089800000|  0%| F|  |TAMS 0x0000000089700000, 0x0000000089700000| Untracked 
| 152|0x0000000089800000, 0x0000000089800000, 0x0000000089900000|  0%| F|  |TAMS 0x0000000089800000, 0x0000000089800000| Untracked 
| 153|0x0000000089900000, 0x0000000089900000, 0x0000000089a00000|  0%| F|  |TAMS 0x0000000089900000, 0x0000000089900000| Untracked 
| 154|0x0000000089a00000, 0x0000000089a00000, 0x0000000089b00000|  0%| F|  |TAMS 0x0000000089a00000, 0x0000000089a00000| Untracked 
| 155|0x0000000089b00000, 0x0000000089b00000, 0x0000000089c00000|  0%| F|  |TAMS 0x0000000089b00000, 0x0000000089b00000| Untracked 
| 156|0x0000000089c00000, 0x0000000089c00000, 0x0000000089d00000|  0%| F|  |TAMS 0x0000000089c00000, 0x0000000089c00000| Untracked 
| 157|0x0000000089d00000, 0x0000000089d00000, 0x0000000089e00000|  0%| F|  |TAMS 0x0000000089d00000, 0x0000000089d00000| Untracked 
| 158|0x0000000089e00000, 0x0000000089e00000, 0x0000000089f00000|  0%| F|  |TAMS 0x0000000089e00000, 0x0000000089e00000| Untracked 
| 159|0x0000000089f00000, 0x0000000089f00000, 0x000000008a000000|  0%| F|  |TAMS 0x0000000089f00000, 0x0000000089f00000| Untracked 
| 160|0x000000008a000000, 0x000000008a000000, 0x000000008a100000|  0%| F|  |TAMS 0x000000008a000000, 0x000000008a000000| Untracked 
| 161|0x000000008a100000, 0x000000008a100000, 0x000000008a200000|  0%| F|  |TAMS 0x000000008a100000, 0x000000008a100000| Untracked 
| 162|0x000000008a200000, 0x000000008a200000, 0x000000008a300000|  0%| F|  |TAMS 0x000000008a200000, 0x000000008a200000| Untracked 
| 163|0x000000008a300000, 0x000000008a300000, 0x000000008a400000|  0%| F|  |TAMS 0x000000008a300000, 0x000000008a300000| Untracked 
| 164|0x000000008a400000, 0x000000008a400000, 0x000000008a500000|  0%| F|  |TAMS 0x000000008a400000, 0x000000008a400000| Untracked 
| 165|0x000000008a500000, 0x000000008a500000, 0x000000008a600000|  0%| F|  |TAMS 0x000000008a500000, 0x000000008a500000| Untracked 
| 166|0x000000008a600000, 0x000000008a692c18, 0x000000008a700000| 57%| E|  |TAMS 0x000000008a600000, 0x000000008a600000| Complete 
| 167|0x000000008a700000, 0x000000008a800000, 0x000000008a800000|100%| E|CS|TAMS 0x000000008a700000, 0x000000008a700000| Complete 
| 168|0x000000008a800000, 0x000000008a900000, 0x000000008a900000|100%| E|CS|TAMS 0x000000008a800000, 0x000000008a800000| Complete 
| 169|0x000000008a900000, 0x000000008aa00000, 0x000000008aa00000|100%| E|CS|TAMS 0x000000008a900000, 0x000000008a900000| Complete 
| 170|0x000000008aa00000, 0x000000008ab00000, 0x000000008ab00000|100%| E|CS|TAMS 0x000000008aa00000, 0x000000008aa00000| Complete 
| 171|0x000000008ab00000, 0x000000008ac00000, 0x000000008ac00000|100%| E|CS|TAMS 0x000000008ab00000, 0x000000008ab00000| Complete 
| 172|0x000000008ac00000, 0x000000008ad00000, 0x000000008ad00000|100%| E|CS|TAMS 0x000000008ac00000, 0x000000008ac00000| Complete 
| 173|0x000000008ad00000, 0x000000008ae00000, 0x000000008ae00000|100%| E|CS|TAMS 0x000000008ad00000, 0x000000008ad00000| Complete 
| 174|0x000000008ae00000, 0x000000008af00000, 0x000000008af00000|100%| E|CS|TAMS 0x000000008ae00000, 0x000000008ae00000| Complete 
| 175|0x000000008af00000, 0x000000008b000000, 0x000000008b000000|100%| E|CS|TAMS 0x000000008af00000, 0x000000008af00000| Complete 
| 176|0x000000008b000000, 0x000000008b100000, 0x000000008b100000|100%| E|CS|TAMS 0x000000008b000000, 0x000000008b000000| Complete 
| 177|0x000000008b100000, 0x000000008b200000, 0x000000008b200000|100%| E|CS|TAMS 0x000000008b100000, 0x000000008b100000| Complete 
| 178|0x000000008b200000, 0x000000008b300000, 0x000000008b300000|100%| E|CS|TAMS 0x000000008b200000, 0x000000008b200000| Complete 
| 179|0x000000008b300000, 0x000000008b400000, 0x000000008b400000|100%| E|CS|TAMS 0x000000008b300000, 0x000000008b300000| Complete 
| 180|0x000000008b400000, 0x000000008b500000, 0x000000008b500000|100%| E|CS|TAMS 0x000000008b400000, 0x000000008b400000| Complete 
| 181|0x000000008b500000, 0x000000008b600000, 0x000000008b600000|100%| E|CS|TAMS 0x000000008b500000, 0x000000008b500000| Complete 
| 182|0x000000008b600000, 0x000000008b700000, 0x000000008b700000|100%| E|CS|TAMS 0x000000008b600000, 0x000000008b600000| Complete 
| 183|0x000000008b700000, 0x000000008b800000, 0x000000008b800000|100%| E|CS|TAMS 0x000000008b700000, 0x000000008b700000| Complete 
| 184|0x000000008b800000, 0x000000008b900000, 0x000000008b900000|100%| E|CS|TAMS 0x000000008b800000, 0x000000008b800000| Complete 
| 185|0x000000008b900000, 0x000000008ba00000, 0x000000008ba00000|100%| E|CS|TAMS 0x000000008b900000, 0x000000008b900000| Complete 
| 186|0x000000008ba00000, 0x000000008bb00000, 0x000000008bb00000|100%| E|CS|TAMS 0x000000008ba00000, 0x000000008ba00000| Complete 
| 187|0x000000008bb00000, 0x000000008bc00000, 0x000000008bc00000|100%| E|CS|TAMS 0x000000008bb00000, 0x000000008bb00000| Complete 
| 188|0x000000008bc00000, 0x000000008bd00000, 0x000000008bd00000|100%| E|CS|TAMS 0x000000008bc00000, 0x000000008bc00000| Complete 
| 189|0x000000008bd00000, 0x000000008be00000, 0x000000008be00000|100%| E|  |TAMS 0x000000008bd00000, 0x000000008bd00000| Complete 
| 190|0x000000008be00000, 0x000000008bf00000, 0x000000008bf00000|100%| E|CS|TAMS 0x000000008be00000, 0x000000008be00000| Complete 
| 191|0x000000008bf00000, 0x000000008c000000, 0x000000008c000000|100%| E|CS|TAMS 0x000000008bf00000, 0x000000008bf00000| Complete 
| 192|0x000000008c000000, 0x000000008c100000, 0x000000008c100000|100%| E|CS|TAMS 0x000000008c000000, 0x000000008c000000| Complete 
| 193|0x000000008c100000, 0x000000008c200000, 0x000000008c200000|100%| E|CS|TAMS 0x000000008c100000, 0x000000008c100000| Complete 
| 194|0x000000008c200000, 0x000000008c300000, 0x000000008c300000|100%| E|CS|TAMS 0x000000008c200000, 0x000000008c200000| Complete 
| 195|0x000000008c300000, 0x000000008c400000, 0x000000008c400000|100%| E|CS|TAMS 0x000000008c300000, 0x000000008c300000| Complete 
| 196|0x000000008c400000, 0x000000008c500000, 0x000000008c500000|100%| E|CS|TAMS 0x000000008c400000, 0x000000008c400000| Complete 
| 197|0x000000008c500000, 0x000000008c600000, 0x000000008c600000|100%| E|CS|TAMS 0x000000008c500000, 0x000000008c500000| Complete 
| 198|0x000000008c600000, 0x000000008c700000, 0x000000008c700000|100%| E|CS|TAMS 0x000000008c600000, 0x000000008c600000| Complete 
| 199|0x000000008c700000, 0x000000008c800000, 0x000000008c800000|100%| E|CS|TAMS 0x000000008c700000, 0x000000008c700000| Complete 
| 200|0x000000008c800000, 0x000000008c900000, 0x000000008c900000|100%| E|CS|TAMS 0x000000008c800000, 0x000000008c800000| Complete 
| 201|0x000000008c900000, 0x000000008ca00000, 0x000000008ca00000|100%| E|CS|TAMS 0x000000008c900000, 0x000000008c900000| Complete 
| 202|0x000000008ca00000, 0x000000008cb00000, 0x000000008cb00000|100%| E|CS|TAMS 0x000000008ca00000, 0x000000008ca00000| Complete 
| 203|0x000000008cb00000, 0x000000008cc00000, 0x000000008cc00000|100%| E|CS|TAMS 0x000000008cb00000, 0x000000008cb00000| Complete 
| 204|0x000000008cc00000, 0x000000008cd00000, 0x000000008cd00000|100%| E|CS|TAMS 0x000000008cc00000, 0x000000008cc00000| Complete 
| 205|0x000000008cd00000, 0x000000008ce00000, 0x000000008ce00000|100%| E|CS|TAMS 0x000000008cd00000, 0x000000008cd00000| Complete 
| 206|0x000000008ce00000, 0x000000008cf00000, 0x000000008cf00000|100%| E|CS|TAMS 0x000000008ce00000, 0x000000008ce00000| Complete 
| 207|0x000000008cf00000, 0x000000008d000000, 0x000000008d000000|100%| E|CS|TAMS 0x000000008cf00000, 0x000000008cf00000| Complete 
| 208|0x000000008d000000, 0x000000008d100000, 0x000000008d100000|100%| E|CS|TAMS 0x000000008d000000, 0x000000008d000000| Complete 
| 209|0x000000008d100000, 0x000000008d200000, 0x000000008d200000|100%| E|CS|TAMS 0x000000008d100000, 0x000000008d100000| Complete 
| 210|0x000000008d200000, 0x000000008d300000, 0x000000008d300000|100%| E|CS|TAMS 0x000000008d200000, 0x000000008d200000| Complete 
| 211|0x000000008d300000, 0x000000008d400000, 0x000000008d400000|100%| E|CS|TAMS 0x000000008d300000, 0x000000008d300000| Complete 
| 212|0x000000008d400000, 0x000000008d500000, 0x000000008d500000|100%| E|CS|TAMS 0x000000008d400000, 0x000000008d400000| Complete 
| 213|0x000000008d500000, 0x000000008d600000, 0x000000008d600000|100%| E|CS|TAMS 0x000000008d500000, 0x000000008d500000| Complete 
| 214|0x000000008d600000, 0x000000008d700000, 0x000000008d700000|100%| E|CS|TAMS 0x000000008d600000, 0x000000008d600000| Complete 
| 215|0x000000008d700000, 0x000000008d800000, 0x000000008d800000|100%| E|CS|TAMS 0x000000008d700000, 0x000000008d700000| Complete 
| 216|0x000000008d800000, 0x000000008d900000, 0x000000008d900000|100%| E|CS|TAMS 0x000000008d800000, 0x000000008d800000| Complete 
| 217|0x000000008d900000, 0x000000008da00000, 0x000000008da00000|100%| E|CS|TAMS 0x000000008d900000, 0x000000008d900000| Complete 
| 218|0x000000008da00000, 0x000000008db00000, 0x000000008db00000|100%| E|CS|TAMS 0x000000008da00000, 0x000000008da00000| Complete 
| 219|0x000000008db00000, 0x000000008dc00000, 0x000000008dc00000|100%| E|CS|TAMS 0x000000008db00000, 0x000000008db00000| Complete 
| 220|0x000000008dc00000, 0x000000008dd00000, 0x000000008dd00000|100%| E|CS|TAMS 0x000000008dc00000, 0x000000008dc00000| Complete 
| 221|0x000000008dd00000, 0x000000008de00000, 0x000000008de00000|100%| E|CS|TAMS 0x000000008dd00000, 0x000000008dd00000| Complete 
| 222|0x000000008de00000, 0x000000008df00000, 0x000000008df00000|100%| E|CS|TAMS 0x000000008de00000, 0x000000008de00000| Complete 
| 223|0x000000008df00000, 0x000000008e000000, 0x000000008e000000|100%| E|CS|TAMS 0x000000008df00000, 0x000000008df00000| Complete 
| 224|0x000000008e000000, 0x000000008e100000, 0x000000008e100000|100%| E|CS|TAMS 0x000000008e000000, 0x000000008e000000| Complete 
| 225|0x000000008e100000, 0x000000008e200000, 0x000000008e200000|100%| E|CS|TAMS 0x000000008e100000, 0x000000008e100000| Complete 
| 226|0x000000008e200000, 0x000000008e300000, 0x000000008e300000|100%| E|CS|TAMS 0x000000008e200000, 0x000000008e200000| Complete 
| 227|0x000000008e300000, 0x000000008e400000, 0x000000008e400000|100%| E|CS|TAMS 0x000000008e300000, 0x000000008e300000| Complete 
| 228|0x000000008e400000, 0x000000008e500000, 0x000000008e500000|100%| E|CS|TAMS 0x000000008e400000, 0x000000008e400000| Complete 
| 229|0x000000008e500000, 0x000000008e600000, 0x000000008e600000|100%| E|CS|TAMS 0x000000008e500000, 0x000000008e500000| Complete 
| 230|0x000000008e600000, 0x000000008e700000, 0x000000008e700000|100%| E|CS|TAMS 0x000000008e600000, 0x000000008e600000| Complete 
| 231|0x000000008e700000, 0x000000008e800000, 0x000000008e800000|100%| E|CS|TAMS 0x000000008e700000, 0x000000008e700000| Complete 
| 232|0x000000008e800000, 0x000000008e900000, 0x000000008e900000|100%| E|CS|TAMS 0x000000008e800000, 0x000000008e800000| Complete 
| 233|0x000000008e900000, 0x000000008ea00000, 0x000000008ea00000|100%| E|CS|TAMS 0x000000008e900000, 0x000000008e900000| Complete 
| 234|0x000000008ea00000, 0x000000008eb00000, 0x000000008eb00000|100%| E|CS|TAMS 0x000000008ea00000, 0x000000008ea00000| Complete 
| 235|0x000000008eb00000, 0x000000008ec00000, 0x000000008ec00000|100%| E|CS|TAMS 0x000000008eb00000, 0x000000008eb00000| Complete 
| 236|0x000000008ec00000, 0x000000008ed00000, 0x000000008ed00000|100%| E|CS|TAMS 0x000000008ec00000, 0x000000008ec00000| Complete 
| 237|0x000000008ed00000, 0x000000008ee00000, 0x000000008ee00000|100%| E|CS|TAMS 0x000000008ed00000, 0x000000008ed00000| Complete 
| 238|0x000000008ee00000, 0x000000008ef00000, 0x000000008ef00000|100%| E|CS|TAMS 0x000000008ee00000, 0x000000008ee00000| Complete 
| 239|0x000000008ef00000, 0x000000008f000000, 0x000000008f000000|100%| E|CS|TAMS 0x000000008ef00000, 0x000000008ef00000| Complete 
| 240|0x000000008f000000, 0x000000008f100000, 0x000000008f100000|100%| E|CS|TAMS 0x000000008f000000, 0x000000008f000000| Complete 
| 241|0x000000008f100000, 0x000000008f200000, 0x000000008f200000|100%| E|CS|TAMS 0x000000008f100000, 0x000000008f100000| Complete 
| 242|0x000000008f200000, 0x000000008f300000, 0x000000008f300000|100%| E|CS|TAMS 0x000000008f200000, 0x000000008f200000| Complete 
| 243|0x000000008f300000, 0x000000008f400000, 0x000000008f400000|100%| E|CS|TAMS 0x000000008f300000, 0x000000008f300000| Complete 
| 244|0x000000008f400000, 0x000000008f500000, 0x000000008f500000|100%| E|CS|TAMS 0x000000008f400000, 0x000000008f400000| Complete 
| 245|0x000000008f500000, 0x000000008f600000, 0x000000008f600000|100%| E|CS|TAMS 0x000000008f500000, 0x000000008f500000| Complete 
| 246|0x000000008f600000, 0x000000008f700000, 0x000000008f700000|100%| E|CS|TAMS 0x000000008f600000, 0x000000008f600000| Complete 
| 247|0x000000008f700000, 0x000000008f800000, 0x000000008f800000|100%| E|CS|TAMS 0x000000008f700000, 0x000000008f700000| Complete 
| 248|0x000000008f800000, 0x000000008f900000, 0x000000008f900000|100%| E|CS|TAMS 0x000000008f800000, 0x000000008f800000| Complete 
| 249|0x000000008f900000, 0x000000008fa00000, 0x000000008fa00000|100%| E|CS|TAMS 0x000000008f900000, 0x000000008f900000| Complete 
| 250|0x000000008fa00000, 0x000000008fb00000, 0x000000008fb00000|100%| E|CS|TAMS 0x000000008fa00000, 0x000000008fa00000| Complete 
| 251|0x000000008fb00000, 0x000000008fc00000, 0x000000008fc00000|100%| E|CS|TAMS 0x000000008fb00000, 0x000000008fb00000| Complete 
| 252|0x000000008fc00000, 0x000000008fd00000, 0x000000008fd00000|100%| E|CS|TAMS 0x000000008fc00000, 0x000000008fc00000| Complete 
| 253|0x000000008fd00000, 0x000000008fe00000, 0x000000008fe00000|100%| E|CS|TAMS 0x000000008fd00000, 0x000000008fd00000| Complete 

Card table byte_map: [0x000002adb6870000,0x000002adb6c70000] _byte_map_base: 0x000002adb6470000

Marking Bits (Prev, Next): (CMBitMap*) 0x000002ada1741808, (CMBitMap*) 0x000002ada1741840
 Prev Bits: [0x000002adb7070000, 0x000002adb9070000)
 Next Bits: [0x000002adb9070000, 0x000002adbb070000)

Polling page: 0x000002ada17d0000

Metaspace:

Usage:
  Non-class:     79.55 MB capacity,    78.00 MB ( 98%) used,     1.25 MB (  2%) free+waste,   305.81 KB ( <1%) overhead. 
      Class:     12.58 MB capacity,    11.58 MB ( 92%) used,   885.08 KB (  7%) free+waste,   140.19 KB (  1%) overhead. 
       Both:     92.13 MB capacity,    89.58 MB ( 97%) used,     2.12 MB (  2%) free+waste,   446.00 KB ( <1%) overhead. 

Virtual space:
  Non-class space:       80.00 MB reserved,      79.63 MB (>99%) committed 
      Class space:        1.00 GB reserved,      12.65 MB (  1%) committed 
             Both:        1.08 GB reserved,      92.28 MB (  8%) committed 

Chunk freelists:
   Non-Class:  14.00 KB
       Class:  17.00 KB
        Both:  31.00 KB

MaxMetaspaceSize: 17179869184.00 GB
CompressedClassSpaceSize: 1.00 GB
Initial GC threshold: 20.80 MB
Current GC threshold: 127.55 MB
CDS: off

CodeHeap 'non-profiled nmethods': size=120000Kb used=7111Kb max_used=7111Kb free=112888Kb
 bounds [0x000002adae4d0000, 0x000002adaebd0000, 0x000002adb5a00000]
CodeHeap 'profiled nmethods': size=120000Kb used=23430Kb max_used=23430Kb free=96569Kb
 bounds [0x000002ada6fa0000, 0x000002ada8690000, 0x000002adae4d0000]
CodeHeap 'non-nmethods': size=5760Kb used=2393Kb max_used=2445Kb free=3366Kb
 bounds [0x000002ada6a00000, 0x000002ada6c70000, 0x000002ada6fa0000]
 total_blobs=11875 nmethods=10967 adapters=820
 compilation: enabled
              stopped_count=0, restarted_count=0
 full_count=0

Compilation events (20 events):
Event: 13.671 Thread 0x000002adbe438800 nmethod 10936 0x000002adaebbcd10 code [0x000002adaebbcec0, 0x000002adaebbcf78]
Event: 13.672 Thread 0x000002adbe438800 10956   !   3       java.nio.DirectByteBuffer::get (151 bytes)
Event: 13.673 Thread 0x000002adbe438800 nmethod 10956 0x000002ada866f090 code [0x000002ada866f3c0, 0x000002ada8670328]
Event: 13.673 Thread 0x000002adbe438800 10965       3       org.gradle.cache.internal.btree.CachingBlockStore::flush (63 bytes)
Event: 13.674 Thread 0x000002adbe438800 nmethod 10965 0x000002ada8670b10 code [0x000002ada8670d40, 0x000002ada8671528]
Event: 13.674 Thread 0x000002adbe438800 10958       3       org.gradle.cache.internal.btree.FreeListBlockStore::write (16 bytes)
Event: 13.675 Thread 0x000002adbe438800 nmethod 10958 0x000002ada8671790 code [0x000002ada8671980, 0x000002ada8671d48]
Event: 13.675 Thread 0x000002adbe438800 10959       3       org.gradle.cache.internal.btree.FreeListBlockStore::attach (22 bytes)
Event: 13.675 Thread 0x000002adbea3e000 nmethod 10940 0x000002adaebbd010 code [0x000002adaebbd1e0, 0x000002adaebbd728]
Event: 13.675 Thread 0x000002adbea3e000 10952       4       com.google.common.base.Ticker$1::read (4 bytes)
Event: 13.675 Thread 0x000002adbe438800 nmethod 10959 0x000002ada8671f10 code [0x000002ada86720e0, 0x000002ada8672398]
Event: 13.675 Thread 0x000002adbe438800 10960       3       org.gradle.cache.internal.btree.CachingBlockStore::attach (11 bytes)
Event: 13.675 Thread 0x000002adbe438800 nmethod 10960 0x000002ada8672510 code [0x000002ada86726c0, 0x000002ada8672888]
Event: 13.675 Thread 0x000002adbe438800 10961       3       org.gradle.cache.internal.btree.FreeListBlockStore$FreeListBlock::alloc (240 bytes)
Event: 13.676 Thread 0x000002adbea3e000 nmethod 10952 0x000002adaebbdb90 code [0x000002adaebbdd20, 0x000002adaebbdd98]
Event: 13.676 Thread 0x000002adbea3e000 10947       4       java.util.ArrayDeque::removeLast (19 bytes)
Event: 13.678 Thread 0x000002adbe438800 nmethod 10961 0x000002ada8672990 code [0x000002ada8672ce0, 0x000002ada86741b8]
Event: 13.678 Thread 0x000002adbe438800 10962       3       org.gradle.cache.internal.btree.FileBackedBlockStore$BlockImpl::hasPos (13 bytes)
Event: 13.678 Thread 0x000002adbe438800 nmethod 10962 0x000002ada8674810 code [0x000002ada86749c0, 0x000002ada8674b18]
Event: 13.678 Thread 0x000002adbe438800 10963       3       org.gradle.cache.internal.btree.CachingBlockStore::write (31 bytes)

GC Heap History (20 events):
Event: 2.849 GC heap before
{Heap before GC invocations=3 (full 0):
 garbage-first heap   total 260096K, used 46014K [0x0000000080000000, 0x0000000100000000)
  region size 1024K, 39 young (39936K), 11 survivors (11264K)
 Metaspace       used 23775K, capacity 24294K, committed 24444K, reserved 1071104K
  class space    used 3003K, capacity 3195K, committed 3276K, reserved 1048576K
}
Event: 2.856 GC heap after
{Heap after GC invocations=4 (full 0):
 garbage-first heap   total 260096K, used 18033K [0x0000000080000000, 0x0000000100000000)
  region size 1024K, 2 young (2048K), 2 survivors (2048K)
 Metaspace       used 23775K, capacity 24294K, committed 24444K, reserved 1071104K
  class space    used 3003K, capacity 3195K, committed 3276K, reserved 1048576K
}
Event: 3.759 GC heap before
{Heap before GC invocations=4 (full 0):
 garbage-first heap   total 260096K, used 94833K [0x0000000080000000, 0x0000000100000000)
  region size 1024K, 77 young (78848K), 2 survivors (2048K)
 Metaspace       used 31472K, capacity 32190K, committed 32380K, reserved 1077248K
  class space    used 4205K, capacity 4495K, committed 4556K, reserved 1048576K
}
Event: 3.763 GC heap after
{Heap after GC invocations=5 (full 0):
 garbage-first heap   total 260096K, used 20053K [0x0000000080000000, 0x0000000100000000)
  region size 1024K, 4 young (4096K), 4 survivors (4096K)
 Metaspace       used 31472K, capacity 32190K, committed 32380K, reserved 1077248K
  class space    used 4205K, capacity 4495K, committed 4556K, reserved 1048576K
}
Event: 4.068 GC heap before
{Heap before GC invocations=5 (full 0):
 garbage-first heap   total 260096K, used 36437K [0x0000000080000000, 0x0000000100000000)
  region size 1024K, 21 young (21504K), 4 survivors (4096K)
 Metaspace       used 35092K, capacity 35954K, committed 36048K, reserved 1081344K
  class space    used 4572K, capacity 4921K, committed 4940K, reserved 1048576K
}
Event: 4.077 GC heap after
{Heap after GC invocations=6 (full 0):
 garbage-first heap   total 260096K, used 22081K [0x0000000080000000, 0x0000000100000000)
  region size 1024K, 6 young (6144K), 6 survivors (6144K)
 Metaspace       used 35092K, capacity 35954K, committed 36048K, reserved 1081344K
  class space    used 4572K, capacity 4921K, committed 4940K, reserved 1048576K
}
Event: 5.429 GC heap before
{Heap before GC invocations=7 (full 0):
 garbage-first heap   total 260096K, used 137793K [0x0000000080000000, 0x0000000100000000)
  region size 1024K, 116 young (118784K), 6 survivors (6144K)
 Metaspace       used 45399K, capacity 46462K, committed 46620K, reserved 1089536K
  class space    used 5760K, capacity 6187K, committed 6296K, reserved 1048576K
}
Event: 5.448 GC heap after
{Heap after GC invocations=8 (full 0):
 garbage-first heap   total 260096K, used 30215K [0x0000000080000000, 0x0000000100000000)
  region size 1024K, 14 young (14336K), 14 survivors (14336K)
 Metaspace       used 45399K, capacity 46462K, committed 46620K, reserved 1089536K
  class space    used 5760K, capacity 6187K, committed 6296K, reserved 1048576K
}
Event: 6.734 GC heap before
{Heap before GC invocations=9 (full 0):
 garbage-first heap   total 260096K, used 157191K [0x0000000080000000, 0x0000000100000000)
  region size 1024K, 132 young (135168K), 14 survivors (14336K)
 Metaspace       used 51718K, capacity 53039K, committed 53148K, reserved 1095680K
  class space    used 6582K, capacity 7128K, committed 7192K, reserved 1048576K
}
Event: 6.750 GC heap after
{Heap after GC invocations=10 (full 0):
 garbage-first heap   total 260096K, used 46937K [0x0000000080000000, 0x0000000100000000)
  region size 1024K, 17 young (17408K), 17 survivors (17408K)
 Metaspace       used 51718K, capacity 53039K, committed 53148K, reserved 1095680K
  class space    used 6582K, capacity 7128K, committed 7192K, reserved 1048576K
}
Event: 8.405 GC heap before
{Heap before GC invocations=10 (full 0):
 garbage-first heap   total 260096K, used 180057K [0x0000000080000000, 0x0000000100000000)
  region size 1024K, 140 young (143360K), 17 survivors (17408K)
 Metaspace       used 65492K, capacity 67144K, committed 67228K, reserved 1107968K
  class space    used 8277K, capacity 8936K, committed 8984K, reserved 1048576K
}
Event: 8.423 GC heap after
{Heap after GC invocations=11 (full 0):
 garbage-first heap   total 260096K, used 56748K [0x0000000080000000, 0x0000000100000000)
  region size 1024K, 9 young (9216K), 9 survivors (9216K)
 Metaspace       used 65492K, capacity 67144K, committed 67228K, reserved 1107968K
  class space    used 8277K, capacity 8936K, committed 8984K, reserved 1048576K
}
Event: 9.823 GC heap before
{Heap before GC invocations=11 (full 0):
 garbage-first heap   total 260096K, used 181676K [0x0000000080000000, 0x0000000100000000)
  region size 1024K, 131 young (134144K), 9 survivors (9216K)
 Metaspace       used 74535K, capacity 76248K, committed 76572K, reserved 1116160K
  class space    used 9611K, capacity 10315K, committed 10392K, reserved 1048576K
}
Event: 9.834 GC heap after
{Heap after GC invocations=12 (full 0):
 garbage-first heap   total 260096K, used 63180K [0x0000000080000000, 0x0000000100000000)
  region size 1024K, 16 young (16384K), 16 survivors (16384K)
 Metaspace       used 74535K, capacity 76248K, committed 76572K, reserved 1116160K
  class space    used 9611K, capacity 10315K, committed 10392K, reserved 1048576K
}
Event: 10.105 GC heap before
{Heap before GC invocations=12 (full 0):
 garbage-first heap   total 260096K, used 81612K [0x0000000080000000, 0x0000000100000000)
  region size 1024K, 35 young (35840K), 16 survivors (16384K)
 Metaspace       used 76152K, capacity 77966K, committed 78108K, reserved 1116160K
  class space    used 9814K, capacity 10518K, committed 10648K, reserved 1048576K
}
Event: 10.128 GC heap after
{Heap after GC invocations=13 (full 0):
 garbage-first heap   total 260096K, used 65447K [0x0000000080000000, 0x0000000100000000)
  region size 1024K, 10 young (10240K), 10 survivors (10240K)
 Metaspace       used 76152K, capacity 77966K, committed 78108K, reserved 1116160K
  class space    used 9814K, capacity 10518K, committed 10648K, reserved 1048576K
}
Event: 11.661 GC heap before
{Heap before GC invocations=14 (full 0):
 garbage-first heap   total 260096K, used 191399K [0x0000000080000000, 0x0000000100000000)
  region size 1024K, 133 young (136192K), 10 survivors (10240K)
 Metaspace       used 85467K, capacity 87595K, committed 87836K, reserved 1126400K
  class space    used 11084K, capacity 11872K, committed 11928K, reserved 1048576K
}
Event: 11.675 GC heap after
{Heap after GC invocations=15 (full 0):
 garbage-first heap   total 260096K, used 74046K [0x0000000080000000, 0x0000000100000000)
  region size 1024K, 17 young (17408K), 17 survivors (17408K)
 Metaspace       used 85467K, capacity 87595K, committed 87836K, reserved 1126400K
  class space    used 11084K, capacity 11872K, committed 11928K, reserved 1048576K
}
Event: 12.790 GC heap before
{Heap before GC invocations=15 (full 0):
 garbage-first heap   total 260096K, used 196926K [0x0000000080000000, 0x0000000100000000)
  region size 1024K, 138 young (141312K), 17 survivors (17408K)
 Metaspace       used 89835K, capacity 92306K, committed 92444K, reserved 1128448K
  class space    used 11647K, capacity 12575K, committed 12696K, reserved 1048576K
}
Event: 12.815 GC heap after
{Heap after GC invocations=16 (full 0):
 garbage-first heap   total 260096K, used 88785K [0x0000000080000000, 0x0000000100000000)
  region size 1024K, 15 young (15360K), 15 survivors (15360K)
 Metaspace       used 89835K, capacity 92306K, committed 92444K, reserved 1128448K
  class space    used 11647K, capacity 12575K, committed 12696K, reserved 1048576K
}

Deoptimization events (20 events):
Event: 13.667 Thread 0x000002adbeb77000 Uncommon trap: trap_request=0xffffffde fr.pc=0x000002adaeb50524 relative=0x0000000000000264
Event: 13.667 Thread 0x000002adbeb77000 Uncommon trap: reason=class_check action=maybe_recompile pc=0x000002adaeb50524 method=java.util.concurrent.ConcurrentHashMap.get(Ljava/lang/Object;)Ljava/lang/Object; @ 93 c2
Event: 13.667 Thread 0x000002adc0edc000 Uncommon trap: trap_request=0xffffff4d fr.pc=0x000002adae58bf04 relative=0x0000000000001224
Event: 13.667 Thread 0x000002adbeb77000 DEOPT PACKING pc=0x000002adaeb50524 sp=0x000000b0250fde90
Event: 13.667 Thread 0x000002adbeb76000 Uncommon trap: trap_request=0xffffffde fr.pc=0x000002adaeb50524 relative=0x0000000000000264
Event: 13.667 Thread 0x000002adbeb77000 DEOPT UNPACKING pc=0x000002ada6a085af sp=0x000000b0250fdde8 mode 2
Event: 13.667 Thread 0x000002adc0edc000 Uncommon trap: reason=unstable_if action=reinterpret pc=0x000002adae58bf04 method=java.util.concurrent.ConcurrentHashMap.transfer([Ljava/util/concurrent/ConcurrentHashMap$Node;[Ljava/util/concurrent/ConcurrentHashMap$Node;)V @ 273 c2
Event: 13.667 Thread 0x000002adbeb76000 Uncommon trap: reason=class_check action=maybe_recompile pc=0x000002adaeb50524 method=java.util.concurrent.ConcurrentHashMap.get(Ljava/lang/Object;)Ljava/lang/Object; @ 93 c2
Event: 13.667 Thread 0x000002adc0edc000 DEOPT PACKING pc=0x000002adae58bf04 sp=0x000000b0237fd930
Event: 13.667 Thread 0x000002adc0edc000 DEOPT UNPACKING pc=0x000002ada6a085af sp=0x000000b0237fd8b0 mode 2
Event: 13.667 Thread 0x000002adbeb76000 DEOPT PACKING pc=0x000002adaeb50524 sp=0x000000b0258fdb00
Event: 13.667 Thread 0x000002adbeb76000 DEOPT UNPACKING pc=0x000002ada6a085af sp=0x000000b0258fda58 mode 2
Event: 13.667 Thread 0x000002adc0edc000 Uncommon trap: trap_request=0xffffffde fr.pc=0x000002adaeb50524 relative=0x0000000000000264
Event: 13.668 Thread 0x000002adc0edc000 Uncommon trap: reason=class_check action=maybe_recompile pc=0x000002adaeb50524 method=java.util.concurrent.ConcurrentHashMap.get(Ljava/lang/Object;)Ljava/lang/Object; @ 93 c2
Event: 13.668 Thread 0x000002adc0edc000 DEOPT PACKING pc=0x000002adaeb50524 sp=0x000000b0237fd8b0
Event: 13.668 Thread 0x000002adc0edc000 DEOPT UNPACKING pc=0x000002ada6a085af sp=0x000000b0237fd808 mode 2
Event: 13.668 Thread 0x000002adbea50800 Uncommon trap: trap_request=0xffffffde fr.pc=0x000002adaeb50524 relative=0x0000000000000264
Event: 13.668 Thread 0x000002adbea50800 Uncommon trap: reason=class_check action=maybe_recompile pc=0x000002adaeb50524 method=java.util.concurrent.ConcurrentHashMap.get(Ljava/lang/Object;)Ljava/lang/Object; @ 93 c2
Event: 13.669 Thread 0x000002adbea50800 DEOPT PACKING pc=0x000002adaeb50524 sp=0x000000b0223fdb40
Event: 13.669 Thread 0x000002adbea50800 DEOPT UNPACKING pc=0x000002ada6a085af sp=0x000000b0223fda98 mode 2

Classes redefined (0 events):
No events

Internal exceptions (20 events):
Event: 13.001 Thread 0x000002adc9680800 Exception <a 'java/lang/NoSuchMethodError'{0x000000008e922540}: 'java.lang.Object java.lang.invoke.DirectMethodHandle$Holder.invokeStatic(java.lang.Object, java.lang.Object, java.lang.Object, java.lang.Object, java.lang.Object, java.lang.Object, java.lang.Object, java.lang.Object, java.lang.Object, java.lang.Object, java.lang.Object, java.lang.Object, java.lang.Object, java.lang.Object, java.lang.Object, int)'> (0x000000008e922540) thrown at [src/hotspot/share/interpreter/linkResolver.cpp, line 773]
Event: 13.170 Thread 0x000002adc3c62800 Exception <a 'java/lang/NoSuchMethodError'{0x000000008db13d88}: <clinit>> (0x000000008db13d88) thrown at [src/hotspot/share/prims/jni.cpp, line 1367]
Event: 13.170 Thread 0x000002adc3c62800 Exception <a 'java/lang/NoSuchMethodError'{0x000000008db15540}: <clinit>> (0x000000008db15540) thrown at [src/hotspot/share/prims/jni.cpp, line 1367]
Event: 13.170 Thread 0x000002adc3c62800 Exception <a 'java/lang/NoSuchMethodError'{0x000000008db18b88}: <clinit>> (0x000000008db18b88) thrown at [src/hotspot/share/prims/jni.cpp, line 1367]
Event: 13.171 Thread 0x000002adc3c62800 Exception <a 'java/lang/NoSuchMethodError'{0x000000008db2ffd8}: <clinit>> (0x000000008db2ffd8) thrown at [src/hotspot/share/prims/jni.cpp, line 1367]
Event: 13.171 Thread 0x000002adc3c62800 Exception <a 'java/lang/NoSuchMethodError'{0x000000008db31210}: <clinit>> (0x000000008db31210) thrown at [src/hotspot/share/prims/jni.cpp, line 1367]
Event: 13.459 Thread 0x000002adc3c62800 Exception <a 'java/lang/NoSuchMethodError'{0x000000008c3d55a8}: 'void java.lang.invoke.DirectMethodHandle$Holder.invokeVirtual(java.lang.Object, java.lang.Object)'> (0x000000008c3d55a8) thrown at [src/hotspot/share/interpreter/linkResolver.cpp, line 773]
Event: 13.482 Thread 0x000002adc3c62800 Exception <a 'sun/nio/fs/WindowsException'{0x000000008c2e7ec8}> (0x000000008c2e7ec8) thrown at [src/hotspot/share/prims/jni.cpp, line 617]
Event: 13.482 Thread 0x000002adc3c62800 Exception <a 'sun/nio/fs/WindowsException'{0x000000008c2e8d68}> (0x000000008c2e8d68) thrown at [src/hotspot/share/prims/jni.cpp, line 617]
Event: 13.482 Thread 0x000002adc3c62800 Exception <a 'sun/nio/fs/WindowsException'{0x000000008c2e9100}> (0x000000008c2e9100) thrown at [src/hotspot/share/prims/jni.cpp, line 617]
Event: 13.482 Thread 0x000002adc3c62800 Exception <a 'sun/nio/fs/WindowsException'{0x000000008c2e9f88}> (0x000000008c2e9f88) thrown at [src/hotspot/share/prims/jni.cpp, line 617]
Event: 13.482 Thread 0x000002adc3c62800 Exception <a 'sun/nio/fs/WindowsException'{0x000000008c2ea290}> (0x000000008c2ea290) thrown at [src/hotspot/share/prims/jni.cpp, line 617]
Event: 13.483 Thread 0x000002adc3c62800 Exception <a 'sun/nio/fs/WindowsException'{0x000000008c2eb128}> (0x000000008c2eb128) thrown at [src/hotspot/share/prims/jni.cpp, line 617]
Event: 13.483 Thread 0x000002adc3c62800 Exception <a 'sun/nio/fs/WindowsException'{0x000000008c2eb3d0}> (0x000000008c2eb3d0) thrown at [src/hotspot/share/prims/jni.cpp, line 617]
Event: 13.483 Thread 0x000002adc3c62800 Exception <a 'sun/nio/fs/WindowsException'{0x000000008c2ec238}> (0x000000008c2ec238) thrown at [src/hotspot/share/prims/jni.cpp, line 617]
Event: 13.483 Thread 0x000002adc3c62800 Exception <a 'sun/nio/fs/WindowsException'{0x000000008c2ec4f8}> (0x000000008c2ec4f8) thrown at [src/hotspot/share/prims/jni.cpp, line 617]
Event: 13.509 Thread 0x000002adc3c62800 Exception <a 'java/lang/NoSuchMethodError'{0x000000008c0ded98}: <clinit>> (0x000000008c0ded98) thrown at [src/hotspot/share/prims/jni.cpp, line 1367]
Event: 13.511 Thread 0x000002adc3c62800 Exception <a 'java/lang/NoSuchMethodError'{0x000000008bf12aa0}: <clinit>> (0x000000008bf12aa0) thrown at [src/hotspot/share/prims/jni.cpp, line 1367]
Event: 13.515 Thread 0x000002adc3c62800 Exception <a 'java/lang/NoSuchMethodError'{0x000000008bf40740}: <clinit>> (0x000000008bf40740) thrown at [src/hotspot/share/prims/jni.cpp, line 1367]
Event: 13.516 Thread 0x000002adc3c62800 Exception <a 'java/lang/NoSuchMethodError'{0x000000008bf532c0}: <clinit>> (0x000000008bf532c0) thrown at [src/hotspot/share/prims/jni.cpp, line 1367]

Events (20 events):
Event: 13.645 loading class kotlin/reflect/jvm/internal/impl/name/StandardClassIdsKt
Event: 13.645 loading class kotlin/reflect/jvm/internal/impl/name/StandardClassIdsKt done
Event: 13.651 loading class kotlin/reflect/jvm/internal/impl/builtins/jvm/JavaToKotlinClassMap$PlatformMutabilityMapping
Event: 13.651 loading class kotlin/reflect/jvm/internal/impl/builtins/jvm/JavaToKotlinClassMap$PlatformMutabilityMapping done
Event: 13.653 loading class kotlin/reflect/jvm/internal/impl/builtins/StandardNames$FqNames
Event: 13.653 loading class kotlin/reflect/jvm/internal/impl/builtins/StandardNames$FqNames done
Event: 13.659 loading class kotlin/reflect/jvm/internal/impl/builtins/PrimitiveType
Event: 13.659 loading class kotlin/reflect/jvm/internal/impl/builtins/PrimitiveType done
Event: 13.663 loading class kotlin/reflect/jvm/internal/impl/builtins/PrimitiveType$typeFqName$2
Event: 13.663 loading class kotlin/reflect/jvm/internal/impl/builtins/PrimitiveType$typeFqName$2 done
Event: 13.667 loading class kotlin/reflect/jvm/internal/impl/builtins/PrimitiveType$arrayTypeFqName$2
Event: 13.667 loading class kotlin/reflect/jvm/internal/impl/builtins/PrimitiveType$arrayTypeFqName$2 done
Event: 13.670 loading class kotlin/reflect/jvm/internal/impl/builtins/PrimitiveType$Companion
Event: 13.670 loading class kotlin/reflect/jvm/internal/impl/builtins/PrimitiveType$Companion done
Event: 13.672 loading class kotlin/reflect/jvm/internal/impl/utils/CollectionsKt
Event: 13.672 loading class kotlin/reflect/jvm/internal/impl/utils/CollectionsKt done
Event: 13.673 loading class kotlin/reflect/jvm/internal/impl/name/FqNamesUtilKt
Event: 13.673 loading class kotlin/reflect/jvm/internal/impl/name/FqNamesUtilKt done
Event: 13.676 loading class kotlin/reflect/jvm/internal/impl/resolve/jvm/JvmPrimitiveType
Event: 13.676 loading class kotlin/reflect/jvm/internal/impl/resolve/jvm/JvmPrimitiveType done


Dynamic libraries:
0x00007ff7f3710000 - 0x00007ff7f371a000 	C:\Program Files\Android\Android Studio\jbr\bin\java.exe
0x00007ffbbc8b0000 - 0x00007ffbbcac4000 	C:\WINDOWS\SYSTEM32\ntdll.dll
0x00007ffbbb630000 - 0x00007ffbbb6f3000 	C:\WINDOWS\System32\KERNEL32.DLL
0x00007ffbba020000 - 0x00007ffbba3bc000 	C:\WINDOWS\System32\KERNELBASE.dll
0x00007ffbb9d40000 - 0x00007ffbb9e51000 	C:\WINDOWS\System32\ucrtbase.dll
0x00007ffb79af0000 - 0x00007ffb79b07000 	C:\Program Files\Android\Android Studio\jbr\bin\jli.dll
0x00007ffb71c70000 - 0x00007ffb71c8b000 	C:\Program Files\Android\Android Studio\jbr\bin\VCRUNTIME140.dll
0x00007ffbbc690000 - 0x00007ffbbc83d000 	C:\WINDOWS\System32\USER32.dll
0x00007ffb9a9e0000 - 0x00007ffb9ac6e000 	C:\WINDOWS\WinSxS\amd64_microsoft.windows.common-controls_6595b64144ccf1df_6.0.22621.608_none_a9444ca7c10bb01d\COMCTL32.dll
0x00007ffbba530000 - 0x00007ffbba556000 	C:\WINDOWS\System32\win32u.dll
0x00007ffbbb920000 - 0x00007ffbbb9c7000 	C:\WINDOWS\System32\msvcrt.dll
0x00007ffbbb480000 - 0x00007ffbbb4a9000 	C:\WINDOWS\System32\GDI32.dll
0x00007ffbb9e60000 - 0x00007ffbb9f73000 	C:\WINDOWS\System32\gdi32full.dll
0x00007ffbb9f80000 - 0x00007ffbba01a000 	C:\WINDOWS\System32\msvcp_win.dll
0x00007ffbba910000 - 0x00007ffbba941000 	C:\WINDOWS\System32\IMM32.DLL
0x00007ffb79d70000 - 0x00007ffb79d7c000 	C:\Program Files\Android\Android Studio\jbr\bin\vcruntime140_1.dll
0x00007ffb62330000 - 0x00007ffb623bd000 	C:\Program Files\Android\Android Studio\jbr\bin\msvcp140.dll
0x00007ffb06e00000 - 0x00007ffb079bc000 	C:\Program Files\Android\Android Studio\jbr\bin\server\jvm.dll
0x00007ffbba690000 - 0x00007ffbba73e000 	C:\WINDOWS\System32\ADVAPI32.dll
0x00007ffbbb160000 - 0x00007ffbbb204000 	C:\WINDOWS\System32\sechost.dll
0x00007ffbbb9d0000 - 0x00007ffbbbae5000 	C:\WINDOWS\System32\RPCRT4.dll
0x00007ffbbc030000 - 0x00007ffbbc038000 	C:\WINDOWS\System32\PSAPI.DLL
0x00007ffb818c0000 - 0x00007ffb818c9000 	C:\WINDOWS\SYSTEM32\WSOCK32.dll
0x00007ffbae510000 - 0x00007ffbae51a000 	C:\WINDOWS\SYSTEM32\VERSION.dll
0x00007ffbbb4b0000 - 0x00007ffbbb521000 	C:\WINDOWS\System32\WS2_32.dll
0x00007ffbb02f0000 - 0x00007ffbb0324000 	C:\WINDOWS\SYSTEM32\WINMM.dll
0x00007ffbb8de0000 - 0x00007ffbb8df8000 	C:\WINDOWS\SYSTEM32\kernel.appcore.dll
0x00007ffbb6590000 - 0x00007ffbb65a0000 	C:\Program Files\Android\Android Studio\jbr\bin\verify.dll
0x00007ffbb7650000 - 0x00007ffbb787e000 	C:\WINDOWS\SYSTEM32\DBGHELP.DLL
0x00007ffbbbaf0000 - 0x00007ffbbbe79000 	C:\WINDOWS\System32\combase.dll
0x00007ffbbb210000 - 0x00007ffbbb2e7000 	C:\WINDOWS\System32\OLEAUT32.dll
0x00007ffb97f30000 - 0x00007ffb97f62000 	C:\WINDOWS\SYSTEM32\dbgcore.DLL
0x00007ffbb9cc0000 - 0x00007ffbb9d3b000 	C:\WINDOWS\System32\bcryptPrimitives.dll
0x00007ffbb6500000 - 0x00007ffbb6528000 	C:\Program Files\Android\Android Studio\jbr\bin\java.dll
0x00007ffbb64f0000 - 0x00007ffbb64fa000 	C:\Program Files\Android\Android Studio\jbr\bin\jimage.dll
0x00007ffb9d260000 - 0x00007ffb9d278000 	C:\Program Files\Android\Android Studio\jbr\bin\zip.dll
0x00007ffbba970000 - 0x00007ffbbb160000 	C:\WINDOWS\System32\SHELL32.dll
0x00007ffbb7c80000 - 0x00007ffbb854e000 	C:\WINDOWS\SYSTEM32\windows.storage.dll
0x00007ffbb7b40000 - 0x00007ffbb7c7e000 	C:\WINDOWS\SYSTEM32\wintypes.dll
0x00007ffbbb380000 - 0x00007ffbbb471000 	C:\WINDOWS\System32\SHCORE.dll
0x00007ffbbc630000 - 0x00007ffbbc68e000 	C:\WINDOWS\System32\shlwapi.dll
0x00007ffbb9bf0000 - 0x00007ffbb9c11000 	C:\WINDOWS\SYSTEM32\profapi.dll
0x00007ffb9d240000 - 0x00007ffb9d259000 	C:\Program Files\Android\Android Studio\jbr\bin\net.dll
0x00007ffbb4410000 - 0x00007ffbb453f000 	C:\WINDOWS\SYSTEM32\WINHTTP.dll
0x00007ffbb9270000 - 0x00007ffbb92d9000 	C:\WINDOWS\system32\mswsock.dll
0x00007ffb9bd20000 - 0x00007ffb9bd33000 	C:\Program Files\Android\Android Studio\jbr\bin\nio.dll
0x00007ffb722b0000 - 0x00007ffb722d7000 	C:\Users\hp\.gradle\native\e1d6ef7f7dcc3fd88c89a11ec53ec762bb8ba0a96d01ffa2cd45eb1d1d8dd5c5\windows-amd64\native-platform.dll
0x00007ffb5f510000 - 0x00007ffb5f654000 	C:\Users\hp\.gradle\native\0d407fdbe67a94daf76414ababcb853783967236a71b16ec16e742cd7a986fd3\windows-amd64\native-platform-file-events.dll
0x00007ffbb64e0000 - 0x00007ffbb64ea000 	C:\Program Files\Android\Android Studio\jbr\bin\management.dll
0x00007ffb9d680000 - 0x00007ffb9d68b000 	C:\Program Files\Android\Android Studio\jbr\bin\management_ext.dll
0x00007ffbb94d0000 - 0x00007ffbb94eb000 	C:\WINDOWS\SYSTEM32\CRYPTSP.dll
0x00007ffbb8cc0000 - 0x00007ffbb8cf5000 	C:\WINDOWS\system32\rsaenh.dll
0x00007ffbb9370000 - 0x00007ffbb9398000 	C:\WINDOWS\SYSTEM32\USERENV.dll
0x00007ffbb9670000 - 0x00007ffbb9698000 	C:\WINDOWS\SYSTEM32\bcrypt.dll
0x00007ffbb94f0000 - 0x00007ffbb94fc000 	C:\WINDOWS\SYSTEM32\CRYPTBASE.dll
0x00007ffbb87a0000 - 0x00007ffbb87cd000 	C:\WINDOWS\SYSTEM32\IPHLPAPI.DLL
0x00007ffbbbe80000 - 0x00007ffbbbe89000 	C:\WINDOWS\System32\NSI.dll
0x00007ffbb0be0000 - 0x00007ffbb0bf9000 	C:\WINDOWS\SYSTEM32\dhcpcsvc6.DLL
0x00007ffbb0ba0000 - 0x00007ffbb0bbf000 	C:\WINDOWS\SYSTEM32\dhcpcsvc.DLL
0x00007ffbb8810000 - 0x00007ffbb8903000 	C:\WINDOWS\SYSTEM32\DNSAPI.dll

dbghelp: loaded successfully - version: 4.0.5 - missing functions: none
symbol engine: initialized successfully - sym options: 0x614 - pdb path: .;C:\Program Files\Android\Android Studio\jbr\bin;C:\WINDOWS\SYSTEM32;C:\WINDOWS\WinSxS\amd64_microsoft.windows.common-controls_6595b64144ccf1df_6.0.22621.608_none_a9444ca7c10bb01d;C:\Program Files\Android\Android Studio\jbr\bin\server;C:\Users\hp\.gradle\native\e1d6ef7f7dcc3fd88c89a11ec53ec762bb8ba0a96d01ffa2cd45eb1d1d8dd5c5\windows-amd64;C:\Users\hp\.gradle\native\0d407fdbe67a94daf76414ababcb853783967236a71b16ec16e742cd7a986fd3\windows-amd64

VM Arguments:
jvm_args: --add-opens=java.base/java.util=ALL-UNNAMED --add-opens=java.base/java.lang=ALL-UNNAMED --add-opens=java.base/java.lang.invoke=ALL-UNNAMED --add-opens=java.base/java.util=ALL-UNNAMED --add-opens=java.prefs/java.util.prefs=ALL-UNNAMED --add-opens=java.prefs/java.util.prefs=ALL-UNNAMED --add-opens=java.base/java.nio.charset=ALL-UNNAMED --add-opens=java.base/java.net=ALL-UNNAMED --add-opens=java.base/java.util.concurrent.atomic=ALL-UNNAMED -Xmx2048m -Dfile.encoding=UTF-8 -Duser.country=IN -Duser.language=en -Duser.variant 
java_command: org.gradle.launcher.daemon.bootstrap.GradleDaemon 7.5
java_class_path (initial): C:\Users\hp\.gradle\wrapper\dists\gradle-7.5-bin\f1w0cc9nuo0eivz97x2xlu9sv\gradle-7.5\lib\gradle-launcher-7.5.jar
Launcher Type: SUN_STANDARD

[Global flags]
     intx CICompilerCount                          = 4                                         {product} {ergonomic}
     uint ConcGCThreads                            = 2                                         {product} {ergonomic}
     uint G1ConcRefinementThreads                  = 8                                         {product} {ergonomic}
   size_t G1HeapRegionSize                         = 1048576                                   {product} {ergonomic}
    uintx GCDrainStackTargetSize                   = 64                                        {product} {ergonomic}
   size_t InitialHeapSize                          = 266338304                                 {product} {ergonomic}
   size_t MarkStackSize                            = 4194304                                   {product} {ergonomic}
   size_t MaxHeapSize                              = 2147483648                                {product} {command line}
   size_t MaxNewSize                               = 1287651328                                {product} {ergonomic}
   size_t MinHeapDeltaBytes                        = 1048576                                   {product} {ergonomic}
    uintx NonNMethodCodeHeapSize                   = 5836300                                {pd product} {ergonomic}
    uintx NonProfiledCodeHeapSize                  = 122910970                              {pd product} {ergonomic}
    uintx ProfiledCodeHeapSize                     = 122910970                              {pd product} {ergonomic}
    uintx ReservedCodeCacheSize                    = 251658240                              {pd product} {ergonomic}
     bool SegmentedCodeCache                       = true                                      {product} {ergonomic}
     bool UseCompressedClassPointers               = true                                 {lp64_product} {ergonomic}
     bool UseCompressedOops                        = true                                 {lp64_product} {ergonomic}
     bool UseG1GC                                  = true                                      {product} {ergonomic}
     bool UseLargePagesIndividualAllocation        = false                                  {pd product} {ergonomic}

Logging:
Log output configuration:
 #0: stdout all=warning uptime,level,tags
 #1: stderr all=off uptime,level,tags

Environment Variables:
JAVA_HOME=C:\Program Files\Java\jdk-15.0.2
PATH=E:\DevSuiteHome_1\jdk\jre\bin\client;E:\DevSuiteHome_1\jlib;E:\DevSuiteHome_1\bin;E:\DevSuiteHome_1\jre\1.4.2\bin\client;E:\DevSuiteHome_1\jre\1.4.2\bin;C:\oraclexe\app\oracle\product\11.2.0\server\bin;C:\Oracle\DB\bin;C:\Program Files\Common Files\Oracle\Java\javapath;C:\Program Files (x86)\Common Files\Oracle\Java\javapath;C:\Python39\Scripts\;C:\Python39\;C:\WINDOWS\system32;C:\WINDOWS;C:\WINDOWS\System32\Wbem;C:\WINDOWS\System32\WindowsPowerShell\v1.0\;C:\WINDOWS\System32\OpenSSH\;C:\Program Files\Microsoft SQL Server\130\Tools\Binn\;C:\Program Files\Microsoft SQL Server\Client SDK\ODBC\170\Tools\Binn\;C:\Program Files (x86)\Microsoft SQL Server\150\Tools\Binn\;C:\Program Files\Microsoft SQL Server\150\Tools\Binn\;C:\Program Files\Microsoft SQL Server\150\DTS\Binn\;C:\Program Files (x86)\Microsoft SQL Server\150\DTS\Binn\;C:\Program Files\Azure Data Studio\bin;C:\ProgramData\chocolatey\bin;C:\Program Files\dotnet\;C:\Program Files (x86)\dotnet\;C:\Program Files\nodejs\;C:\Program Files\Git\cmd;C:\Program Files\Azure Data Studio\bin;C:\Users\hp\AppData\Local\Android\Sdk\platform-tools;C:\Program Files\nodejs;C:\Users\hp\.dotnet\tools;C:\Program Files\Java\jdk-16.0.2\bin;C:\Users\hp\AppData\Roaming\npm;C:\Users\hp\AppData\Local\Microsoft\WindowsApps;C:\Users\hp\AppData\Local\Programs\Microsoft VS Code\bin
USERNAME=hp
OS=Windows_NT
PROCESSOR_IDENTIFIER=Intel64 Family 6 Model 140 Stepping 1, GenuineIntel



---------------  S Y S T E M  ---------------

OS: Windows 11 , 64 bit Build 22621 (10.0.22621.1344)
OS uptime: 0 days 7:19 hours
Hyper-V role detected

CPU:total 8 (initial active 8) (4 cores per cpu, 2 threads per core) family 6 model 140 stepping 1 microcode 0xa4, cmov, cx8, fxsr, mmx, sse, sse2, sse3, ssse3, sse4.1, sse4.2, popcnt, avx, avx2, aes, clmul, erms, 3dnowpref, lzcnt, ht, tsc, tscinvbit, bmi1, bmi2, adx, evex, sha, fma

Memory: 4k page, system-wide physical 16149M (836M free)
TotalPageFile size 20149M (AvailPageFile size 5M)
current process WorkingSet (physical memory assigned to process): 502M, peak: 502M
current process commit charge ("private bytes"): 569M, peak: 570M

vm_info: OpenJDK 64-Bit Server VM (11.0.15+0-b2043.56-9505619) for windows-amd64 JRE (11.0.15+0-b2043.56-9505619), built on Jan 19 2023 02:48:00 by "builduser" with unknown MS VC++:1929

END.
